Watching for file changes with StatReloader
[18/Jun/2025 13:49:13] "GET /?id=99aea0f2-c75f-44ef-a234-2b8ca5498576&vscodeBrowserReqId=1750254553697 HTTP/1.1" 200 11593
/Users/tavinsky/lingo_project/entries/translations.py changed, reloading.
Performing system checks...

System check identified no issues (0 silenced).
June 18, 2025 - 13:49:09
Django version 4.2.23, using settings 'lingo_project.settings'
Starting development server at http://127.0.0.1:8000/
Quit the server with CONTROL-C.

Watching for file changes with StatReloader
[18/Jun/2025 13:50:18] "GET / HTTP/1.1" 200 11789
[18/Jun/2025 13:50:26] "GET /signup/ HTTP/1.1" 302 0
[18/Jun/2025 13:50:26] "GET /countries/ HTTP/1.1" 200 56856
[18/Jun/2025 13:50:26] "GET /static/entries/js/admin-editing.js HTTP/1.1" 304 0
Not Found: /admin/entries/admin-check/
[18/Jun/2025 13:50:26] "GET /admin/entries/admin-check/ HTTP/1.1" 404 5392
[18/Jun/2025 13:50:30] "GET /logout/ HTTP/1.1" 302 0
[18/Jun/2025 13:50:31] "GET /countries/ HTTP/1.1" 200 56856
Not Found: /admin/entries/admin-check/
[18/Jun/2025 13:50:31] "GET /admin/entries/admin-check/ HTTP/1.1" 404 5392
[18/Jun/2025 13:50:34] "GET /logout/ HTTP/1.1" 302 0
[18/Jun/2025 13:50:34] "GET /countries/ HTTP/1.1" 200 56856
Not Found: /admin/entries/admin-check/
[18/Jun/2025 13:50:34] "GET /admin/entries/admin-check/ HTTP/1.1" 404 5392
/Users/tavinsky/lingo_project/entries/translations.py changed, reloading.
Performing system checks...

System check identified no issues (0 silenced).
June 18, 2025 - 13:50:09
Django version 4.2.23, using settings 'lingo_project.settings'
Starting development server at http://127.0.0.1:8000/
Quit the server with CONTROL-C.

Watching for file changes with StatReloader
/Users/tavinsky/lingo_project/entries/translations.py changed, reloading.
Performing system checks...

System check identified no issues (0 silenced).
June 18, 2025 - 13:52:06
Django version 4.2.23, using settings 'lingo_project.settings'
Starting development server at http://127.0.0.1:8000/
Quit the server with CONTROL-C.

Watching for file changes with StatReloader
[18/Jun/2025 13:53:02] "GET /?id=99aea0f2-c75f-44ef-a234-2b8ca5498576&vscodeBrowserReqId=1750254782860 HTTP/1.1" 200 11593
[18/Jun/2025 13:53:07] "GET /countries/ HTTP/1.1" 200 58182
Not Found: /admin/entries/admin-check/
[18/Jun/2025 13:53:07] "GET /admin/entries/admin-check/ HTTP/1.1" 404 5392
[18/Jun/2025 13:53:08] "GET /countries/ HTTP/1.1" 200 58182
Not Found: /admin/entries/admin-check/
[18/Jun/2025 13:53:08] "GET /admin/entries/admin-check/ HTTP/1.1" 404 5392
[18/Jun/2025 13:53:12] "POST /logout/ HTTP/1.1" 302 0
[18/Jun/2025 13:53:12] "GET /countries/ HTTP/1.1" 200 58182
Not Found: /admin/entries/admin-check/
[18/Jun/2025 13:53:12] "GET /admin/entries/admin-check/ HTTP/1.1" 404 5392
[18/Jun/2025 13:53:16] "POST /logout/ HTTP/1.1" 302 0
[18/Jun/2025 13:53:16] "GET /countries/ HTTP/1.1" 200 58182
Not Found: /admin/entries/admin-check/
[18/Jun/2025 13:53:16] "GET /admin/entries/admin-check/ HTTP/1.1" 404 5392
[18/Jun/2025 13:53:18] "GET / HTTP/1.1" 200 11789
[18/Jun/2025 13:53:27] "GET /signup/ HTTP/1.1" 302 0
[18/Jun/2025 13:53:27] "GET /countries/ HTTP/1.1" 200 58182
Not Found: /admin/entries/admin-check/
[18/Jun/2025 13:53:27] "GET /admin/entries/admin-check/ HTTP/1.1" 404 5392
/Users/tavinsky/lingo_project/entries/translations.py changed, reloading.
Performing system checks...

System check identified no issues (0 silenced).
June 18, 2025 - 13:52:14
Django version 4.2.23, using settings 'lingo_project.settings'
Starting development server at http://127.0.0.1:8000/
Quit the server with CONTROL-C.

Watching for file changes with StatReloader
/Users/tavinsky/lingo_project/entries/translations.py changed, reloading.
Performing system checks...

System check identified no issues (0 silenced).
June 18, 2025 - 13:55:48
Django version 4.2.23, using settings 'lingo_project.settings'
Starting development server at http://127.0.0.1:8000/
Quit the server with CONTROL-C.

Watching for file changes with StatReloader
[18/Jun/2025 13:57:06] "GET /?id=99aea0f2-c75f-44ef-a234-2b8ca5498576&vscodeBrowserReqId=1750255026398 HTTP/1.1" 200 11593
[18/Jun/2025 13:57:08] "GET /countries/ HTTP/1.1" 200 58656
Not Found: /admin/entries/admin-check/
[18/Jun/2025 13:57:08] "GET /admin/entries/admin-check/ HTTP/1.1" 404 5392
[18/Jun/2025 13:57:09] "GET /countries/ HTTP/1.1" 200 58656
Not Found: /admin/entries/admin-check/
[18/Jun/2025 13:57:09] "GET /admin/entries/admin-check/ HTTP/1.1" 404 5392
[18/Jun/2025 13:57:11] "GET / HTTP/1.1" 200 11789
[18/Jun/2025 13:57:19] "POST /set-language/ HTTP/1.1" 200 39
[18/Jun/2025 13:57:20] "GET /countries/ HTTP/1.1" 200 58656
Not Found: /admin/entries/admin-check/
[18/Jun/2025 13:57:20] "GET /admin/entries/admin-check/ HTTP/1.1" 404 5392
Internal Server Error: /australia/
Traceback (most recent call last):
  File "/Users/tavinsky/lingo_project/lingo_env/lib/python3.9/site-packages/django/template/base.py", line 505, in parse
    compile_func = self.tags[command]
KeyError: 'endif'

During handling of the above exception, another exception occurred:

Traceback (most recent call last):
  File "/Users/tavinsky/lingo_project/lingo_env/lib/python3.9/site-packages/django/core/handlers/exception.py", line 55, in inner
    response = get_response(request)
  File "/Users/tavinsky/lingo_project/lingo_env/lib/python3.9/site-packages/django/core/handlers/base.py", line 197, in _get_response
    response = wrapped_callback(request, *callback_args, **callback_kwargs)
  File "/Users/tavinsky/lingo_project/entries/views.py", line 821, in country_home_view
    return render(request, 'entries/country_home.html', context)
  File "/Users/tavinsky/lingo_project/lingo_env/lib/python3.9/site-packages/django/shortcuts.py", line 24, in render
    content = loader.render_to_string(template_name, context, request, using=using)
  File "/Users/tavinsky/lingo_project/lingo_env/lib/python3.9/site-packages/django/template/loader.py", line 61, in render_to_string
    template = get_template(template_name, using=using)
  File "/Users/tavinsky/lingo_project/lingo_env/lib/python3.9/site-packages/django/template/loader.py", line 15, in get_template
    return engine.get_template(template_name)
  File "/Users/tavinsky/lingo_project/lingo_env/lib/python3.9/site-packages/django/template/backends/django.py", line 33, in get_template
    return Template(self.engine.get_template(template_name), self)
  File "/Users/tavinsky/lingo_project/lingo_env/lib/python3.9/site-packages/django/template/engine.py", line 175, in get_template
    template, origin = self.find_template(template_name)
  File "/Users/tavinsky/lingo_project/lingo_env/lib/python3.9/site-packages/django/template/engine.py", line 157, in find_template
    template = loader.get_template(name, skip=skip)
  File "/Users/tavinsky/lingo_project/lingo_env/lib/python3.9/site-packages/django/template/loaders/cached.py", line 57, in get_template
    template = super().get_template(template_name, skip)
  File "/Users/tavinsky/lingo_project/lingo_env/lib/python3.9/site-packages/django/template/loaders/base.py", line 28, in get_template
    return Template(
  File "/Users/tavinsky/lingo_project/lingo_env/lib/python3.9/site-packages/django/template/base.py", line 154, in __init__
    self.nodelist = self.compile_nodelist()
  File "/Users/tavinsky/lingo_project/lingo_env/lib/python3.9/site-packages/django/template/base.py", line 200, in compile_nodelist
    return parser.parse()
  File "/Users/tavinsky/lingo_project/lingo_env/lib/python3.9/site-packages/django/template/base.py", line 513, in parse
    raise self.error(token, e)
  File "/Users/tavinsky/lingo_project/lingo_env/lib/python3.9/site-packages/django/template/base.py", line 511, in parse
    compiled_result = compile_func(self, token)
  File "/Users/tavinsky/lingo_project/lingo_env/lib/python3.9/site-packages/django/template/loader_tags.py", line 293, in do_extends
    nodelist = parser.parse()
  File "/Users/tavinsky/lingo_project/lingo_env/lib/python3.9/site-packages/django/template/base.py", line 513, in parse
    raise self.error(token, e)
  File "/Users/tavinsky/lingo_project/lingo_env/lib/python3.9/site-packages/django/template/base.py", line 511, in parse
    compiled_result = compile_func(self, token)
  File "/Users/tavinsky/lingo_project/lingo_env/lib/python3.9/site-packages/django/template/loader_tags.py", line 232, in do_block
    nodelist = parser.parse(("endblock",))
  File "/Users/tavinsky/lingo_project/lingo_env/lib/python3.9/site-packages/django/template/base.py", line 507, in parse
    self.invalid_block_tag(token, command, parse_until)
  File "/Users/tavinsky/lingo_project/lingo_env/lib/python3.9/site-packages/django/template/base.py", line 558, in invalid_block_tag
    raise self.error(
django.template.exceptions.TemplateSyntaxError: Invalid block tag on line 196: 'endif', expected 'endblock'. Did you forget to register or load this tag?
[18/Jun/2025 13:57:28] "GET /australia/ HTTP/1.1" 500 247801
[18/Jun/2025 13:58:16] "POST /logout/ HTTP/1.1" 302 0
[18/Jun/2025 13:58:16] "GET /countries/ HTTP/1.1" 200 58656
Not Found: /admin/entries/admin-check/
[18/Jun/2025 13:58:16] "GET /admin/entries/admin-check/ HTTP/1.1" 404 5392
[18/Jun/2025 13:58:20] "POST /logout/ HTTP/1.1" 302 0
[18/Jun/2025 13:58:20] "GET /countries/ HTTP/1.1" 200 58656
Not Found: /admin/entries/admin-check/
[18/Jun/2025 13:58:20] "GET /admin/entries/admin-check/ HTTP/1.1" 404 5392
[18/Jun/2025 13:58:23] "POST /logout/ HTTP/1.1" 302 0
[18/Jun/2025 13:58:23] "GET /countries/ HTTP/1.1" 200 58656
Not Found: /admin/entries/admin-check/
[18/Jun/2025 13:58:23] "GET /admin/entries/admin-check/ HTTP/1.1" 404 5392
[18/Jun/2025 13:58:26] "GET /profile/ HTTP/1.1" 302 0
[18/Jun/2025 13:58:26] "GET /countries/ HTTP/1.1" 200 58656
Not Found: /admin/entries/admin-check/
[18/Jun/2025 13:58:26] "GET /admin/entries/admin-check/ HTTP/1.1" 404 5392
[18/Jun/2025 13:58:30] "GET /admin/ HTTP/1.1" 200 10900
[18/Jun/2025 13:58:30] "GET /static/admin/css/dark_mode.css HTTP/1.1" 304 0
[18/Jun/2025 13:58:30] "GET /static/admin/css/nav_sidebar.css HTTP/1.1" 304 0
[18/Jun/2025 13:58:30] "GET /static/admin/css/base.css HTTP/1.1" 304 0
[18/Jun/2025 13:58:30] "GET /static/admin/css/dashboard.css HTTP/1.1" 304 0
[18/Jun/2025 13:58:30] "GET /static/admin/css/responsive.css HTTP/1.1" 304 0
[18/Jun/2025 13:58:30] "GET /static/admin/js/theme.js HTTP/1.1" 304 0
[18/Jun/2025 13:58:30] "GET /static/admin/js/nav_sidebar.js HTTP/1.1" 304 0
[18/Jun/2025 13:58:30] "GET /static/admin/img/icon-deletelink.svg HTTP/1.1" 200 392
[18/Jun/2025 13:58:30] "GET /static/admin/img/icon-addlink.svg HTTP/1.1" 304 0
[18/Jun/2025 13:58:30] "GET /static/admin/img/icon-changelink.svg HTTP/1.1" 304 0
[18/Jun/2025 13:58:36] "POST /logout/ HTTP/1.1" 302 0
[18/Jun/2025 13:58:36] "GET /countries/ HTTP/1.1" 200 58656
Not Found: /admin/entries/admin-check/
[18/Jun/2025 13:58:36] "GET /admin/entries/admin-check/ HTTP/1.1" 404 5392
[18/Jun/2025 13:59:12] "GET /countries/ HTTP/1.1" 200 58558
[18/Jun/2025 13:59:12] "GET /static/entries/js/admin-editing.js HTTP/1.1" 304 0
Not Found: /admin/entries/admin-check/
[18/Jun/2025 13:59:12] "GET /admin/entries/admin-check/ HTTP/1.1" 404 5392
[18/Jun/2025 13:59:15] "GET /australia/entries/ HTTP/1.1" 200 75448
[18/Jun/2025 13:59:15] "POST /track-view/ HTTP/1.1" 302 0
[18/Jun/2025 13:59:15] "POST /track-view/ HTTP/1.1" 302 0
[18/Jun/2025 13:59:15] "POST /track-view/ HTTP/1.1" 302 0
[18/Jun/2025 13:59:15] "POST /track-view/ HTTP/1.1" 302 0
[18/Jun/2025 13:59:15] "POST /track-view/ HTTP/1.1" 302 0
[18/Jun/2025 13:59:15] "POST /track-view/ HTTP/1.1" 302 0
[18/Jun/2025 13:59:15] "POST /track-view/ HTTP/1.1" 302 0
[18/Jun/2025 13:59:15] "POST /track-view/ HTTP/1.1" 302 0
[18/Jun/2025 13:59:15] "POST /track-view/ HTTP/1.1" 302 0
[18/Jun/2025 13:59:15] "POST /track-view/ HTTP/1.1" 302 0
[18/Jun/2025 13:59:15] "POST /track-view/ HTTP/1.1" 302 0
Not Found: /admin/entries/admin-check/
[18/Jun/2025 13:59:15] "POST /track-view/ HTTP/1.1" 302 0
[18/Jun/2025 13:59:15] "GET /admin/entries/admin-check/ HTTP/1.1" 404 5392
[18/Jun/2025 13:59:15] "GET /countries/ HTTP/1.1" 200 58558
[18/Jun/2025 13:59:15] "GET /countries/ HTTP/1.1" 200 58558
[18/Jun/2025 13:59:15] "GET /countries/ HTTP/1.1" 200 58558
[18/Jun/2025 13:59:15] "GET /countries/ HTTP/1.1" 200 58558
[18/Jun/2025 13:59:15] "GET /countries/ HTTP/1.1" 200 58558
[18/Jun/2025 13:59:15] "GET /countries/ HTTP/1.1" 200 58558
[18/Jun/2025 13:59:15] "GET /countries/ HTTP/1.1" 200 58558
[18/Jun/2025 13:59:15] "GET /countries/ HTTP/1.1" 200 58558
[18/Jun/2025 13:59:15] "GET /countries/ HTTP/1.1" 200 58558
[18/Jun/2025 13:59:15] "GET /countries/ HTTP/1.1" 200 58558
[18/Jun/2025 13:59:15] "GET /countries/ HTTP/1.1" 200 58558
[18/Jun/2025 13:59:15] "GET /countries/ HTTP/1.1" 200 58558
[18/Jun/2025 13:59:20] "GET /australia/entries/?random=true HTTP/1.1" 200 74395
[18/Jun/2025 13:59:20] "POST /track-view/ HTTP/1.1" 302 0
[18/Jun/2025 13:59:20] "POST /track-view/ HTTP/1.1" 302 0
[18/Jun/2025 13:59:20] "POST /track-view/ HTTP/1.1" 302 0
[18/Jun/2025 13:59:20] "POST /track-view/ HTTP/1.1" 302 0
[18/Jun/2025 13:59:20] "POST /track-view/ HTTP/1.1" 302 0
Not Found: /admin/entries/admin-check/
[18/Jun/2025 13:59:20] "GET /admin/entries/admin-check/ HTTP/1.1" 404 5392
[18/Jun/2025 13:59:20] "POST /track-view/ HTTP/1.1" 302 0
[18/Jun/2025 13:59:20] "POST /track-view/ HTTP/1.1" 302 0
[18/Jun/2025 13:59:20] "POST /track-view/ HTTP/1.1" 302 0
[18/Jun/2025 13:59:20] "POST /track-view/ HTTP/1.1" 302 0
[18/Jun/2025 13:59:20] "POST /track-view/ HTTP/1.1" 302 0
[18/Jun/2025 13:59:20] "POST /track-view/ HTTP/1.1" 302 0
[18/Jun/2025 13:59:20] "POST /track-view/ HTTP/1.1" 302 0
[18/Jun/2025 13:59:20] "GET /countries/ HTTP/1.1" 200 58558
[18/Jun/2025 13:59:20] "GET /countries/ HTTP/1.1" 200 58558
[18/Jun/2025 13:59:20] "GET /countries/ HTTP/1.1" 200 58558
[18/Jun/2025 13:59:20] "GET /countries/ HTTP/1.1" 200 58558
[18/Jun/2025 13:59:20] "GET /countries/ HTTP/1.1" 200 58558
[18/Jun/2025 13:59:20] "GET /countries/ HTTP/1.1" 200 58558
[18/Jun/2025 13:59:20] "GET /countries/ HTTP/1.1" 200 58558
[18/Jun/2025 13:59:20] "GET /countries/ HTTP/1.1" 200 58558
[18/Jun/2025 13:59:20] "GET /countries/ HTTP/1.1" 200 58558
[18/Jun/2025 13:59:20] "GET /countries/ HTTP/1.1" 200 58558
[18/Jun/2025 13:59:20] "GET /countries/ HTTP/1.1" 200 58558
[18/Jun/2025 13:59:20] "GET /countries/ HTTP/1.1" 200 58558
[18/Jun/2025 13:59:21] "GET /countries/ HTTP/1.1" 200 58558
Not Found: /admin/entries/admin-check/
[18/Jun/2025 13:59:21] "GET /admin/entries/admin-check/ HTTP/1.1" 404 5392
[18/Jun/2025 13:59:24] "GET /australia/entries/ HTTP/1.1" 200 75448
[18/Jun/2025 13:59:24] "POST /track-view/ HTTP/1.1" 302 0
[18/Jun/2025 13:59:24] "POST /track-view/ HTTP/1.1" 302 0
[18/Jun/2025 13:59:24] "POST /track-view/ HTTP/1.1" 302 0
[18/Jun/2025 13:59:24] "POST /track-view/ HTTP/1.1" 302 0
[18/Jun/2025 13:59:24] "POST /track-view/ HTTP/1.1" 302 0
Not Found: /admin/entries/admin-check/
[18/Jun/2025 13:59:24] "GET /admin/entries/admin-check/ HTTP/1.1" 404 5392
[18/Jun/2025 13:59:24] "POST /track-view/ HTTP/1.1" 302 0
[18/Jun/2025 13:59:24] "POST /track-view/ HTTP/1.1" 302 0
[18/Jun/2025 13:59:24] "POST /track-view/ HTTP/1.1" 302 0
[18/Jun/2025 13:59:24] "POST /track-view/ HTTP/1.1" 302 0
[18/Jun/2025 13:59:24] "POST /track-view/ HTTP/1.1" 302 0
[18/Jun/2025 13:59:24] "POST /track-view/ HTTP/1.1" 302 0
[18/Jun/2025 13:59:24] "POST /track-view/ HTTP/1.1" 302 0
[18/Jun/2025 13:59:24] "GET /countries/ HTTP/1.1" 200 58558
[18/Jun/2025 13:59:24] "GET /countries/ HTTP/1.1" 200 58558
[18/Jun/2025 13:59:24] "GET /countries/ HTTP/1.1" 200 58558
[18/Jun/2025 13:59:24] "GET /countries/ HTTP/1.1" 200 58558
[18/Jun/2025 13:59:24] "GET /countries/ HTTP/1.1" 200 58558
[18/Jun/2025 13:59:24] "GET /countries/ HTTP/1.1" 200 58558
[18/Jun/2025 13:59:24] "GET /countries/ HTTP/1.1" 200 58558
[18/Jun/2025 13:59:24] "GET /countries/ HTTP/1.1" 200 58558
[18/Jun/2025 13:59:24] "GET /countries/ HTTP/1.1" 200 58558
[18/Jun/2025 13:59:24] "GET /countries/ HTTP/1.1" 200 58558
[18/Jun/2025 13:59:24] "GET /countries/ HTTP/1.1" 200 58558
[18/Jun/2025 13:59:24] "GET /countries/ HTTP/1.1" 200 58558
/Users/tavinsky/lingo_project/entries/auth_views.py changed, reloading.
Performing system checks...

System check identified no issues (0 silenced).
June 18, 2025 - 13:55:54
Django version 4.2.23, using settings 'lingo_project.settings'
Starting development server at http://127.0.0.1:8000/
Quit the server with CONTROL-C.

Watching for file changes with StatReloader
[18/Jun/2025 14:04:24] "POST /logout/ HTTP/1.1" 302 0
[18/Jun/2025 14:04:24] "GET /countries/ HTTP/1.1" 200 58482
Not Found: /admin/entries/admin-check/
[18/Jun/2025 14:04:24] "GET /admin/entries/admin-check/ HTTP/1.1" 404 5392
[18/Jun/2025 14:04:29] "POST /logout/ HTTP/1.1" 302 0
[18/Jun/2025 14:04:29] "GET /countries/ HTTP/1.1" 200 58482
Not Found: /admin/entries/admin-check/
[18/Jun/2025 14:04:29] "GET /admin/entries/admin-check/ HTTP/1.1" 404 5392
/Users/tavinsky/lingo_project/entries/auth_views.py changed, reloading.
Performing system checks...

System check identified no issues (0 silenced).
June 18, 2025 - 14:00:36
Django version 4.2.23, using settings 'lingo_project.settings'
Starting development server at http://127.0.0.1:8000/
Quit the server with CONTROL-C.

Watching for file changes with StatReloader
[18/Jun/2025 14:10:50] "POST /logout/ HTTP/1.1" 302 0
[18/Jun/2025 14:10:50] "GET /countries/ HTTP/1.1" 200 58558
[18/Jun/2025 14:10:50] "GET /static/entries/js/admin-editing.js HTTP/1.1" 304 0
Not Found: /admin/entries/admin-check/
[18/Jun/2025 14:10:51] "GET /admin/entries/admin-check/ HTTP/1.1" 404 5392
/Users/tavinsky/lingo_project/entries/translations.py changed, reloading.
Performing system checks...

System check identified no issues (0 silenced).
June 18, 2025 - 14:05:27
Django version 4.2.23, using settings 'lingo_project.settings'
Starting development server at http://127.0.0.1:8000/
Quit the server with CONTROL-C.

Watching for file changes with StatReloader
[18/Jun/2025 16:34:20] "GET /countries/ HTTP/1.1" 200 58558
[18/Jun/2025 16:34:20] "GET /static/entries/js/admin-editing.js HTTP/1.1" 304 0
[18/Jun/2025 16:34:20] "GET /static/entries/css/enhanced.css HTTP/1.1" 304 0
Not Found: /admin/entries/admin-check/
[18/Jun/2025 16:34:20] "GET /admin/entries/admin-check/ HTTP/1.1" 404 5392
[18/Jun/2025 16:34:20] "GET /countries/ HTTP/1.1" 200 58558
Not Found: /admin/entries/admin-check/
[18/Jun/2025 16:34:20] "GET /admin/entries/admin-check/ HTTP/1.1" 404 5392
[18/Jun/2025 16:34:23] "POST /logout/ HTTP/1.1" 302 0
[18/Jun/2025 16:34:23] "GET /countries/ HTTP/1.1" 200 58558
Not Found: /admin/entries/admin-check/
[18/Jun/2025 16:34:23] "GET /admin/entries/admin-check/ HTTP/1.1" 404 5392
/Users/tavinsky/lingo_project/entries/auth_views.py changed, reloading.
Performing system checks...

System check identified no issues (0 silenced).
June 18, 2025 - 16:34:18
Django version 4.2.23, using settings 'lingo_project.settings'
Starting development server at http://127.0.0.1:8000/
Quit the server with CONTROL-C.

Watching for file changes with StatReloader
/Users/tavinsky/lingo_project/entries/auth_views.py changed, reloading.
Performing system checks...

System check identified no issues (0 silenced).
June 18, 2025 - 16:35:33
Django version 4.2.23, using settings 'lingo_project.settings'
Starting development server at http://127.0.0.1:8000/
Quit the server with CONTROL-C.

Watching for file changes with StatReloader
/Users/tavinsky/lingo_project/entries/auth_views.py changed, reloading.
Performing system checks...

System check identified no issues (0 silenced).
June 18, 2025 - 16:40:29
Django version 4.2.23, using settings 'lingo_project.settings'
Starting development server at http://127.0.0.1:8000/
Quit the server with CONTROL-C.

Watching for file changes with StatReloader
[18/Jun/2025 16:48:38] "POST /logout/ HTTP/1.1" 302 0
[18/Jun/2025 16:48:38] "GET /countries/ HTTP/1.1" 200 58558
Not Found: /admin/entries/admin-check/
[18/Jun/2025 16:48:38] "GET /admin/entries/admin-check/ HTTP/1.1" 404 5392
[18/Jun/2025 16:48:41] "POST /logout/ HTTP/1.1" 302 0
[18/Jun/2025 16:48:41] "GET /countries/ HTTP/1.1" 200 58558
Not Found: /admin/entries/admin-check/
[18/Jun/2025 16:48:41] "GET /admin/entries/admin-check/ HTTP/1.1" 404 5392
/Users/tavinsky/lingo_project/lingo_project/urls.py changed, reloading.
Performing system checks...

System check identified no issues (0 silenced).
June 18, 2025 - 16:45:53
Django version 4.2.23, using settings 'lingo_project.settings'
Starting development server at http://127.0.0.1:8000/
Quit the server with CONTROL-C.

Watching for file changes with StatReloader
/Users/tavinsky/lingo_project/lingo_project/urls.py changed, reloading.
Performing system checks...

System check identified no issues (0 silenced).
June 18, 2025 - 16:49:18
Django version 4.2.23, using settings 'lingo_project.settings'
Starting development server at http://127.0.0.1:8000/
Quit the server with CONTROL-C.

Watching for file changes with StatReloader
/Users/tavinsky/lingo_project/entries/auth_views.py changed, reloading.
Performing system checks...

System check identified no issues (0 silenced).
June 18, 2025 - 16:49:26
Django version 4.2.23, using settings 'lingo_project.settings'
Starting development server at http://127.0.0.1:8000/
Quit the server with CONTROL-C.

Watching for file changes with StatReloader
[18/Jun/2025 16:49:53] "POST /logout/ HTTP/1.1" 302 0
[18/Jun/2025 16:49:53] "GET / HTTP/1.1" 200 11593
[18/Jun/2025 16:50:01] "GET /login/ HTTP/1.1" 200 36759
[18/Jun/2025 16:50:01] "GET /admin/entries/admin-check/ HTTP/1.1" 302 0
[18/Jun/2025 16:50:01] "GET /admin/login/?next=/admin/entries/admin-check/ HTTP/1.1" 200 4224
[18/Jun/2025 16:50:07] "POST /login/ HTTP/1.1" 302 0
[18/Jun/2025 16:50:07] "GET /countries/ HTTP/1.1" 200 58538
Not Found: /admin/entries/admin-check/
[18/Jun/2025 16:50:07] "GET /admin/entries/admin-check/ HTTP/1.1" 404 5392
[18/Jun/2025 16:50:11] "POST /logout/ HTTP/1.1" 302 0
[18/Jun/2025 16:50:11] "GET / HTTP/1.1" 200 11593
[18/Jun/2025 16:50:18] "GET /signup/ HTTP/1.1" 200 39431
[18/Jun/2025 16:50:18] "GET /admin/entries/admin-check/ HTTP/1.1" 302 0
[18/Jun/2025 16:50:18] "GET /admin/login/?next=/admin/entries/admin-check/ HTTP/1.1" 200 4224
/Users/tavinsky/lingo_project/entries/auth_views.py changed, reloading.
Performing system checks...

System check identified no issues (0 silenced).
June 18, 2025 - 16:49:41
Django version 4.2.23, using settings 'lingo_project.settings'
Starting development server at http://127.0.0.1:8000/
Quit the server with CONTROL-C.

Watching for file changes with StatReloader
/Users/tavinsky/lingo_project/entries/auth_views.py changed, reloading.
Performing system checks...

System check identified no issues (0 silenced).
June 18, 2025 - 16:52:51
Django version 4.2.23, using settings 'lingo_project.settings'
Starting development server at http://127.0.0.1:8000/
Quit the server with CONTROL-C.

Watching for file changes with StatReloader
Performing system checks...

System check identified no issues (0 silenced).
June 18, 2025 - 16:52:57
Django version 4.2.23, using settings 'lingo_project.settings'
Starting development server at http://127.0.0.1:8000/
Quit the server with CONTROL-C.

Content-Type: multipart/alternative;
 boundary="===============3657780789551078581=="
MIME-Version: 1.0
Subject: Verify your LingoWorld account - LingoWorld
From: LingoWorld <noreply@lingoworld.com>
To: inksky11@gmail.com
Date: Wed, 18 Jun 2025 16:54:33 -0000
Message-ID: 
 <175026567322.51404.6334822689568515532@tavos-macbook-pro-2.fritz.box>

--===============3657780789551078581==
Content-Type: text/plain; charset="utf-8"
MIME-Version: 1.0
Content-Transfer-Encoding: 8bit




    
    
    Verify your LingoWorld account
    
        body {
            font-family: -apple-system, BlinkMacSystemFont, 'Segoe UI', Roboto, Oxygen, Ubuntu, Cantarell, sans-serif;
            line-height: 1.6;
            color: #333;
            max-width: 600px;
            margin: 0 auto;
            padding: 20px;
            background-color: #f8f9fa;
        }
        
        .email-container {
            background: white;
            border-radius: 12px;
            padding: 40px;
            box-shadow: 0 4px 12px rgba(0, 0, 0, 0.1);
        }
        
        .header {
            text-align: center;
            border-bottom: 2px solid #e9ecef;
            padding-bottom: 30px;
            margin-bottom: 30px;
        }
        
        .logo {
            font-size: 2rem;
            font-weight: bold;
            color: #6c63ff;
            margin-bottom: 10px;
        }
        
        .welcome-title {
            color: #2c3e50;
            font-size: 1.5rem;
            margin-bottom: 20px;
        }
        
        .message {
            color: #555;
            margin-bottom: 30px;
            font-size: 1.1rem;
        }
        
        .verify-button {
            display: block;
            width: 200px;
            margin: 30px auto;
            padding: 15px 30px;
            background: linear-gradient(135deg, #6c63ff, #8e44ad);
            color: white;
            text-decoration: none;
            border-radius: 8px;
            text-align: center;
            font-weight: 600;
            font-size: 1.1rem;
        }
        
        .alt-link {
            background: #f8f9fa;
            border: 2px dashed #dee2e6;
            border-radius: 8px;
            padding: 20px;
            margin: 30px 0;
            word-break: break-all;
            font-family: monospace;
            font-size: 0.9rem;
        }
        
        .footer {
            margin-top: 40px;
            padding-top: 20px;
            border-top: 1px solid #e9ecef;
            color: #6c757d;
            font-size: 0.9rem;
        }
        
        .expiry-notice {
            background: #fff3cd;
            border: 1px solid #ffeaa7;
            border-radius: 6px;
            padding: 15px;
            margin: 20px 0;
            color: #856404;
        }
    


    
        
            üåç LingoWorld
            Welcome to LingoWorld
        
        
        
            
                Hello inksky!
                
                Thanks for signing up for LingoWorld. To complete your registration and activate your account, 
                please verify your email address by clicking the button below.
            
        
        
        
            Verify Email Address
        
        
        
            
                ‚è∞ This verification link will expire in 7 days.
            
        
        
        
            
                If you can't click the button, copy and paste this link into your browser:
            
        
        
        
            http://localhost:8000/verify-email/7bedcf28-2d89-46db-820e-2e79433148bd/
        
        
        
            
                Didn't sign up for LingoWorld?
                If you didn't create an account with LingoWorld, you can safely ignore this email. 
                Your email address will not be used without your consent.
                
                Best regards,
                The LingoWorld Team
            
        
    



--===============3657780789551078581==
Content-Type: text/html; charset="utf-8"
MIME-Version: 1.0
Content-Transfer-Encoding: 8bit

<!DOCTYPE html>
<html lang="en">
<head>
    <meta charset="UTF-8">
    <meta name="viewport" content="width=device-width, initial-scale=1.0">
    <title>Verify your LingoWorld account</title>
    <style>
        body {
            font-family: -apple-system, BlinkMacSystemFont, 'Segoe UI', Roboto, Oxygen, Ubuntu, Cantarell, sans-serif;
            line-height: 1.6;
            color: #333;
            max-width: 600px;
            margin: 0 auto;
            padding: 20px;
            background-color: #f8f9fa;
        }
        
        .email-container {
            background: white;
            border-radius: 12px;
            padding: 40px;
            box-shadow: 0 4px 12px rgba(0, 0, 0, 0.1);
        }
        
        .header {
            text-align: center;
            border-bottom: 2px solid #e9ecef;
            padding-bottom: 30px;
            margin-bottom: 30px;
        }
        
        .logo {
            font-size: 2rem;
            font-weight: bold;
            color: #6c63ff;
            margin-bottom: 10px;
        }
        
        .welcome-title {
            color: #2c3e50;
            font-size: 1.5rem;
            margin-bottom: 20px;
        }
        
        .message {
            color: #555;
            margin-bottom: 30px;
            font-size: 1.1rem;
        }
        
        .verify-button {
            display: block;
            width: 200px;
            margin: 30px auto;
            padding: 15px 30px;
            background: linear-gradient(135deg, #6c63ff, #8e44ad);
            color: white;
            text-decoration: none;
            border-radius: 8px;
            text-align: center;
            font-weight: 600;
            font-size: 1.1rem;
        }
        
        .alt-link {
            background: #f8f9fa;
            border: 2px dashed #dee2e6;
            border-radius: 8px;
            padding: 20px;
            margin: 30px 0;
            word-break: break-all;
            font-family: monospace;
            font-size: 0.9rem;
        }
        
        .footer {
            margin-top: 40px;
            padding-top: 20px;
            border-top: 1px solid #e9ecef;
            color: #6c757d;
            font-size: 0.9rem;
        }
        
        .expiry-notice {
            background: #fff3cd;
            border: 1px solid #ffeaa7;
            border-radius: 6px;
            padding: 15px;
            margin: 20px 0;
            color: #856404;
        }
    </style>
</head>
<body>
    <div class="email-container">
        <div class="header">
            <div class="logo">üåç LingoWorld</div>
            <h1 class="welcome-title">Welcome to LingoWorld</h1>
        </div>
        
        <div class="message">
            
                Hello inksky!
                <br><br>
                Thanks for signing up for LingoWorld. To complete your registration and activate your account, 
                please verify your email address by clicking the button below.
            
        </div>
        
        <a href="http://localhost:8000/verify-email/7bedcf28-2d89-46db-820e-2e79433148bd/" class="verify-button">
            Verify Email Address
        </a>
        
        <div class="expiry-notice">
            
                ‚è∞ This verification link will expire in 7 days.
            
        </div>
        
        <div style="color: #6c757d; font-size: 0.9rem; margin-top: 20px;">
            
                If you can't click the button, copy and paste this link into your browser:
            
        </div>
        
        <div class="alt-link">
            http://localhost:8000/verify-email/7bedcf28-2d89-46db-820e-2e79433148bd/
        </div>
        
        <div class="footer">
            
                <p><strong>Didn't sign up for LingoWorld?</strong></p>
                <p>If you didn't create an account with LingoWorld, you can safely ignore this email. 
                Your email address will not be used without your consent.</p>
                
                <p>Best regards,<br>
                The LingoWorld Team</p>
            
        </div>
    </div>
</body>
</html>

--===============3657780789551078581==--

-------------------------------------------------------------------------------
[18/Jun/2025 16:54:33] "POST /signup/ HTTP/1.1" 302 0
[18/Jun/2025 16:54:33] "GET /verification-pending/ HTTP/1.1" 200 31630
[18/Jun/2025 16:54:33] "GET /admin/entries/admin-check/ HTTP/1.1" 302 0
[18/Jun/2025 16:54:33] "GET /admin/login/?next=/admin/entries/admin-check/ HTTP/1.1" 200 4435
[18/Jun/2025 16:55:06] "GET /resend-verification/ HTTP/1.1" 200 32188
[18/Jun/2025 16:55:06] "GET /admin/entries/admin-check/ HTTP/1.1" 302 0
[18/Jun/2025 16:55:06] "GET /admin/login/?next=/admin/entries/admin-check/ HTTP/1.1" 200 4224
/Users/tavinsky/lingo_project/lingo_env/lib/python3.9/site-packages/django/db/models/fields/__init__.py:1595: RuntimeWarning: DateTimeField EmailVerification.created_at received a naive datetime (2025-06-18 16:55:09.806772) while time zone support is active.
  warnings.warn(
Content-Type: multipart/alternative;
 boundary="===============5806158443148745682=="
MIME-Version: 1.0
Subject: Verify your LingoWorld account - LingoWorld
From: LingoWorld <noreply@lingoworld.com>
To: inksky11@gmail.com
Date: Wed, 18 Jun 2025 16:55:09 -0000
Message-ID: 
 <175026570981.51404.4637441690515695280@tavos-macbook-pro-2.fritz.box>

--===============5806158443148745682==
Content-Type: text/plain; charset="utf-8"
MIME-Version: 1.0
Content-Transfer-Encoding: 8bit




    
    
    Verify your LingoWorld account
    
        body {
            font-family: -apple-system, BlinkMacSystemFont, 'Segoe UI', Roboto, Oxygen, Ubuntu, Cantarell, sans-serif;
            line-height: 1.6;
            color: #333;
            max-width: 600px;
            margin: 0 auto;
            padding: 20px;
            background-color: #f8f9fa;
        }
        
        .email-container {
            background: white;
            border-radius: 12px;
            padding: 40px;
            box-shadow: 0 4px 12px rgba(0, 0, 0, 0.1);
        }
        
        .header {
            text-align: center;
            border-bottom: 2px solid #e9ecef;
            padding-bottom: 30px;
            margin-bottom: 30px;
        }
        
        .logo {
            font-size: 2rem;
            font-weight: bold;
            color: #6c63ff;
            margin-bottom: 10px;
        }
        
        .welcome-title {
            color: #2c3e50;
            font-size: 1.5rem;
            margin-bottom: 20px;
        }
        
        .message {
            color: #555;
            margin-bottom: 30px;
            font-size: 1.1rem;
        }
        
        .verify-button {
            display: block;
            width: 200px;
            margin: 30px auto;
            padding: 15px 30px;
            background: linear-gradient(135deg, #6c63ff, #8e44ad);
            color: white;
            text-decoration: none;
            border-radius: 8px;
            text-align: center;
            font-weight: 600;
            font-size: 1.1rem;
        }
        
        .alt-link {
            background: #f8f9fa;
            border: 2px dashed #dee2e6;
            border-radius: 8px;
            padding: 20px;
            margin: 30px 0;
            word-break: break-all;
            font-family: monospace;
            font-size: 0.9rem;
        }
        
        .footer {
            margin-top: 40px;
            padding-top: 20px;
            border-top: 1px solid #e9ecef;
            color: #6c757d;
            font-size: 0.9rem;
        }
        
        .expiry-notice {
            background: #fff3cd;
            border: 1px solid #ffeaa7;
            border-radius: 6px;
            padding: 15px;
            margin: 20px 0;
            color: #856404;
        }
    


    
        
            üåç LingoWorld
            Welcome to LingoWorld
        
        
        
            
                Hello inksky!
                
                Thanks for signing up for LingoWorld. To complete your registration and activate your account, 
                please verify your email address by clicking the button below.
            
        
        
        
            Verify Email Address
        
        
        
            
                ‚è∞ This verification link will expire in 7 days.
            
        
        
        
            
                If you can't click the button, copy and paste this link into your browser:
            
        
        
        
            http://localhost:8000/verify-email/ed4f5c10-2bfb-49ae-a757-dde40ef42965/
        
        
        
            
                Didn't sign up for LingoWorld?
                If you didn't create an account with LingoWorld, you can safely ignore this email. 
                Your email address will not be used without your consent.
                
                Best regards,
                The LingoWorld Team
            
        
    



--===============5806158443148745682==
Content-Type: text/html; charset="utf-8"
MIME-Version: 1.0
Content-Transfer-Encoding: 8bit

<!DOCTYPE html>
<html lang="en">
<head>
    <meta charset="UTF-8">
    <meta name="viewport" content="width=device-width, initial-scale=1.0">
    <title>Verify your LingoWorld account</title>
    <style>
        body {
            font-family: -apple-system, BlinkMacSystemFont, 'Segoe UI', Roboto, Oxygen, Ubuntu, Cantarell, sans-serif;
            line-height: 1.6;
            color: #333;
            max-width: 600px;
            margin: 0 auto;
            padding: 20px;
            background-color: #f8f9fa;
        }
        
        .email-container {
            background: white;
            border-radius: 12px;
            padding: 40px;
            box-shadow: 0 4px 12px rgba(0, 0, 0, 0.1);
        }
        
        .header {
            text-align: center;
            border-bottom: 2px solid #e9ecef;
            padding-bottom: 30px;
            margin-bottom: 30px;
        }
        
        .logo {
            font-size: 2rem;
            font-weight: bold;
            color: #6c63ff;
            margin-bottom: 10px;
        }
        
        .welcome-title {
            color: #2c3e50;
            font-size: 1.5rem;
            margin-bottom: 20px;
        }
        
        .message {
            color: #555;
            margin-bottom: 30px;
            font-size: 1.1rem;
        }
        
        .verify-button {
            display: block;
            width: 200px;
            margin: 30px auto;
            padding: 15px 30px;
            background: linear-gradient(135deg, #6c63ff, #8e44ad);
            color: white;
            text-decoration: none;
            border-radius: 8px;
            text-align: center;
            font-weight: 600;
            font-size: 1.1rem;
        }
        
        .alt-link {
            background: #f8f9fa;
            border: 2px dashed #dee2e6;
            border-radius: 8px;
            padding: 20px;
            margin: 30px 0;
            word-break: break-all;
            font-family: monospace;
            font-size: 0.9rem;
        }
        
        .footer {
            margin-top: 40px;
            padding-top: 20px;
            border-top: 1px solid #e9ecef;
            color: #6c757d;
            font-size: 0.9rem;
        }
        
        .expiry-notice {
            background: #fff3cd;
            border: 1px solid #ffeaa7;
            border-radius: 6px;
            padding: 15px;
            margin: 20px 0;
            color: #856404;
        }
    </style>
</head>
<body>
    <div class="email-container">
        <div class="header">
            <div class="logo">üåç LingoWorld</div>
            <h1 class="welcome-title">Welcome to LingoWorld</h1>
        </div>
        
        <div class="message">
            
                Hello inksky!
                <br><br>
                Thanks for signing up for LingoWorld. To complete your registration and activate your account, 
                please verify your email address by clicking the button below.
            
        </div>
        
        <a href="http://localhost:8000/verify-email/ed4f5c10-2bfb-49ae-a757-dde40ef42965/" class="verify-button">
            Verify Email Address
        </a>
        
        <div class="expiry-notice">
            
                ‚è∞ This verification link will expire in 7 days.
            
        </div>
        
        <div style="color: #6c757d; font-size: 0.9rem; margin-top: 20px;">
            
                If you can't click the button, copy and paste this link into your browser:
            
        </div>
        
        <div class="alt-link">
            http://localhost:8000/verify-email/ed4f5c10-2bfb-49ae-a757-dde40ef42965/
        </div>
        
        <div class="footer">
            
                <p><strong>Didn't sign up for LingoWorld?</strong></p>
                <p>If you didn't create an account with LingoWorld, you can safely ignore this email. 
                Your email address will not be used without your consent.</p>
                
                <p>Best regards,<br>
                The LingoWorld Team</p>
            
        </div>
    </div>
</body>
</html>

--===============5806158443148745682==--

-------------------------------------------------------------------------------
[18/Jun/2025 16:55:09] "POST /resend-verification/ HTTP/1.1" 302 0
[18/Jun/2025 16:55:09] "GET /verification-pending/ HTTP/1.1" 200 31630
[18/Jun/2025 16:55:09] "GET /admin/entries/admin-check/ HTTP/1.1" 302 0
[18/Jun/2025 16:55:09] "GET /admin/login/?next=/admin/entries/admin-check/ HTTP/1.1" 200 4392
/Users/tavinsky/lingo_project/lingo_project/settings.py changed, reloading.
Watching for file changes with StatReloader
/Users/tavinsky/lingo_project/lingo_project/settings.py changed, reloading.
Performing system checks...

System check identified no issues (0 silenced).
June 18, 2025 - 16:58:32
Django version 4.2.23, using settings 'lingo_project.settings'
Starting development server at http://127.0.0.1:8000/
Quit the server with CONTROL-C.

Watching for file changes with StatReloader
/Users/tavinsky/lingo_project/lingo_project/settings.py changed, reloading.
Performing system checks...

System check identified no issues (0 silenced).
June 18, 2025 - 17:02:42
Django version 4.2.23, using settings 'lingo_project.settings'
Starting development server at http://127.0.0.1:8000/
Quit the server with CONTROL-C.

Watching for file changes with StatReloader
/Users/tavinsky/lingo_project/entries/auth_views.py changed, reloading.
Performing system checks...

System check identified no issues (0 silenced).
June 18, 2025 - 17:03:35
Django version 4.2.23, using settings 'lingo_project.settings'
Starting development server at http://127.0.0.1:8000/
Quit the server with CONTROL-C.

Watching for file changes with StatReloader
/Users/tavinsky/lingo_project/entries/auth_views.py changed, reloading.
Performing system checks...

System check identified no issues (0 silenced).
June 18, 2025 - 17:06:07
Django version 4.2.23, using settings 'lingo_project.settings'
Starting development server at http://127.0.0.1:8000/
Quit the server with CONTROL-C.

Watching for file changes with StatReloader
/Users/tavinsky/lingo_project/entries/auth_views.py changed, reloading.
Performing system checks...

System check identified no issues (0 silenced).
June 18, 2025 - 17:06:13
Django version 4.2.23, using settings 'lingo_project.settings'
Starting development server at http://127.0.0.1:8000/
Quit the server with CONTROL-C.

Watching for file changes with StatReloader
/Users/tavinsky/lingo_project/entries/auth_views.py changed, reloading.
Performing system checks...

System check identified no issues (0 silenced).
June 18, 2025 - 17:07:03
Django version 4.2.23, using settings 'lingo_project.settings'
Starting development server at http://127.0.0.1:8000/
Quit the server with CONTROL-C.

Watching for file changes with StatReloader
[18/Jun/2025 19:06:17] "GET /resend-verification/ HTTP/1.1" 200 32188
[18/Jun/2025 19:06:17] "GET /static/entries/js/admin-editing.js HTTP/1.1" 304 0
[18/Jun/2025 19:06:17] "GET /admin/entries/admin-check/ HTTP/1.1" 302 0
[18/Jun/2025 19:06:17] "GET /admin/login/?next=/admin/entries/admin-check/ HTTP/1.1" 200 4224
/Users/tavinsky/lingo_project/lingo_env/lib/python3.9/site-packages/django/db/models/fields/__init__.py:1595: RuntimeWarning: DateTimeField EmailVerification.created_at received a naive datetime (2025-06-18 19:06:21.818838) while time zone support is active.
  warnings.warn(
[18/Jun/2025 19:06:22] "POST /resend-verification/ HTTP/1.1" 302 0
[18/Jun/2025 19:06:22] "GET /verification-pending/ HTTP/1.1" 200 31630
[18/Jun/2025 19:06:22] "GET /admin/entries/admin-check/ HTTP/1.1" 302 0
[18/Jun/2025 19:06:22] "GET /admin/login/?next=/admin/entries/admin-check/ HTTP/1.1" 200 4380
[18/Jun/2025 19:09:19] "GET /resend-verification/ HTTP/1.1" 200 32188
[18/Jun/2025 19:09:19] "GET /admin/entries/admin-check/ HTTP/1.1" 302 0
[18/Jun/2025 19:09:19] "GET /admin/login/?next=/admin/entries/admin-check/ HTTP/1.1" 200 4224
[18/Jun/2025 19:09:21] "GET /resend-verification/ HTTP/1.1" 200 32188
[18/Jun/2025 19:09:21] "GET /admin/entries/admin-check/ HTTP/1.1" 302 0
[18/Jun/2025 19:09:21] "GET /admin/login/?next=/admin/entries/admin-check/ HTTP/1.1" 200 4224
[18/Jun/2025 19:09:25] "GET /resend-verification/ HTTP/1.1" 200 32188
[18/Jun/2025 19:09:25] "GET /admin/entries/admin-check/ HTTP/1.1" 302 0
[18/Jun/2025 19:09:25] "GET /admin/login/?next=/admin/entries/admin-check/ HTTP/1.1" 200 4224
[18/Jun/2025 19:09:26] "GET /verification-pending/ HTTP/1.1" 200 31630
[18/Jun/2025 19:09:26] "GET /admin/entries/admin-check/ HTTP/1.1" 302 0
[18/Jun/2025 19:09:26] "GET /admin/login/?next=/admin/entries/admin-check/ HTTP/1.1" 200 4224
[18/Jun/2025 19:09:28] "GET / HTTP/1.1" 200 11593
[18/Jun/2025 19:09:35] "GET /signup/ HTTP/1.1" 200 38341
[18/Jun/2025 19:09:35] "GET /admin/entries/admin-check/ HTTP/1.1" 302 0
[18/Jun/2025 19:09:35] "GET /admin/login/?next=/admin/entries/admin-check/ HTTP/1.1" 200 4224
[18/Jun/2025 19:09:43] "GET /login/ HTTP/1.1" 200 35910
[18/Jun/2025 19:09:43] "GET /admin/entries/admin-check/ HTTP/1.1" 302 0
[18/Jun/2025 19:09:43] "GET /admin/login/?next=/admin/entries/admin-check/ HTTP/1.1" 200 4224
[18/Jun/2025 19:09:46] "POST /login/ HTTP/1.1" 200 37914
[18/Jun/2025 19:09:46] "GET /admin/entries/admin-check/ HTTP/1.1" 302 0
[18/Jun/2025 19:09:46] "GET /admin/login/?next=/admin/entries/admin-check/ HTTP/1.1" 200 4224
[18/Jun/2025 19:09:54] "POST /login/ HTTP/1.1" 200 37914
[18/Jun/2025 19:09:54] "GET /admin/entries/admin-check/ HTTP/1.1" 302 0
[18/Jun/2025 19:09:54] "GET /admin/login/?next=/admin/entries/admin-check/ HTTP/1.1" 200 4224
[18/Jun/2025 19:10:03] "GET /login/ HTTP/1.1" 200 35910
[18/Jun/2025 19:10:03] "GET /admin/entries/admin-check/ HTTP/1.1" 302 0
[18/Jun/2025 19:10:03] "GET /admin/login/?next=/admin/entries/admin-check/ HTTP/1.1" 200 4224
[18/Jun/2025 19:10:06] "POST /login/ HTTP/1.1" 200 37914
[18/Jun/2025 19:10:06] "GET /admin/entries/admin-check/ HTTP/1.1" 302 0
[18/Jun/2025 19:10:06] "GET /admin/login/?next=/admin/entries/admin-check/ HTTP/1.1" 200 4224
[18/Jun/2025 19:10:12] "GET /login/ HTTP/1.1" 200 35910
[18/Jun/2025 19:10:12] "GET /admin/entries/admin-check/ HTTP/1.1" 302 0
[18/Jun/2025 19:10:12] "GET /admin/login/?next=/admin/entries/admin-check/ HTTP/1.1" 200 4224
[18/Jun/2025 19:10:21] "POST /login/ HTTP/1.1" 302 0
[18/Jun/2025 19:10:21] "GET /countries/ HTTP/1.1" 200 58538
Not Found: /admin/entries/admin-check/
[18/Jun/2025 19:10:21] "GET /admin/entries/admin-check/ HTTP/1.1" 404 5392
Internal Server Error: /australia/
Traceback (most recent call last):
  File "/Users/tavinsky/lingo_project/lingo_env/lib/python3.9/site-packages/django/template/base.py", line 505, in parse
    compile_func = self.tags[command]
KeyError: 'endif'

During handling of the above exception, another exception occurred:

Traceback (most recent call last):
  File "/Users/tavinsky/lingo_project/lingo_env/lib/python3.9/site-packages/django/core/handlers/exception.py", line 55, in inner
    response = get_response(request)
  File "/Users/tavinsky/lingo_project/lingo_env/lib/python3.9/site-packages/django/core/handlers/base.py", line 197, in _get_response
    response = wrapped_callback(request, *callback_args, **callback_kwargs)
  File "/Users/tavinsky/lingo_project/entries/views.py", line 821, in country_home_view
    return render(request, 'entries/country_home.html', context)
  File "/Users/tavinsky/lingo_project/lingo_env/lib/python3.9/site-packages/django/shortcuts.py", line 24, in render
    content = loader.render_to_string(template_name, context, request, using=using)
  File "/Users/tavinsky/lingo_project/lingo_env/lib/python3.9/site-packages/django/template/loader.py", line 61, in render_to_string
    template = get_template(template_name, using=using)
  File "/Users/tavinsky/lingo_project/lingo_env/lib/python3.9/site-packages/django/template/loader.py", line 15, in get_template
    return engine.get_template(template_name)
  File "/Users/tavinsky/lingo_project/lingo_env/lib/python3.9/site-packages/django/template/backends/django.py", line 33, in get_template
    return Template(self.engine.get_template(template_name), self)
  File "/Users/tavinsky/lingo_project/lingo_env/lib/python3.9/site-packages/django/template/engine.py", line 175, in get_template
    template, origin = self.find_template(template_name)
  File "/Users/tavinsky/lingo_project/lingo_env/lib/python3.9/site-packages/django/template/engine.py", line 157, in find_template
    template = loader.get_template(name, skip=skip)
  File "/Users/tavinsky/lingo_project/lingo_env/lib/python3.9/site-packages/django/template/loaders/cached.py", line 57, in get_template
    template = super().get_template(template_name, skip)
  File "/Users/tavinsky/lingo_project/lingo_env/lib/python3.9/site-packages/django/template/loaders/base.py", line 28, in get_template
    return Template(
  File "/Users/tavinsky/lingo_project/lingo_env/lib/python3.9/site-packages/django/template/base.py", line 154, in __init__
    self.nodelist = self.compile_nodelist()
  File "/Users/tavinsky/lingo_project/lingo_env/lib/python3.9/site-packages/django/template/base.py", line 200, in compile_nodelist
    return parser.parse()
  File "/Users/tavinsky/lingo_project/lingo_env/lib/python3.9/site-packages/django/template/base.py", line 513, in parse
    raise self.error(token, e)
  File "/Users/tavinsky/lingo_project/lingo_env/lib/python3.9/site-packages/django/template/base.py", line 511, in parse
    compiled_result = compile_func(self, token)
  File "/Users/tavinsky/lingo_project/lingo_env/lib/python3.9/site-packages/django/template/loader_tags.py", line 293, in do_extends
    nodelist = parser.parse()
  File "/Users/tavinsky/lingo_project/lingo_env/lib/python3.9/site-packages/django/template/base.py", line 513, in parse
    raise self.error(token, e)
  File "/Users/tavinsky/lingo_project/lingo_env/lib/python3.9/site-packages/django/template/base.py", line 511, in parse
    compiled_result = compile_func(self, token)
  File "/Users/tavinsky/lingo_project/lingo_env/lib/python3.9/site-packages/django/template/loader_tags.py", line 232, in do_block
    nodelist = parser.parse(("endblock",))
  File "/Users/tavinsky/lingo_project/lingo_env/lib/python3.9/site-packages/django/template/base.py", line 507, in parse
    self.invalid_block_tag(token, command, parse_until)
  File "/Users/tavinsky/lingo_project/lingo_env/lib/python3.9/site-packages/django/template/base.py", line 558, in invalid_block_tag
    raise self.error(
django.template.exceptions.TemplateSyntaxError: Invalid block tag on line 196: 'endif', expected 'endblock'. Did you forget to register or load this tag?
[18/Jun/2025 19:10:41] "GET /australia/ HTTP/1.1" 500 248549
Internal Server Error: /germany/
Traceback (most recent call last):
  File "/Users/tavinsky/lingo_project/lingo_env/lib/python3.9/site-packages/django/template/base.py", line 505, in parse
    compile_func = self.tags[command]
KeyError: 'endif'

During handling of the above exception, another exception occurred:

Traceback (most recent call last):
  File "/Users/tavinsky/lingo_project/lingo_env/lib/python3.9/site-packages/django/core/handlers/exception.py", line 55, in inner
    response = get_response(request)
  File "/Users/tavinsky/lingo_project/lingo_env/lib/python3.9/site-packages/django/core/handlers/base.py", line 197, in _get_response
    response = wrapped_callback(request, *callback_args, **callback_kwargs)
  File "/Users/tavinsky/lingo_project/entries/views.py", line 821, in country_home_view
    return render(request, 'entries/country_home.html', context)
  File "/Users/tavinsky/lingo_project/lingo_env/lib/python3.9/site-packages/django/shortcuts.py", line 24, in render
    content = loader.render_to_string(template_name, context, request, using=using)
  File "/Users/tavinsky/lingo_project/lingo_env/lib/python3.9/site-packages/django/template/loader.py", line 61, in render_to_string
    template = get_template(template_name, using=using)
  File "/Users/tavinsky/lingo_project/lingo_env/lib/python3.9/site-packages/django/template/loader.py", line 15, in get_template
    return engine.get_template(template_name)
  File "/Users/tavinsky/lingo_project/lingo_env/lib/python3.9/site-packages/django/template/backends/django.py", line 33, in get_template
    return Template(self.engine.get_template(template_name), self)
  File "/Users/tavinsky/lingo_project/lingo_env/lib/python3.9/site-packages/django/template/engine.py", line 175, in get_template
    template, origin = self.find_template(template_name)
  File "/Users/tavinsky/lingo_project/lingo_env/lib/python3.9/site-packages/django/template/engine.py", line 157, in find_template
    template = loader.get_template(name, skip=skip)
  File "/Users/tavinsky/lingo_project/lingo_env/lib/python3.9/site-packages/django/template/loaders/cached.py", line 57, in get_template
    template = super().get_template(template_name, skip)
  File "/Users/tavinsky/lingo_project/lingo_env/lib/python3.9/site-packages/django/template/loaders/base.py", line 28, in get_template
    return Template(
  File "/Users/tavinsky/lingo_project/lingo_env/lib/python3.9/site-packages/django/template/base.py", line 154, in __init__
    self.nodelist = self.compile_nodelist()
  File "/Users/tavinsky/lingo_project/lingo_env/lib/python3.9/site-packages/django/template/base.py", line 200, in compile_nodelist
    return parser.parse()
  File "/Users/tavinsky/lingo_project/lingo_env/lib/python3.9/site-packages/django/template/base.py", line 513, in parse
    raise self.error(token, e)
  File "/Users/tavinsky/lingo_project/lingo_env/lib/python3.9/site-packages/django/template/base.py", line 511, in parse
    compiled_result = compile_func(self, token)
  File "/Users/tavinsky/lingo_project/lingo_env/lib/python3.9/site-packages/django/template/loader_tags.py", line 293, in do_extends
    nodelist = parser.parse()
  File "/Users/tavinsky/lingo_project/lingo_env/lib/python3.9/site-packages/django/template/base.py", line 513, in parse
    raise self.error(token, e)
  File "/Users/tavinsky/lingo_project/lingo_env/lib/python3.9/site-packages/django/template/base.py", line 511, in parse
    compiled_result = compile_func(self, token)
  File "/Users/tavinsky/lingo_project/lingo_env/lib/python3.9/site-packages/django/template/loader_tags.py", line 232, in do_block
    nodelist = parser.parse(("endblock",))
  File "/Users/tavinsky/lingo_project/lingo_env/lib/python3.9/site-packages/django/template/base.py", line 507, in parse
    self.invalid_block_tag(token, command, parse_until)
  File "/Users/tavinsky/lingo_project/lingo_env/lib/python3.9/site-packages/django/template/base.py", line 558, in invalid_block_tag
    raise self.error(
django.template.exceptions.TemplateSyntaxError: Invalid block tag on line 196: 'endif', expected 'endblock'. Did you forget to register or load this tag?
[18/Jun/2025 19:10:48] "GET /germany/ HTTP/1.1" 500 248973
Internal Server Error: /argentina/
Traceback (most recent call last):
  File "/Users/tavinsky/lingo_project/lingo_env/lib/python3.9/site-packages/django/template/base.py", line 505, in parse
    compile_func = self.tags[command]
KeyError: 'endif'

During handling of the above exception, another exception occurred:

Traceback (most recent call last):
  File "/Users/tavinsky/lingo_project/lingo_env/lib/python3.9/site-packages/django/core/handlers/exception.py", line 55, in inner
    response = get_response(request)
  File "/Users/tavinsky/lingo_project/lingo_env/lib/python3.9/site-packages/django/core/handlers/base.py", line 197, in _get_response
    response = wrapped_callback(request, *callback_args, **callback_kwargs)
  File "/Users/tavinsky/lingo_project/entries/views.py", line 821, in country_home_view
    return render(request, 'entries/country_home.html', context)
  File "/Users/tavinsky/lingo_project/lingo_env/lib/python3.9/site-packages/django/shortcuts.py", line 24, in render
    content = loader.render_to_string(template_name, context, request, using=using)
  File "/Users/tavinsky/lingo_project/lingo_env/lib/python3.9/site-packages/django/template/loader.py", line 61, in render_to_string
    template = get_template(template_name, using=using)
  File "/Users/tavinsky/lingo_project/lingo_env/lib/python3.9/site-packages/django/template/loader.py", line 15, in get_template
    return engine.get_template(template_name)
  File "/Users/tavinsky/lingo_project/lingo_env/lib/python3.9/site-packages/django/template/backends/django.py", line 33, in get_template
    return Template(self.engine.get_template(template_name), self)
  File "/Users/tavinsky/lingo_project/lingo_env/lib/python3.9/site-packages/django/template/engine.py", line 175, in get_template
    template, origin = self.find_template(template_name)
  File "/Users/tavinsky/lingo_project/lingo_env/lib/python3.9/site-packages/django/template/engine.py", line 157, in find_template
    template = loader.get_template(name, skip=skip)
  File "/Users/tavinsky/lingo_project/lingo_env/lib/python3.9/site-packages/django/template/loaders/cached.py", line 57, in get_template
    template = super().get_template(template_name, skip)
  File "/Users/tavinsky/lingo_project/lingo_env/lib/python3.9/site-packages/django/template/loaders/base.py", line 28, in get_template
    return Template(
  File "/Users/tavinsky/lingo_project/lingo_env/lib/python3.9/site-packages/django/template/base.py", line 154, in __init__
    self.nodelist = self.compile_nodelist()
  File "/Users/tavinsky/lingo_project/lingo_env/lib/python3.9/site-packages/django/template/base.py", line 200, in compile_nodelist
    return parser.parse()
  File "/Users/tavinsky/lingo_project/lingo_env/lib/python3.9/site-packages/django/template/base.py", line 513, in parse
    raise self.error(token, e)
  File "/Users/tavinsky/lingo_project/lingo_env/lib/python3.9/site-packages/django/template/base.py", line 511, in parse
    compiled_result = compile_func(self, token)
  File "/Users/tavinsky/lingo_project/lingo_env/lib/python3.9/site-packages/django/template/loader_tags.py", line 293, in do_extends
    nodelist = parser.parse()
  File "/Users/tavinsky/lingo_project/lingo_env/lib/python3.9/site-packages/django/template/base.py", line 513, in parse
    raise self.error(token, e)
  File "/Users/tavinsky/lingo_project/lingo_env/lib/python3.9/site-packages/django/template/base.py", line 511, in parse
    compiled_result = compile_func(self, token)
  File "/Users/tavinsky/lingo_project/lingo_env/lib/python3.9/site-packages/django/template/loader_tags.py", line 232, in do_block
    nodelist = parser.parse(("endblock",))
  File "/Users/tavinsky/lingo_project/lingo_env/lib/python3.9/site-packages/django/template/base.py", line 507, in parse
    self.invalid_block_tag(token, command, parse_until)
  File "/Users/tavinsky/lingo_project/lingo_env/lib/python3.9/site-packages/django/template/base.py", line 558, in invalid_block_tag
    raise self.error(
django.template.exceptions.TemplateSyntaxError: Invalid block tag on line 196: 'endif', expected 'endblock'. Did you forget to register or load this tag?
[18/Jun/2025 19:10:50] "GET /argentina/ HTTP/1.1" 500 248858
Internal Server Error: /colombia/
Traceback (most recent call last):
  File "/Users/tavinsky/lingo_project/lingo_env/lib/python3.9/site-packages/django/template/base.py", line 505, in parse
    compile_func = self.tags[command]
KeyError: 'endif'

During handling of the above exception, another exception occurred:

Traceback (most recent call last):
  File "/Users/tavinsky/lingo_project/lingo_env/lib/python3.9/site-packages/django/core/handlers/exception.py", line 55, in inner
    response = get_response(request)
  File "/Users/tavinsky/lingo_project/lingo_env/lib/python3.9/site-packages/django/core/handlers/base.py", line 197, in _get_response
    response = wrapped_callback(request, *callback_args, **callback_kwargs)
  File "/Users/tavinsky/lingo_project/entries/views.py", line 821, in country_home_view
    return render(request, 'entries/country_home.html', context)
  File "/Users/tavinsky/lingo_project/lingo_env/lib/python3.9/site-packages/django/shortcuts.py", line 24, in render
    content = loader.render_to_string(template_name, context, request, using=using)
  File "/Users/tavinsky/lingo_project/lingo_env/lib/python3.9/site-packages/django/template/loader.py", line 61, in render_to_string
    template = get_template(template_name, using=using)
  File "/Users/tavinsky/lingo_project/lingo_env/lib/python3.9/site-packages/django/template/loader.py", line 15, in get_template
    return engine.get_template(template_name)
  File "/Users/tavinsky/lingo_project/lingo_env/lib/python3.9/site-packages/django/template/backends/django.py", line 33, in get_template
    return Template(self.engine.get_template(template_name), self)
  File "/Users/tavinsky/lingo_project/lingo_env/lib/python3.9/site-packages/django/template/engine.py", line 175, in get_template
    template, origin = self.find_template(template_name)
  File "/Users/tavinsky/lingo_project/lingo_env/lib/python3.9/site-packages/django/template/engine.py", line 157, in find_template
    template = loader.get_template(name, skip=skip)
  File "/Users/tavinsky/lingo_project/lingo_env/lib/python3.9/site-packages/django/template/loaders/cached.py", line 57, in get_template
    template = super().get_template(template_name, skip)
  File "/Users/tavinsky/lingo_project/lingo_env/lib/python3.9/site-packages/django/template/loaders/base.py", line 28, in get_template
    return Template(
  File "/Users/tavinsky/lingo_project/lingo_env/lib/python3.9/site-packages/django/template/base.py", line 154, in __init__
    self.nodelist = self.compile_nodelist()
  File "/Users/tavinsky/lingo_project/lingo_env/lib/python3.9/site-packages/django/template/base.py", line 200, in compile_nodelist
    return parser.parse()
  File "/Users/tavinsky/lingo_project/lingo_env/lib/python3.9/site-packages/django/template/base.py", line 513, in parse
    raise self.error(token, e)
  File "/Users/tavinsky/lingo_project/lingo_env/lib/python3.9/site-packages/django/template/base.py", line 511, in parse
    compiled_result = compile_func(self, token)
  File "/Users/tavinsky/lingo_project/lingo_env/lib/python3.9/site-packages/django/template/loader_tags.py", line 293, in do_extends
    nodelist = parser.parse()
  File "/Users/tavinsky/lingo_project/lingo_env/lib/python3.9/site-packages/django/template/base.py", line 513, in parse
    raise self.error(token, e)
  File "/Users/tavinsky/lingo_project/lingo_env/lib/python3.9/site-packages/django/template/base.py", line 511, in parse
    compiled_result = compile_func(self, token)
  File "/Users/tavinsky/lingo_project/lingo_env/lib/python3.9/site-packages/django/template/loader_tags.py", line 232, in do_block
    nodelist = parser.parse(("endblock",))
  File "/Users/tavinsky/lingo_project/lingo_env/lib/python3.9/site-packages/django/template/base.py", line 507, in parse
    self.invalid_block_tag(token, command, parse_until)
  File "/Users/tavinsky/lingo_project/lingo_env/lib/python3.9/site-packages/django/template/base.py", line 558, in invalid_block_tag
    raise self.error(
django.template.exceptions.TemplateSyntaxError: Invalid block tag on line 196: 'endif', expected 'endblock'. Did you forget to register or load this tag?
[18/Jun/2025 19:10:54] "GET /colombia/ HTTP/1.1" 500 248619
[18/Jun/2025 19:10:57] "GET /countries/ HTTP/1.1" 200 58538
Not Found: /admin/entries/admin-check/
[18/Jun/2025 19:10:57] "GET /admin/entries/admin-check/ HTTP/1.1" 404 5392
[18/Jun/2025 19:10:57] "GET /countries/ HTTP/1.1" 200 58538
Not Found: /admin/entries/admin-check/
[18/Jun/2025 19:10:57] "GET /admin/entries/admin-check/ HTTP/1.1" 404 5392
[18/Jun/2025 19:15:29] "GET /countries/ HTTP/1.1" 200 58538
[18/Jun/2025 19:15:29] "GET /static/entries/css/enhanced.css HTTP/1.1" 304 0
Not Found: /admin/entries/admin-check/
[18/Jun/2025 19:15:29] "GET /admin/entries/admin-check/ HTTP/1.1" 404 5392
[18/Jun/2025 19:15:31] "GET /argentina/ HTTP/1.1" 200 94816
Not Found: /admin/entries/admin-check/
[18/Jun/2025 19:15:31] "GET /admin/entries/admin-check/ HTTP/1.1" 404 5392
[18/Jun/2025 19:15:32] "POST /track-view/ HTTP/1.1" 302 0
[18/Jun/2025 19:15:32] "POST /track-view/ HTTP/1.1" 302 0
[18/Jun/2025 19:15:32] "POST /track-view/ HTTP/1.1" 302 0
[18/Jun/2025 19:15:32] "GET /countries/ HTTP/1.1" 200 58558
[18/Jun/2025 19:15:32] "GET /countries/ HTTP/1.1" 200 58558
[18/Jun/2025 19:15:32] "GET /countries/ HTTP/1.1" 200 58558
[18/Jun/2025 19:15:32] "POST /track-view/ HTTP/1.1" 302 0
[18/Jun/2025 19:15:32] "GET /countries/ HTTP/1.1" 200 58558
[18/Jun/2025 19:15:32] "POST /track-view/ HTTP/1.1" 302 0
[18/Jun/2025 19:15:32] "POST /track-view/ HTTP/1.1" 302 0
[18/Jun/2025 19:15:32] "GET /countries/ HTTP/1.1" 200 58558
[18/Jun/2025 19:15:32] "GET /countries/ HTTP/1.1" 200 58558
[18/Jun/2025 19:15:34] "POST /track-view/ HTTP/1.1" 302 0
[18/Jun/2025 19:15:34] "POST /track-view/ HTTP/1.1" 302 0
[18/Jun/2025 19:15:34] "POST /track-view/ HTTP/1.1" 302 0
[18/Jun/2025 19:15:34] "GET /countries/ HTTP/1.1" 200 58558
[18/Jun/2025 19:15:34] "GET /countries/ HTTP/1.1" 200 58558
[18/Jun/2025 19:15:34] "GET /countries/ HTTP/1.1" 200 58558
[18/Jun/2025 19:15:34] "POST /track-view/ HTTP/1.1" 302 0
[18/Jun/2025 19:15:34] "GET /countries/ HTTP/1.1" 200 58558
[18/Jun/2025 19:15:34] "POST /track-view/ HTTP/1.1" 302 0
[18/Jun/2025 19:15:34] "GET /countries/ HTTP/1.1" 200 58558
[18/Jun/2025 19:15:34] "POST /track-view/ HTTP/1.1" 302 0
[18/Jun/2025 19:15:34] "GET /countries/ HTTP/1.1" 200 58558
[18/Jun/2025 19:15:41] "GET /argentina/entries/?category=colloquial_phrases HTTP/1.1" 200 75956
[18/Jun/2025 19:15:41] "POST /track-view/ HTTP/1.1" 302 0
[18/Jun/2025 19:15:41] "POST /track-view/ HTTP/1.1" 302 0
[18/Jun/2025 19:15:41] "POST /track-view/ HTTP/1.1" 302 0
[18/Jun/2025 19:15:41] "POST /track-view/ HTTP/1.1" 302 0
[18/Jun/2025 19:15:41] "POST /track-view/ HTTP/1.1" 302 0
[18/Jun/2025 19:15:41] "POST /track-view/ HTTP/1.1" 302 0
Not Found: /admin/entries/admin-check/
[18/Jun/2025 19:15:41] "GET /admin/entries/admin-check/ HTTP/1.1" 404 5392
[18/Jun/2025 19:15:41] "GET /countries/ HTTP/1.1" 200 58558
[18/Jun/2025 19:15:41] "GET /countries/ HTTP/1.1" 200 58558
[18/Jun/2025 19:15:41] "GET /countries/ HTTP/1.1" 200 58558
[18/Jun/2025 19:15:41] "GET /countries/ HTTP/1.1" 200 58558
[18/Jun/2025 19:15:41] "GET /countries/ HTTP/1.1" 200 58558
[18/Jun/2025 19:15:41] "GET /countries/ HTTP/1.1" 200 58558
[18/Jun/2025 19:15:43] "GET /entries/2696/ HTTP/1.1" 200 53466
Not Found: /admin/entries/admin-check/
[18/Jun/2025 19:15:43] "GET /admin/entries/admin-check/ HTTP/1.1" 404 5392
[18/Jun/2025 19:16:12] "GET /profile/ HTTP/1.1" 200 0
[18/Jun/2025 19:16:20] "GET /profile/ HTTP/1.1" 200 0
[18/Jun/2025 19:16:25] "GET /admin/ HTTP/1.1" 200 11052
[18/Jun/2025 19:16:25] "GET /static/admin/img/icon-yes.svg HTTP/1.1" 200 436
[18/Jun/2025 19:16:30] "GET /admin/entries/entry/ HTTP/1.1" 200 156608
[18/Jun/2025 19:16:30] "GET /static/admin/css/changelists.css HTTP/1.1" 304 0
[18/Jun/2025 19:16:30] "GET /static/admin/js/admin/RelatedObjectLookups.js HTTP/1.1" 304 0
[18/Jun/2025 19:16:30] "GET /static/admin/js/core.js HTTP/1.1" 304 0
[18/Jun/2025 19:16:30] "GET /static/admin/js/jquery.init.js HTTP/1.1" 304 0
[18/Jun/2025 19:16:30] "GET /static/admin/js/vendor/jquery/jquery.js HTTP/1.1" 304 0
[18/Jun/2025 19:16:30] "GET /static/admin/js/vendor/xregexp/xregexp.js HTTP/1.1" 304 0
[18/Jun/2025 19:16:30] "GET /static/admin/js/prepopulate.js HTTP/1.1" 304 0
[18/Jun/2025 19:16:30] "GET /static/admin/js/actions.js HTTP/1.1" 304 0
[18/Jun/2025 19:16:30] "GET /static/admin/js/urlify.js HTTP/1.1" 304 0
[18/Jun/2025 19:16:30] "GET /admin/jsi18n/ HTTP/1.1" 200 3343
[18/Jun/2025 19:16:30] "GET /static/admin/img/search.svg HTTP/1.1" 304 0
[18/Jun/2025 19:16:30] "GET /static/admin/js/filters.js HTTP/1.1" 304 0
[18/Jun/2025 19:16:30] "GET /static/admin/img/tooltag-add.svg HTTP/1.1" 304 0
[18/Jun/2025 19:16:35] "GET /admin/entries/entry/?q=i+mean HTTP/1.1" 200 180836
[18/Jun/2025 19:16:35] "GET /admin/jsi18n/ HTTP/1.1" 200 3343
[18/Jun/2025 19:16:42] "GET /admin/entries/entry/?language_code=es-AR&q=i+mean HTTP/1.1" 200 230144
[18/Jun/2025 19:16:42] "GET /admin/jsi18n/ HTTP/1.1" 200 3343
[18/Jun/2025 19:17:50] "POST /admin/entries/entry/?language_code=es-AR&q=i+mean HTTP/1.1" 200 15365
[18/Jun/2025 19:17:50] "GET /static/admin/js/cancel.js HTTP/1.1" 200 884
[18/Jun/2025 19:17:54] "POST /admin/entries/entry/?language_code=es-AR&q=i+mean HTTP/1.1" 302 0
[18/Jun/2025 19:17:54] "GET /admin/entries/entry/?language_code=es-AR&q=i+mean HTTP/1.1" 200 230325
[18/Jun/2025 19:17:54] "GET /admin/jsi18n/ HTTP/1.1" 200 3343
[18/Jun/2025 19:18:35] "GET /admin/entries/entry/?language_code=es-AR&p=2&q=i+mean HTTP/1.1" 200 230776
[18/Jun/2025 19:18:35] "GET /admin/jsi18n/ HTTP/1.1" 200 3343
[18/Jun/2025 19:19:53] "GET /admin/entries/entry/?language_code=es-AR&q=i+mean HTTP/1.1" 200 230187
[18/Jun/2025 19:19:56] "GET /admin/entries/entry/?language_code=es-AR&q=i+mean HTTP/1.1" 200 230187
[18/Jun/2025 19:20:00] "GET / HTTP/1.1" 200 11789
/Users/tavinsky/lingo_project/entries/views.py changed, reloading.
Performing system checks...

System check identified no issues (0 silenced).
June 18, 2025 - 17:07:07
Django version 4.2.23, using settings 'lingo_project.settings'
Starting development server at http://127.0.0.1:8000/
Quit the server with CONTROL-C.

Error sending verification email: (535, b'5.7.8 Username and Password not accepted. For more information, go to\n5.7.8  https://support.google.com/mail/?p=BadCredentials a640c23a62f3a-adec81b8a3fsm1095532966b.38 - gsmtp')
Watching for file changes with StatReloader
/Users/tavinsky/lingo_project/entries/views.py changed, reloading.
Performing system checks...

System check identified no issues (0 silenced).
June 18, 2025 - 19:36:25
Django version 4.2.23, using settings 'lingo_project.settings'
Starting development server at http://127.0.0.1:8000/
Quit the server with CONTROL-C.

Watching for file changes with StatReloader
/Users/tavinsky/lingo_project/entries/views.py changed, reloading.
Performing system checks...

System check identified no issues (0 silenced).
June 18, 2025 - 19:36:50
Django version 4.2.23, using settings 'lingo_project.settings'
Starting development server at http://127.0.0.1:8000/
Quit the server with CONTROL-C.

Watching for file changes with StatReloader
[18/Jun/2025 19:37:53] "GET / HTTP/1.1" 200 11789
[18/Jun/2025 19:37:59] "POST /set-language/ HTTP/1.1" 200 39
[18/Jun/2025 19:38:00] "GET /countries/ HTTP/1.1" 200 58589
Not Found: /admin/entries/admin-check/
[18/Jun/2025 19:38:00] "GET /admin/entries/admin-check/ HTTP/1.1" 404 5392
[18/Jun/2025 19:38:07] "GET /argentina/ HTTP/1.1" 200 94665
Not Found: /admin/entries/admin-check/
[18/Jun/2025 19:38:07] "GET /admin/entries/admin-check/ HTTP/1.1" 404 5392
[18/Jun/2025 19:38:08] "POST /track-view/ HTTP/1.1" 302 0
[18/Jun/2025 19:38:08] "POST /track-view/ HTTP/1.1" 302 0
[18/Jun/2025 19:38:08] "POST /track-view/ HTTP/1.1" 302 0
[18/Jun/2025 19:38:08] "GET /countries/ HTTP/1.1" 200 58589
[18/Jun/2025 19:38:08] "GET /countries/ HTTP/1.1" 200 58589
[18/Jun/2025 19:38:08] "GET /countries/ HTTP/1.1" 200 58589
[18/Jun/2025 19:38:08] "POST /track-view/ HTTP/1.1" 302 0
[18/Jun/2025 19:38:08] "POST /track-view/ HTTP/1.1" 302 0
[18/Jun/2025 19:38:08] "GET /countries/ HTTP/1.1" 200 58589
[18/Jun/2025 19:38:08] "POST /track-view/ HTTP/1.1" 302 0
[18/Jun/2025 19:38:08] "GET /countries/ HTTP/1.1" 200 58589
[18/Jun/2025 19:38:08] "GET /countries/ HTTP/1.1" 200 58589
[18/Jun/2025 19:38:08] "POST /track-view/ HTTP/1.1" 302 0
[18/Jun/2025 19:38:08] "POST /track-view/ HTTP/1.1" 302 0
[18/Jun/2025 19:38:08] "POST /track-view/ HTTP/1.1" 302 0
[18/Jun/2025 19:38:08] "GET /countries/ HTTP/1.1" 200 58589
[18/Jun/2025 19:38:08] "GET /countries/ HTTP/1.1" 200 58589
[18/Jun/2025 19:38:08] "GET /countries/ HTTP/1.1" 200 58589
[18/Jun/2025 19:38:08] "POST /track-view/ HTTP/1.1" 302 0
[18/Jun/2025 19:38:08] "GET /countries/ HTTP/1.1" 200 58589
[18/Jun/2025 19:38:08] "POST /track-view/ HTTP/1.1" 302 0
[18/Jun/2025 19:38:08] "GET /countries/ HTTP/1.1" 200 58589
[18/Jun/2025 19:38:08] "POST /track-view/ HTTP/1.1" 302 0
[18/Jun/2025 19:38:08] "GET /countries/ HTTP/1.1" 200 58589
[18/Jun/2025 19:38:12] "POST /track-view/ HTTP/1.1" 302 0
[18/Jun/2025 19:38:12] "POST /track-view/ HTTP/1.1" 302 0
[18/Jun/2025 19:38:12] "POST /track-view/ HTTP/1.1" 302 0
[18/Jun/2025 19:38:12] "GET /countries/ HTTP/1.1" 200 58589
[18/Jun/2025 19:38:12] "GET /countries/ HTTP/1.1" 200 58589
[18/Jun/2025 19:38:12] "GET /countries/ HTTP/1.1" 200 58589
[18/Jun/2025 19:38:12] "POST /track-view/ HTTP/1.1" 302 0
[18/Jun/2025 19:38:12] "POST /track-view/ HTTP/1.1" 302 0
[18/Jun/2025 19:38:12] "GET /countries/ HTTP/1.1" 200 58589
[18/Jun/2025 19:38:12] "GET /countries/ HTTP/1.1" 200 58589
[18/Jun/2025 19:38:12] "POST /track-view/ HTTP/1.1" 302 0
[18/Jun/2025 19:38:12] "GET /countries/ HTTP/1.1" 200 58589
[18/Jun/2025 19:38:12] "POST /track-view/ HTTP/1.1" 302 0
[18/Jun/2025 19:38:12] "POST /track-view/ HTTP/1.1" 302 0
[18/Jun/2025 19:38:12] "POST /track-view/ HTTP/1.1" 302 0
[18/Jun/2025 19:38:12] "GET /countries/ HTTP/1.1" 200 58589
[18/Jun/2025 19:38:12] "GET /countries/ HTTP/1.1" 200 58589
[18/Jun/2025 19:38:12] "GET /countries/ HTTP/1.1" 200 58589
[18/Jun/2025 19:38:13] "POST /track-view/ HTTP/1.1" 302 0
[18/Jun/2025 19:38:13] "GET /countries/ HTTP/1.1" 200 58589
[18/Jun/2025 19:38:13] "POST /track-view/ HTTP/1.1" 302 0
[18/Jun/2025 19:38:13] "GET /countries/ HTTP/1.1" 200 58589
[18/Jun/2025 19:38:13] "POST /track-view/ HTTP/1.1" 302 0
[18/Jun/2025 19:38:13] "GET /countries/ HTTP/1.1" 200 58589
[18/Jun/2025 19:40:14] "GET /argentina/ HTTP/1.1" 200 94711
Not Found: /admin/entries/admin-check/
[18/Jun/2025 19:40:14] "GET /admin/entries/admin-check/ HTTP/1.1" 404 5392
[18/Jun/2025 19:40:15] "POST /track-view/ HTTP/1.1" 302 0
[18/Jun/2025 19:40:15] "POST /track-view/ HTTP/1.1" 302 0
[18/Jun/2025 19:40:15] "POST /track-view/ HTTP/1.1" 302 0
[18/Jun/2025 19:40:15] "GET /countries/ HTTP/1.1" 200 58589
[18/Jun/2025 19:40:15] "GET /countries/ HTTP/1.1" 200 58589
[18/Jun/2025 19:40:15] "GET /countries/ HTTP/1.1" 200 58589
[18/Jun/2025 19:40:15] "POST /track-view/ HTTP/1.1" 302 0
[18/Jun/2025 19:40:15] "POST /track-view/ HTTP/1.1" 302 0
[18/Jun/2025 19:40:15] "GET /countries/ HTTP/1.1" 200 58589
[18/Jun/2025 19:40:15] "POST /track-view/ HTTP/1.1" 302 0
[18/Jun/2025 19:40:15] "GET /countries/ HTTP/1.1" 200 58589
[18/Jun/2025 19:40:15] "POST /track-view/ HTTP/1.1" 302 0
[18/Jun/2025 19:40:15] "POST /track-view/ HTTP/1.1" 302 0
[18/Jun/2025 19:40:15] "POST /track-view/ HTTP/1.1" 302 0
[18/Jun/2025 19:40:15] "GET /countries/ HTTP/1.1" 200 58589
[18/Jun/2025 19:40:15] "GET /countries/ HTTP/1.1" 200 58589
[18/Jun/2025 19:40:15] "GET /countries/ HTTP/1.1" 200 58589
[18/Jun/2025 19:40:15] "POST /track-view/ HTTP/1.1" 302 0
[18/Jun/2025 19:40:15] "GET /countries/ HTTP/1.1" 200 58589
[18/Jun/2025 19:40:15] "POST /track-view/ HTTP/1.1" 302 0
[18/Jun/2025 19:40:15] "POST /track-view/ HTTP/1.1" 302 0
[18/Jun/2025 19:40:15] "GET /countries/ HTTP/1.1" 200 58589
[18/Jun/2025 19:40:15] "GET /countries/ HTTP/1.1" 200 58589
[18/Jun/2025 19:40:15] "GET /countries/ HTTP/1.1" 200 58589
[18/Jun/2025 19:40:17] "POST /track-view/ HTTP/1.1" 302 0
[18/Jun/2025 19:40:17] "POST /track-view/ HTTP/1.1" 302 0
[18/Jun/2025 19:40:17] "POST /track-view/ HTTP/1.1" 302 0
[18/Jun/2025 19:40:17] "POST /track-view/ HTTP/1.1" 302 0
[18/Jun/2025 19:40:17] "POST /track-view/ HTTP/1.1" 302 0
[18/Jun/2025 19:40:17] "GET /countries/ HTTP/1.1" 200 58589
[18/Jun/2025 19:40:17] "GET /countries/ HTTP/1.1" 200 58589
[18/Jun/2025 19:40:17] "GET /countries/ HTTP/1.1" 200 58589
[18/Jun/2025 19:40:17] "POST /track-view/ HTTP/1.1" 302 0
[18/Jun/2025 19:40:17] "GET /countries/ HTTP/1.1" 200 58589
[18/Jun/2025 19:40:17] "GET /countries/ HTTP/1.1" 200 58589
[18/Jun/2025 19:40:17] "GET /countries/ HTTP/1.1" 200 58589
[18/Jun/2025 19:40:17] "POST /track-view/ HTTP/1.1" 302 0
[18/Jun/2025 19:40:17] "POST /track-view/ HTTP/1.1" 302 0
[18/Jun/2025 19:40:17] "POST /track-view/ HTTP/1.1" 302 0
[18/Jun/2025 19:40:17] "GET /countries/ HTTP/1.1" 200 58589
[18/Jun/2025 19:40:17] "POST /track-view/ HTTP/1.1" 302 0
[18/Jun/2025 19:40:17] "POST /track-view/ HTTP/1.1" 302 0
[18/Jun/2025 19:40:17] "POST /track-view/ HTTP/1.1" 302 0
[18/Jun/2025 19:40:17] "GET /countries/ HTTP/1.1" 200 58589
[18/Jun/2025 19:40:17] "GET /countries/ HTTP/1.1" 200 58589
[18/Jun/2025 19:40:17] "GET /countries/ HTTP/1.1" 200 58589
[18/Jun/2025 19:40:17] "GET /countries/ HTTP/1.1" 200 58589
[18/Jun/2025 19:40:17] "GET /countries/ HTTP/1.1" 200 58589
[18/Jun/2025 19:40:21] "POST /track-view/ HTTP/1.1" 302 0
[18/Jun/2025 19:40:21] "POST /track-view/ HTTP/1.1" 302 0
[18/Jun/2025 19:40:21] "POST /track-view/ HTTP/1.1" 302 0
[18/Jun/2025 19:40:21] "GET /countries/ HTTP/1.1" 200 58589
[18/Jun/2025 19:40:21] "GET /countries/ HTTP/1.1" 200 58589
[18/Jun/2025 19:40:21] "GET /countries/ HTTP/1.1" 200 58589
[18/Jun/2025 19:40:21] "POST /track-view/ HTTP/1.1" 302 0
[18/Jun/2025 19:40:21] "GET /countries/ HTTP/1.1" 200 58589
[18/Jun/2025 19:40:21] "POST /track-view/ HTTP/1.1" 302 0
[18/Jun/2025 19:40:21] "POST /track-view/ HTTP/1.1" 302 0
[18/Jun/2025 19:40:21] "GET /countries/ HTTP/1.1" 200 58589
[18/Jun/2025 19:40:21] "GET /countries/ HTTP/1.1" 200 58589
[18/Jun/2025 19:40:21] "POST /track-view/ HTTP/1.1" 302 0
[18/Jun/2025 19:40:21] "POST /track-view/ HTTP/1.1" 302 0
[18/Jun/2025 19:40:21] "POST /track-view/ HTTP/1.1" 302 0
[18/Jun/2025 19:40:21] "GET /countries/ HTTP/1.1" 200 58589
[18/Jun/2025 19:40:21] "GET /countries/ HTTP/1.1" 200 58589
[18/Jun/2025 19:40:21] "GET /countries/ HTTP/1.1" 200 58589
[18/Jun/2025 19:40:22] "POST /track-view/ HTTP/1.1" 302 0
[18/Jun/2025 19:40:22] "GET /countries/ HTTP/1.1" 200 58589
[18/Jun/2025 19:40:22] "POST /track-view/ HTTP/1.1" 302 0
[18/Jun/2025 19:40:22] "POST /track-view/ HTTP/1.1" 302 0
[18/Jun/2025 19:40:22] "GET /countries/ HTTP/1.1" 200 58589
[18/Jun/2025 19:40:22] "GET /countries/ HTTP/1.1" 200 58589
[18/Jun/2025 19:40:26] "POST /track-view/ HTTP/1.1" 302 0
[18/Jun/2025 19:40:26] "POST /track-view/ HTTP/1.1" 302 0
[18/Jun/2025 19:40:26] "POST /track-view/ HTTP/1.1" 302 0
[18/Jun/2025 19:40:26] "POST /track-view/ HTTP/1.1" 302 0
[18/Jun/2025 19:40:26] "POST /track-view/ HTTP/1.1" 302 0
[18/Jun/2025 19:40:26] "POST /track-view/ HTTP/1.1" 302 0
[18/Jun/2025 19:40:26] "GET /countries/ HTTP/1.1" 200 58589
[18/Jun/2025 19:40:26] "GET /countries/ HTTP/1.1" 200 58589
[18/Jun/2025 19:40:26] "GET /countries/ HTTP/1.1" 200 58589
[18/Jun/2025 19:40:26] "GET /countries/ HTTP/1.1" 200 58589
[18/Jun/2025 19:40:26] "GET /countries/ HTTP/1.1" 200 58589
[18/Jun/2025 19:40:26] "GET /countries/ HTTP/1.1" 200 58589
[18/Jun/2025 19:40:26] "POST /track-view/ HTTP/1.1" 302 0
[18/Jun/2025 19:40:26] "POST /track-view/ HTTP/1.1" 302 0
[18/Jun/2025 19:40:26] "POST /track-view/ HTTP/1.1" 302 0
[18/Jun/2025 19:40:26] "GET /countries/ HTTP/1.1" 200 58589
[18/Jun/2025 19:40:26] "GET /countries/ HTTP/1.1" 200 58589
[18/Jun/2025 19:40:26] "POST /track-view/ HTTP/1.1" 302 0
[18/Jun/2025 19:40:26] "POST /track-view/ HTTP/1.1" 302 0
[18/Jun/2025 19:40:26] "GET /countries/ HTTP/1.1" 200 58589
[18/Jun/2025 19:40:26] "GET /countries/ HTTP/1.1" 200 58589
[18/Jun/2025 19:40:26] "GET /countries/ HTTP/1.1" 200 58589
[18/Jun/2025 19:40:26] "POST /track-view/ HTTP/1.1" 302 0
[18/Jun/2025 19:40:26] "GET /countries/ HTTP/1.1" 200 58589
[18/Jun/2025 19:40:38] "GET /entries/ HTTP/1.1" 302 0
[18/Jun/2025 19:40:38] "GET /countries/ HTTP/1.1" 200 58589
Not Found: /admin/entries/admin-check/
[18/Jun/2025 19:40:38] "GET /admin/entries/admin-check/ HTTP/1.1" 404 5392
/Users/tavinsky/lingo_project/entries/translations.py changed, reloading.
Performing system checks...

System check identified no issues (0 silenced).
June 18, 2025 - 19:36:58
Django version 4.2.23, using settings 'lingo_project.settings'
Starting development server at http://127.0.0.1:8000/
Quit the server with CONTROL-C.

Watching for file changes with StatReloader
/Users/tavinsky/lingo_project/entries/translations.py changed, reloading.
Performing system checks...

System check identified no issues (0 silenced).
June 18, 2025 - 19:43:16
Django version 4.2.23, using settings 'lingo_project.settings'
Starting development server at http://127.0.0.1:8000/
Quit the server with CONTROL-C.

Watching for file changes with StatReloader
[18/Jun/2025 19:47:49] "GET /?id=99aea0f2-c75f-44ef-a234-2b8ca5498576&vscodeBrowserReqId=1750276069512 HTTP/1.1" 200 11593
Watching for file changes with StatReloader
Error: That port is already in use.
[18/Jun/2025 20:21:02] "GET /countries/ HTTP/1.1" 200 60192
[18/Jun/2025 20:21:02] "GET /static/entries/js/admin-editing.js HTTP/1.1" 304 0
Not Found: /admin/entries/admin-check/
[18/Jun/2025 20:21:02] "GET /admin/entries/admin-check/ HTTP/1.1" 404 5392
[18/Jun/2025 20:21:08] "GET /entries/ HTTP/1.1" 302 0
[18/Jun/2025 20:21:08] "GET /countries/ HTTP/1.1" 200 60192
Not Found: /admin/entries/admin-check/
[18/Jun/2025 20:21:08] "GET /admin/entries/admin-check/ HTTP/1.1" 404 5392
[18/Jun/2025 20:21:10] "GET / HTTP/1.1" 200 11789
[18/Jun/2025 20:21:15] "POST /set-language/ HTTP/1.1" 200 39
[18/Jun/2025 20:21:16] "GET /countries/ HTTP/1.1" 200 60192
Not Found: /admin/entries/admin-check/
[18/Jun/2025 20:21:16] "GET /admin/entries/admin-check/ HTTP/1.1" 404 5392
/Users/tavinsky/lingo_project/lingo_project/settings.py changed, reloading.
Performing system checks...

System check identified no issues (0 silenced).
June 18, 2025 - 19:45:10
Django version 4.2.23, using settings 'lingo_project.settings'
Starting development server at http://127.0.0.1:8000/
Quit the server with CONTROL-C.

Watching for file changes with StatReloader
/Users/tavinsky/lingo_project/entries/translations.py changed, reloading.
Performing system checks...

System check identified no issues (0 silenced).
June 18, 2025 - 20:22:02
Django version 4.2.23, using settings 'lingo_project.settings'
Starting development server at http://127.0.0.1:8000/
Quit the server with CONTROL-C.

Watching for file changes with StatReloader
/Users/tavinsky/lingo_project/entries/translations.py changed, reloading.
Performing system checks...

System check identified no issues (0 silenced).
June 18, 2025 - 20:24:22
Django version 4.2.23, using settings 'lingo_project.settings'
Starting development server at http://127.0.0.1:8000/
Quit the server with CONTROL-C.

Watching for file changes with StatReloader
[18/Jun/2025 20:34:01] "GET /germany/ HTTP/1.1" 200 95945
Not Found: /admin/entries/admin-check/
[18/Jun/2025 20:34:01] "GET /admin/entries/admin-check/ HTTP/1.1" 404 5392
[18/Jun/2025 20:34:02] "POST /track-view/ HTTP/1.1" 302 0
[18/Jun/2025 20:34:02] "POST /track-view/ HTTP/1.1" 302 0
[18/Jun/2025 20:34:02] "POST /track-view/ HTTP/1.1" 302 0
[18/Jun/2025 20:34:02] "GET /countries/ HTTP/1.1" 200 60188
[18/Jun/2025 20:34:02] "GET /countries/ HTTP/1.1" 200 60188
[18/Jun/2025 20:34:02] "GET /countries/ HTTP/1.1" 200 60188
[18/Jun/2025 20:34:02] "POST /track-view/ HTTP/1.1" 302 0
[18/Jun/2025 20:34:02] "POST /track-view/ HTTP/1.1" 302 0
[18/Jun/2025 20:34:02] "POST /track-view/ HTTP/1.1" 302 0
[18/Jun/2025 20:34:02] "GET /countries/ HTTP/1.1" 200 60188
[18/Jun/2025 20:34:02] "GET /countries/ HTTP/1.1" 200 60188
[18/Jun/2025 20:34:02] "GET /countries/ HTTP/1.1" 200 60188
[18/Jun/2025 20:34:02] "POST /track-view/ HTTP/1.1" 302 0
[18/Jun/2025 20:34:02] "POST /track-view/ HTTP/1.1" 302 0
[18/Jun/2025 20:34:02] "POST /track-view/ HTTP/1.1" 302 0
[18/Jun/2025 20:34:02] "GET /countries/ HTTP/1.1" 200 60188
[18/Jun/2025 20:34:03] "GET /countries/ HTTP/1.1" 200 60188
[18/Jun/2025 20:34:03] "GET /countries/ HTTP/1.1" 200 60188
[18/Jun/2025 20:34:03] "POST /track-view/ HTTP/1.1" 302 0
[18/Jun/2025 20:34:03] "GET /countries/ HTTP/1.1" 200 60188
[18/Jun/2025 20:34:03] "POST /track-view/ HTTP/1.1" 302 0
[18/Jun/2025 20:34:03] "POST /track-view/ HTTP/1.1" 302 0
[18/Jun/2025 20:34:03] "GET /countries/ HTTP/1.1" 200 60188
[18/Jun/2025 20:34:03] "GET /countries/ HTTP/1.1" 200 60188
[18/Jun/2025 20:34:08] "POST /track-view/ HTTP/1.1" 302 0
[18/Jun/2025 20:34:08] "POST /track-view/ HTTP/1.1" 302 0
[18/Jun/2025 20:34:08] "POST /track-view/ HTTP/1.1" 302 0
[18/Jun/2025 20:34:08] "POST /track-view/ HTTP/1.1" 302 0
[18/Jun/2025 20:34:08] "POST /track-view/ HTTP/1.1" 302 0
[18/Jun/2025 20:34:08] "POST /track-view/ HTTP/1.1" 302 0
[18/Jun/2025 20:34:08] "GET /countries/ HTTP/1.1" 200 60188
[18/Jun/2025 20:34:08] "GET /countries/ HTTP/1.1" 200 60188
[18/Jun/2025 20:34:08] "POST /track-view/ HTTP/1.1" 302 0
[18/Jun/2025 20:34:08] "POST /track-view/ HTTP/1.1" 302 0
[18/Jun/2025 20:34:08] "POST /track-view/ HTTP/1.1" 302 0
[18/Jun/2025 20:34:08] "POST /track-view/ HTTP/1.1" 302 0
[18/Jun/2025 20:34:08] "POST /track-view/ HTTP/1.1" 302 0
[18/Jun/2025 20:34:08] "GET /countries/ HTTP/1.1" 200 60188
[18/Jun/2025 20:34:08] "POST /track-view/ HTTP/1.1" 302 0
[18/Jun/2025 20:34:08] "GET /countries/ HTTP/1.1" 200 60188
[18/Jun/2025 20:34:08] "GET /countries/ HTTP/1.1" 200 60188
[18/Jun/2025 20:34:08] "GET /countries/ HTTP/1.1" 200 60188
[18/Jun/2025 20:34:08] "GET /countries/ HTTP/1.1" 200 60188
[18/Jun/2025 20:34:08] "GET /countries/ HTTP/1.1" 200 60188
[18/Jun/2025 20:34:08] "GET /countries/ HTTP/1.1" 200 60188
[18/Jun/2025 20:34:08] "GET /countries/ HTTP/1.1" 200 60188
[18/Jun/2025 20:34:08] "GET /countries/ HTTP/1.1" 200 60188
[18/Jun/2025 20:34:08] "GET /countries/ HTTP/1.1" 200 60188
[18/Jun/2025 20:34:11] "POST /track-view/ HTTP/1.1" 302 0
[18/Jun/2025 20:34:11] "POST /track-view/ HTTP/1.1" 302 0
[18/Jun/2025 20:34:11] "POST /track-view/ HTTP/1.1" 302 0
[18/Jun/2025 20:34:11] "GET /countries/ HTTP/1.1" 200 60188
[18/Jun/2025 20:34:11] "POST /track-view/ HTTP/1.1" 302 0
[18/Jun/2025 20:34:11] "GET /countries/ HTTP/1.1" 200 60188
[18/Jun/2025 20:34:11] "POST /track-view/ HTTP/1.1" 302 0
[18/Jun/2025 20:34:11] "POST /track-view/ HTTP/1.1" 302 0
[18/Jun/2025 20:34:11] "GET /countries/ HTTP/1.1" 200 60188
[18/Jun/2025 20:34:11] "GET /countries/ HTTP/1.1" 200 60188
[18/Jun/2025 20:34:11] "POST /track-view/ HTTP/1.1" 302 0
[18/Jun/2025 20:34:11] "POST /track-view/ HTTP/1.1" 302 0
[18/Jun/2025 20:34:11] "GET /countries/ HTTP/1.1" 200 60188
[18/Jun/2025 20:34:11] "POST /track-view/ HTTP/1.1" 302 0
[18/Jun/2025 20:34:11] "GET /countries/ HTTP/1.1" 200 60188
[18/Jun/2025 20:34:11] "GET /countries/ HTTP/1.1" 200 60188
[18/Jun/2025 20:34:11] "GET /countries/ HTTP/1.1" 200 60188
[18/Jun/2025 20:34:11] "GET /countries/ HTTP/1.1" 200 60188
[18/Jun/2025 20:34:11] "POST /track-view/ HTTP/1.1" 302 0
[18/Jun/2025 20:34:11] "GET /countries/ HTTP/1.1" 200 60188
[18/Jun/2025 20:34:11] "POST /track-view/ HTTP/1.1" 302 0
[18/Jun/2025 20:34:11] "GET /countries/ HTTP/1.1" 200 60188
[18/Jun/2025 20:34:11] "POST /track-view/ HTTP/1.1" 302 0
[18/Jun/2025 20:34:11] "GET /countries/ HTTP/1.1" 200 60188
[18/Jun/2025 20:34:12] "POST /track-view/ HTTP/1.1" 302 0
[18/Jun/2025 20:34:12] "GET /countries/ HTTP/1.1" 200 60188
[18/Jun/2025 20:34:18] "POST /track-view/ HTTP/1.1" 302 0
[18/Jun/2025 20:34:18] "GET /countries/ HTTP/1.1" 200 60188
[18/Jun/2025 20:34:18] "POST /track-view/ HTTP/1.1" 302 0
[18/Jun/2025 20:34:18] "GET /countries/ HTTP/1.1" 200 60188
[18/Jun/2025 20:34:18] "POST /track-view/ HTTP/1.1" 302 0
[18/Jun/2025 20:34:19] "GET /countries/ HTTP/1.1" 200 60188
Internal Server Error: /germany/entries/
Traceback (most recent call last):
  File "/Users/tavinsky/lingo_project/lingo_env/lib/python3.9/site-packages/django/template/base.py", line 505, in parse
    compile_func = self.tags[command]
KeyError: 'translate'

During handling of the above exception, another exception occurred:

Traceback (most recent call last):
  File "/Users/tavinsky/lingo_project/lingo_env/lib/python3.9/site-packages/django/core/handlers/exception.py", line 55, in inner
    response = get_response(request)
  File "/Users/tavinsky/lingo_project/lingo_env/lib/python3.9/site-packages/django/core/handlers/base.py", line 197, in _get_response
    response = wrapped_callback(request, *callback_args, **callback_kwargs)
  File "/Users/tavinsky/lingo_project/entries/views.py", line 965, in country_entry_list_view
    return render(request, 'entries/country_entry_list.html', context)
  File "/Users/tavinsky/lingo_project/lingo_env/lib/python3.9/site-packages/django/shortcuts.py", line 24, in render
    content = loader.render_to_string(template_name, context, request, using=using)
  File "/Users/tavinsky/lingo_project/lingo_env/lib/python3.9/site-packages/django/template/loader.py", line 61, in render_to_string
    template = get_template(template_name, using=using)
  File "/Users/tavinsky/lingo_project/lingo_env/lib/python3.9/site-packages/django/template/loader.py", line 15, in get_template
    return engine.get_template(template_name)
  File "/Users/tavinsky/lingo_project/lingo_env/lib/python3.9/site-packages/django/template/backends/django.py", line 33, in get_template
    return Template(self.engine.get_template(template_name), self)
  File "/Users/tavinsky/lingo_project/lingo_env/lib/python3.9/site-packages/django/template/engine.py", line 175, in get_template
    template, origin = self.find_template(template_name)
  File "/Users/tavinsky/lingo_project/lingo_env/lib/python3.9/site-packages/django/template/engine.py", line 157, in find_template
    template = loader.get_template(name, skip=skip)
  File "/Users/tavinsky/lingo_project/lingo_env/lib/python3.9/site-packages/django/template/loaders/cached.py", line 57, in get_template
    template = super().get_template(template_name, skip)
  File "/Users/tavinsky/lingo_project/lingo_env/lib/python3.9/site-packages/django/template/loaders/base.py", line 28, in get_template
    return Template(
  File "/Users/tavinsky/lingo_project/lingo_env/lib/python3.9/site-packages/django/template/base.py", line 154, in __init__
    self.nodelist = self.compile_nodelist()
  File "/Users/tavinsky/lingo_project/lingo_env/lib/python3.9/site-packages/django/template/base.py", line 200, in compile_nodelist
    return parser.parse()
  File "/Users/tavinsky/lingo_project/lingo_env/lib/python3.9/site-packages/django/template/base.py", line 513, in parse
    raise self.error(token, e)
  File "/Users/tavinsky/lingo_project/lingo_env/lib/python3.9/site-packages/django/template/base.py", line 511, in parse
    compiled_result = compile_func(self, token)
  File "/Users/tavinsky/lingo_project/lingo_env/lib/python3.9/site-packages/django/template/loader_tags.py", line 293, in do_extends
    nodelist = parser.parse()
  File "/Users/tavinsky/lingo_project/lingo_env/lib/python3.9/site-packages/django/template/base.py", line 513, in parse
    raise self.error(token, e)
  File "/Users/tavinsky/lingo_project/lingo_env/lib/python3.9/site-packages/django/template/base.py", line 511, in parse
    compiled_result = compile_func(self, token)
  File "/Users/tavinsky/lingo_project/lingo_env/lib/python3.9/site-packages/django/template/loader_tags.py", line 232, in do_block
    nodelist = parser.parse(("endblock",))
  File "/Users/tavinsky/lingo_project/lingo_env/lib/python3.9/site-packages/django/template/base.py", line 507, in parse
    self.invalid_block_tag(token, command, parse_until)
  File "/Users/tavinsky/lingo_project/lingo_env/lib/python3.9/site-packages/django/template/base.py", line 558, in invalid_block_tag
    raise self.error(
django.template.exceptions.TemplateSyntaxError: Invalid block tag on line 9: 'translate', expected 'endblock'. Did you forget to register or load this tag?
[18/Jun/2025 20:34:21] "GET /germany/entries/?category=insults HTTP/1.1" 500 249183
Internal Server Error: /germany/entries/
Traceback (most recent call last):
  File "/Users/tavinsky/lingo_project/lingo_env/lib/python3.9/site-packages/django/template/base.py", line 505, in parse
    compile_func = self.tags[command]
KeyError: 'translate'

During handling of the above exception, another exception occurred:

Traceback (most recent call last):
  File "/Users/tavinsky/lingo_project/lingo_env/lib/python3.9/site-packages/django/core/handlers/exception.py", line 55, in inner
    response = get_response(request)
  File "/Users/tavinsky/lingo_project/lingo_env/lib/python3.9/site-packages/django/core/handlers/base.py", line 197, in _get_response
    response = wrapped_callback(request, *callback_args, **callback_kwargs)
  File "/Users/tavinsky/lingo_project/entries/views.py", line 965, in country_entry_list_view
    return render(request, 'entries/country_entry_list.html', context)
  File "/Users/tavinsky/lingo_project/lingo_env/lib/python3.9/site-packages/django/shortcuts.py", line 24, in render
    content = loader.render_to_string(template_name, context, request, using=using)
  File "/Users/tavinsky/lingo_project/lingo_env/lib/python3.9/site-packages/django/template/loader.py", line 61, in render_to_string
    template = get_template(template_name, using=using)
  File "/Users/tavinsky/lingo_project/lingo_env/lib/python3.9/site-packages/django/template/loader.py", line 15, in get_template
    return engine.get_template(template_name)
  File "/Users/tavinsky/lingo_project/lingo_env/lib/python3.9/site-packages/django/template/backends/django.py", line 33, in get_template
    return Template(self.engine.get_template(template_name), self)
  File "/Users/tavinsky/lingo_project/lingo_env/lib/python3.9/site-packages/django/template/engine.py", line 175, in get_template
    template, origin = self.find_template(template_name)
  File "/Users/tavinsky/lingo_project/lingo_env/lib/python3.9/site-packages/django/template/engine.py", line 157, in find_template
    template = loader.get_template(name, skip=skip)
  File "/Users/tavinsky/lingo_project/lingo_env/lib/python3.9/site-packages/django/template/loaders/cached.py", line 57, in get_template
    template = super().get_template(template_name, skip)
  File "/Users/tavinsky/lingo_project/lingo_env/lib/python3.9/site-packages/django/template/loaders/base.py", line 28, in get_template
    return Template(
  File "/Users/tavinsky/lingo_project/lingo_env/lib/python3.9/site-packages/django/template/base.py", line 154, in __init__
    self.nodelist = self.compile_nodelist()
  File "/Users/tavinsky/lingo_project/lingo_env/lib/python3.9/site-packages/django/template/base.py", line 200, in compile_nodelist
    return parser.parse()
  File "/Users/tavinsky/lingo_project/lingo_env/lib/python3.9/site-packages/django/template/base.py", line 513, in parse
    raise self.error(token, e)
  File "/Users/tavinsky/lingo_project/lingo_env/lib/python3.9/site-packages/django/template/base.py", line 511, in parse
    compiled_result = compile_func(self, token)
  File "/Users/tavinsky/lingo_project/lingo_env/lib/python3.9/site-packages/django/template/loader_tags.py", line 293, in do_extends
    nodelist = parser.parse()
  File "/Users/tavinsky/lingo_project/lingo_env/lib/python3.9/site-packages/django/template/base.py", line 513, in parse
    raise self.error(token, e)
  File "/Users/tavinsky/lingo_project/lingo_env/lib/python3.9/site-packages/django/template/base.py", line 511, in parse
    compiled_result = compile_func(self, token)
  File "/Users/tavinsky/lingo_project/lingo_env/lib/python3.9/site-packages/django/template/loader_tags.py", line 232, in do_block
    nodelist = parser.parse(("endblock",))
  File "/Users/tavinsky/lingo_project/lingo_env/lib/python3.9/site-packages/django/template/base.py", line 507, in parse
    self.invalid_block_tag(token, command, parse_until)
  File "/Users/tavinsky/lingo_project/lingo_env/lib/python3.9/site-packages/django/template/base.py", line 558, in invalid_block_tag
    raise self.error(
django.template.exceptions.TemplateSyntaxError: Invalid block tag on line 9: 'translate', expected 'endblock'. Did you forget to register or load this tag?
[18/Jun/2025 20:34:28] "GET /germany/entries/?category=slang HTTP/1.1" 500 249022
[18/Jun/2025 20:45:42] "GET /germany/ HTTP/1.1" 200 107702
Not Found: /admin/entries/admin-check/
[18/Jun/2025 20:45:43] "GET /admin/entries/admin-check/ HTTP/1.1" 404 5392
[18/Jun/2025 20:45:43] "POST /track-view/ HTTP/1.1" 302 0
[18/Jun/2025 20:45:43] "POST /track-view/ HTTP/1.1" 302 0
[18/Jun/2025 20:45:43] "POST /track-view/ HTTP/1.1" 302 0
[18/Jun/2025 20:45:43] "GET /countries/ HTTP/1.1" 200 60188
[18/Jun/2025 20:45:43] "GET /countries/ HTTP/1.1" 200 60188
[18/Jun/2025 20:45:43] "POST /track-view/ HTTP/1.1" 302 0
[18/Jun/2025 20:45:43] "POST /track-view/ HTTP/1.1" 302 0
[18/Jun/2025 20:45:43] "GET /countries/ HTTP/1.1" 200 60188
[18/Jun/2025 20:45:43] "POST /track-view/ HTTP/1.1" 302 0
[18/Jun/2025 20:45:43] "GET /countries/ HTTP/1.1" 200 60188
[18/Jun/2025 20:45:43] "GET /countries/ HTTP/1.1" 200 60188
[18/Jun/2025 20:45:43] "GET /countries/ HTTP/1.1" 200 60188
[18/Jun/2025 20:45:43] "POST /track-view/ HTTP/1.1" 302 0
[18/Jun/2025 20:45:43] "POST /track-view/ HTTP/1.1" 302 0
[18/Jun/2025 20:45:43] "POST /track-view/ HTTP/1.1" 302 0
[18/Jun/2025 20:45:43] "GET /countries/ HTTP/1.1" 200 60188
[18/Jun/2025 20:45:43] "POST /track-view/ HTTP/1.1" 302 0
[18/Jun/2025 20:45:43] "POST /track-view/ HTTP/1.1" 302 0
[18/Jun/2025 20:45:43] "GET /countries/ HTTP/1.1" 200 60188
[18/Jun/2025 20:45:43] "POST /track-view/ HTTP/1.1" 302 0
[18/Jun/2025 20:45:43] "GET /countries/ HTTP/1.1" 200 60188
[18/Jun/2025 20:45:43] "GET /countries/ HTTP/1.1" 200 60188
[18/Jun/2025 20:45:43] "GET /countries/ HTTP/1.1" 200 60188
[18/Jun/2025 20:45:43] "GET /countries/ HTTP/1.1" 200 60188
[18/Jun/2025 20:45:44] "POST /track-view/ HTTP/1.1" 302 0
[18/Jun/2025 20:45:44] "POST /track-view/ HTTP/1.1" 302 0
[18/Jun/2025 20:45:44] "POST /track-view/ HTTP/1.1" 302 0
[18/Jun/2025 20:45:44] "GET /countries/ HTTP/1.1" 200 60188
[18/Jun/2025 20:45:44] "GET /countries/ HTTP/1.1" 200 60188
[18/Jun/2025 20:45:44] "GET /countries/ HTTP/1.1" 200 60188
[18/Jun/2025 20:45:44] "POST /track-view/ HTTP/1.1" 302 0
[18/Jun/2025 20:45:44] "POST /track-view/ HTTP/1.1" 302 0
[18/Jun/2025 20:45:44] "POST /track-view/ HTTP/1.1" 302 0
[18/Jun/2025 20:45:44] "POST /track-view/ HTTP/1.1" 302 0
[18/Jun/2025 20:45:44] "POST /track-view/ HTTP/1.1" 302 0
[18/Jun/2025 20:45:44] "GET /countries/ HTTP/1.1" 200 60188
[18/Jun/2025 20:45:44] "GET /countries/ HTTP/1.1" 200 60188
[18/Jun/2025 20:45:44] "GET /countries/ HTTP/1.1" 200 60188
[18/Jun/2025 20:45:44] "GET /countries/ HTTP/1.1" 200 60188
[18/Jun/2025 20:45:44] "GET /countries/ HTTP/1.1" 200 60188
[18/Jun/2025 20:45:44] "POST /track-view/ HTTP/1.1" 302 0
[18/Jun/2025 20:45:44] "GET /countries/ HTTP/1.1" 200 60188
[18/Jun/2025 20:45:45] "POST /track-view/ HTTP/1.1" 302 0
[18/Jun/2025 20:45:45] "POST /track-view/ HTTP/1.1" 302 0
[18/Jun/2025 20:45:45] "POST /track-view/ HTTP/1.1" 302 0
[18/Jun/2025 20:45:45] "GET /countries/ HTTP/1.1" 200 60188
[18/Jun/2025 20:45:45] "POST /track-view/ HTTP/1.1" 302 0
[18/Jun/2025 20:45:45] "POST /track-view/ HTTP/1.1" 302 0
[18/Jun/2025 20:45:45] "POST /track-view/ HTTP/1.1" 302 0
[18/Jun/2025 20:45:45] "GET /countries/ HTTP/1.1" 200 60188
[18/Jun/2025 20:45:45] "GET /countries/ HTTP/1.1" 200 60188
[18/Jun/2025 20:45:45] "GET /countries/ HTTP/1.1" 200 60188
[18/Jun/2025 20:45:45] "GET /countries/ HTTP/1.1" 200 60188
[18/Jun/2025 20:45:45] "GET /countries/ HTTP/1.1" 200 60188
[18/Jun/2025 20:45:47] "POST /track-view/ HTTP/1.1" 302 0
[18/Jun/2025 20:45:47] "POST /track-view/ HTTP/1.1" 302 0
[18/Jun/2025 20:45:47] "POST /track-view/ HTTP/1.1" 302 0
[18/Jun/2025 20:45:47] "GET /countries/ HTTP/1.1" 200 60188
[18/Jun/2025 20:45:47] "GET /countries/ HTTP/1.1" 200 60188
[18/Jun/2025 20:45:47] "GET /countries/ HTTP/1.1" 200 60188
Internal Server Error: /germany/entries/
Traceback (most recent call last):
  File "/Users/tavinsky/lingo_project/lingo_env/lib/python3.9/site-packages/django/template/base.py", line 505, in parse
    compile_func = self.tags[command]
KeyError: 'translate'

During handling of the above exception, another exception occurred:

Traceback (most recent call last):
  File "/Users/tavinsky/lingo_project/lingo_env/lib/python3.9/site-packages/django/core/handlers/exception.py", line 55, in inner
    response = get_response(request)
  File "/Users/tavinsky/lingo_project/lingo_env/lib/python3.9/site-packages/django/core/handlers/base.py", line 197, in _get_response
    response = wrapped_callback(request, *callback_args, **callback_kwargs)
  File "/Users/tavinsky/lingo_project/entries/views.py", line 965, in country_entry_list_view
    return render(request, 'entries/country_entry_list.html', context)
  File "/Users/tavinsky/lingo_project/lingo_env/lib/python3.9/site-packages/django/shortcuts.py", line 24, in render
    content = loader.render_to_string(template_name, context, request, using=using)
  File "/Users/tavinsky/lingo_project/lingo_env/lib/python3.9/site-packages/django/template/loader.py", line 61, in render_to_string
    template = get_template(template_name, using=using)
  File "/Users/tavinsky/lingo_project/lingo_env/lib/python3.9/site-packages/django/template/loader.py", line 15, in get_template
    return engine.get_template(template_name)
  File "/Users/tavinsky/lingo_project/lingo_env/lib/python3.9/site-packages/django/template/backends/django.py", line 33, in get_template
    return Template(self.engine.get_template(template_name), self)
  File "/Users/tavinsky/lingo_project/lingo_env/lib/python3.9/site-packages/django/template/engine.py", line 175, in get_template
    template, origin = self.find_template(template_name)
  File "/Users/tavinsky/lingo_project/lingo_env/lib/python3.9/site-packages/django/template/engine.py", line 157, in find_template
    template = loader.get_template(name, skip=skip)
  File "/Users/tavinsky/lingo_project/lingo_env/lib/python3.9/site-packages/django/template/loaders/cached.py", line 57, in get_template
    template = super().get_template(template_name, skip)
  File "/Users/tavinsky/lingo_project/lingo_env/lib/python3.9/site-packages/django/template/loaders/base.py", line 28, in get_template
    return Template(
  File "/Users/tavinsky/lingo_project/lingo_env/lib/python3.9/site-packages/django/template/base.py", line 154, in __init__
    self.nodelist = self.compile_nodelist()
  File "/Users/tavinsky/lingo_project/lingo_env/lib/python3.9/site-packages/django/template/base.py", line 200, in compile_nodelist
    return parser.parse()
  File "/Users/tavinsky/lingo_project/lingo_env/lib/python3.9/site-packages/django/template/base.py", line 513, in parse
    raise self.error(token, e)
  File "/Users/tavinsky/lingo_project/lingo_env/lib/python3.9/site-packages/django/template/base.py", line 511, in parse
    compiled_result = compile_func(self, token)
  File "/Users/tavinsky/lingo_project/lingo_env/lib/python3.9/site-packages/django/template/loader_tags.py", line 293, in do_extends
    nodelist = parser.parse()
  File "/Users/tavinsky/lingo_project/lingo_env/lib/python3.9/site-packages/django/template/base.py", line 513, in parse
    raise self.error(token, e)
  File "/Users/tavinsky/lingo_project/lingo_env/lib/python3.9/site-packages/django/template/base.py", line 511, in parse
    compiled_result = compile_func(self, token)
  File "/Users/tavinsky/lingo_project/lingo_env/lib/python3.9/site-packages/django/template/loader_tags.py", line 232, in do_block
    nodelist = parser.parse(("endblock",))
  File "/Users/tavinsky/lingo_project/lingo_env/lib/python3.9/site-packages/django/template/base.py", line 507, in parse
    self.invalid_block_tag(token, command, parse_until)
  File "/Users/tavinsky/lingo_project/lingo_env/lib/python3.9/site-packages/django/template/base.py", line 558, in invalid_block_tag
    raise self.error(
django.template.exceptions.TemplateSyntaxError: Invalid block tag on line 9: 'translate', expected 'endblock'. Did you forget to register or load this tag?
[18/Jun/2025 20:45:49] "GET /germany/entries/?category=insults HTTP/1.1" 500 249183
[18/Jun/2025 20:45:56] "POST /track-view/ HTTP/1.1" 302 0
[18/Jun/2025 20:45:56] "POST /track-view/ HTTP/1.1" 302 0
[18/Jun/2025 20:45:56] "POST /track-view/ HTTP/1.1" 302 0
[18/Jun/2025 20:45:56] "POST /track-view/ HTTP/1.1" 302 0
[18/Jun/2025 20:45:56] "POST /track-view/ HTTP/1.1" 302 0
[18/Jun/2025 20:45:56] "GET /countries/ HTTP/1.1" 200 60188
[18/Jun/2025 20:45:56] "POST /track-view/ HTTP/1.1" 302 0
[18/Jun/2025 20:45:56] "GET /countries/ HTTP/1.1" 200 60188
[18/Jun/2025 20:45:56] "GET /countries/ HTTP/1.1" 200 60188
[18/Jun/2025 20:45:56] "GET /countries/ HTTP/1.1" 200 60188
[18/Jun/2025 20:45:56] "GET /countries/ HTTP/1.1" 200 60188
[18/Jun/2025 20:45:56] "GET /countries/ HTTP/1.1" 200 60188
[18/Jun/2025 20:45:56] "POST /track-view/ HTTP/1.1" 302 0
[18/Jun/2025 20:45:56] "POST /track-view/ HTTP/1.1" 302 0
[18/Jun/2025 20:45:56] "POST /track-view/ HTTP/1.1" 302 0
[18/Jun/2025 20:45:56] "GET /countries/ HTTP/1.1" 200 60188
[18/Jun/2025 20:45:56] "GET /countries/ HTTP/1.1" 200 60188
[18/Jun/2025 20:45:56] "GET /countries/ HTTP/1.1" 200 60188
[18/Jun/2025 20:45:56] "POST /track-view/ HTTP/1.1" 302 0
[18/Jun/2025 20:45:56] "GET /countries/ HTTP/1.1" 200 60188
[18/Jun/2025 20:45:56] "POST /track-view/ HTTP/1.1" 302 0
[18/Jun/2025 20:45:56] "POST /track-view/ HTTP/1.1" 302 0
[18/Jun/2025 20:45:56] "GET /countries/ HTTP/1.1" 200 60188
[18/Jun/2025 20:45:56] "GET /countries/ HTTP/1.1" 200 60188
[18/Jun/2025 20:45:57] "POST /track-view/ HTTP/1.1" 302 0
[18/Jun/2025 20:45:57] "POST /track-view/ HTTP/1.1" 302 0
[18/Jun/2025 20:45:57] "GET /countries/ HTTP/1.1" 200 60188
[18/Jun/2025 20:45:57] "GET /countries/ HTTP/1.1" 200 60188
[19/Jun/2025 08:39:43] "GET /germany/ HTTP/1.1" 200 107746
[19/Jun/2025 08:39:43] "GET /static/entries/js/admin-editing.js HTTP/1.1" 304 0
[19/Jun/2025 08:39:43] "GET /static/entries/css/enhanced.css HTTP/1.1" 304 0
[19/Jun/2025 08:39:43] "POST /track-view/ HTTP/1.1" 302 0
[19/Jun/2025 08:39:43] "POST /track-view/ HTTP/1.1" 302 0
[19/Jun/2025 08:39:43] "POST /track-view/ HTTP/1.1" 302 0
[19/Jun/2025 08:39:43] "POST /track-view/ HTTP/1.1" 302 0
[19/Jun/2025 08:39:43] "POST /track-view/ HTTP/1.1" 302 0
[19/Jun/2025 08:39:43] "POST /track-view/ HTTP/1.1" 302 0
[19/Jun/2025 08:39:43] "POST /track-view/ HTTP/1.1" 302 0
[19/Jun/2025 08:39:43] "POST /track-view/ HTTP/1.1" 302 0
[19/Jun/2025 08:39:43] "POST /track-view/ HTTP/1.1" 302 0
[19/Jun/2025 08:39:43] "POST /track-view/ HTTP/1.1" 302 0
[19/Jun/2025 08:39:43] "POST /track-view/ HTTP/1.1" 302 0
[19/Jun/2025 08:39:43] "POST /track-view/ HTTP/1.1" 302 0
Not Found: /admin/entries/admin-check/
[19/Jun/2025 08:39:43] "GET /admin/entries/admin-check/ HTTP/1.1" 404 5392
[19/Jun/2025 08:39:43] "GET /countries/ HTTP/1.1" 200 60188
[19/Jun/2025 08:39:43] "GET /countries/ HTTP/1.1" 200 60188
[19/Jun/2025 08:39:43] "GET /countries/ HTTP/1.1" 200 60188
[19/Jun/2025 08:39:43] "GET /countries/ HTTP/1.1" 200 60188
[19/Jun/2025 08:39:43] "GET /countries/ HTTP/1.1" 200 60188
[19/Jun/2025 08:39:43] "GET /countries/ HTTP/1.1" 200 60188
[19/Jun/2025 08:39:43] "GET /countries/ HTTP/1.1" 200 60188
[19/Jun/2025 08:39:43] "GET /countries/ HTTP/1.1" 200 60188
[19/Jun/2025 08:39:43] "GET /countries/ HTTP/1.1" 200 60188
[19/Jun/2025 08:39:43] "GET /countries/ HTTP/1.1" 200 60188
[19/Jun/2025 08:39:43] "GET /countries/ HTTP/1.1" 200 60188
[19/Jun/2025 08:39:43] "GET /countries/ HTTP/1.1" 200 60188
[19/Jun/2025 08:39:51] "GET / HTTP/1.1" 200 11789
[19/Jun/2025 08:39:56] "POST /set-language/ HTTP/1.1" 200 39
[19/Jun/2025 08:39:57] "GET /countries/ HTTP/1.1" 200 60114
Not Found: /admin/entries/admin-check/
[19/Jun/2025 08:39:58] "GET /admin/entries/admin-check/ HTTP/1.1" 404 5392
[19/Jun/2025 08:40:02] "GET /australia/ HTTP/1.1" 200 107729
Not Found: /admin/entries/admin-check/
[19/Jun/2025 08:40:02] "GET /admin/entries/admin-check/ HTTP/1.1" 404 5392
[19/Jun/2025 08:40:03] "POST /track-view/ HTTP/1.1" 302 0
[19/Jun/2025 08:40:03] "POST /track-view/ HTTP/1.1" 302 0
[19/Jun/2025 08:40:03] "POST /track-view/ HTTP/1.1" 302 0
[19/Jun/2025 08:40:03] "GET /countries/ HTTP/1.1" 200 60118
[19/Jun/2025 08:40:03] "GET /countries/ HTTP/1.1" 200 60118
[19/Jun/2025 08:40:03] "POST /track-view/ HTTP/1.1" 302 0
[19/Jun/2025 08:40:03] "POST /track-view/ HTTP/1.1" 302 0
[19/Jun/2025 08:40:03] "GET /countries/ HTTP/1.1" 200 60118
[19/Jun/2025 08:40:03] "GET /countries/ HTTP/1.1" 200 60118
[19/Jun/2025 08:40:03] "GET /countries/ HTTP/1.1" 200 60118
[19/Jun/2025 08:52:02] "GET /argentina/?id=99aea0f2-c75f-44ef-a234-2b8ca5498576&vscodeBrowserReqId=1750323122949 HTTP/1.1" 200 106832
[19/Jun/2025 10:09:27] "GET /argentina/?id=99aea0f2-c75f-44ef-a234-2b8ca5498576&vscodeBrowserReqId=1750327767355 HTTP/1.1" 200 106841
[19/Jun/2025 10:09:33] "GET /australia/ HTTP/1.1" 200 112735
Not Found: /admin/entries/admin-check/
[19/Jun/2025 10:09:33] "GET /admin/entries/admin-check/ HTTP/1.1" 404 5392
[19/Jun/2025 10:09:38] "POST /track-view/ HTTP/1.1" 302 0
[19/Jun/2025 10:09:38] "POST /track-view/ HTTP/1.1" 302 0
[19/Jun/2025 10:09:38] "POST /track-view/ HTTP/1.1" 302 0
[19/Jun/2025 10:09:38] "POST /track-view/ HTTP/1.1" 302 0
[19/Jun/2025 10:09:38] "GET /countries/ HTTP/1.1" 200 60118
[19/Jun/2025 10:09:38] "POST /track-view/ HTTP/1.1" 302 0
[19/Jun/2025 10:09:38] "POST /track-view/ HTTP/1.1" 302 0
[19/Jun/2025 10:09:38] "POST /track-view/ HTTP/1.1" 302 0
[19/Jun/2025 10:09:38] "POST /track-view/ HTTP/1.1" 302 0
[19/Jun/2025 10:09:38] "POST /track-view/ HTTP/1.1" 302 0
[19/Jun/2025 10:09:38] "POST /track-view/ HTTP/1.1" 302 0
[19/Jun/2025 10:09:38] "POST /track-view/ HTTP/1.1" 302 0
[19/Jun/2025 10:09:38] "GET /countries/ HTTP/1.1" 200 60118
[19/Jun/2025 10:09:38] "GET /countries/ HTTP/1.1" 200 60118
[19/Jun/2025 10:09:38] "POST /track-view/ HTTP/1.1" 302 0
[19/Jun/2025 10:09:38] "GET /countries/ HTTP/1.1" 200 60118
[19/Jun/2025 10:09:38] "GET /countries/ HTTP/1.1" 200 60118
[19/Jun/2025 10:09:38] "GET /countries/ HTTP/1.1" 200 60118
[19/Jun/2025 10:09:39] "GET /countries/ HTTP/1.1" 200 60118
[19/Jun/2025 10:09:39] "GET /countries/ HTTP/1.1" 200 60118
[19/Jun/2025 10:09:39] "GET /countries/ HTTP/1.1" 200 60118
[19/Jun/2025 10:09:39] "GET /countries/ HTTP/1.1" 200 60118
[19/Jun/2025 10:09:39] "GET /countries/ HTTP/1.1" 200 60118
[19/Jun/2025 10:09:39] "GET /countries/ HTTP/1.1" 200 60118
[19/Jun/2025 10:09:44] "GET / HTTP/1.1" 200 11789
[19/Jun/2025 10:09:49] "POST /set-language/ HTTP/1.1" 200 39
[19/Jun/2025 10:09:50] "GET /countries/ HTTP/1.1" 200 60118
Not Found: /admin/entries/admin-check/
[19/Jun/2025 10:09:50] "GET /admin/entries/admin-check/ HTTP/1.1" 404 5392
[19/Jun/2025 10:09:53] "GET /germany/ HTTP/1.1" 200 112356
Not Found: /admin/entries/admin-check/
[19/Jun/2025 10:09:53] "GET /admin/entries/admin-check/ HTTP/1.1" 404 5392
[19/Jun/2025 10:09:54] "POST /track-view/ HTTP/1.1" 302 0
[19/Jun/2025 10:09:54] "GET /countries/ HTTP/1.1" 200 60114
[19/Jun/2025 10:09:54] "POST /track-view/ HTTP/1.1" 302 0
[19/Jun/2025 10:09:54] "POST /track-view/ HTTP/1.1" 302 0
[19/Jun/2025 10:09:54] "POST /track-view/ HTTP/1.1" 302 0
[19/Jun/2025 10:09:54] "POST /track-view/ HTTP/1.1" 302 0
[19/Jun/2025 10:09:54] "POST /track-view/ HTTP/1.1" 302 0
[19/Jun/2025 10:09:54] "POST /track-view/ HTTP/1.1" 302 0
[19/Jun/2025 10:09:54] "POST /track-view/ HTTP/1.1" 302 0
[19/Jun/2025 10:09:54] "POST /track-view/ HTTP/1.1" 302 0
[19/Jun/2025 10:09:54] "GET /countries/ HTTP/1.1" 200 60114
[19/Jun/2025 10:09:54] "GET /countries/ HTTP/1.1" 200 60114
[19/Jun/2025 10:09:54] "POST /track-view/ HTTP/1.1" 302 0
[19/Jun/2025 10:09:54] "POST /track-view/ HTTP/1.1" 302 0
[19/Jun/2025 10:09:54] "POST /track-view/ HTTP/1.1" 302 0
[19/Jun/2025 10:09:54] "GET /countries/ HTTP/1.1" 200 60114
[19/Jun/2025 10:09:54] "GET /countries/ HTTP/1.1" 200 60114
[19/Jun/2025 10:09:54] "GET /countries/ HTTP/1.1" 200 60114
[19/Jun/2025 10:09:54] "GET /countries/ HTTP/1.1" 200 60114
[19/Jun/2025 10:09:54] "GET /countries/ HTTP/1.1" 200 60114
[19/Jun/2025 10:09:54] "GET /countries/ HTTP/1.1" 200 60114
[19/Jun/2025 10:09:54] "GET /countries/ HTTP/1.1" 200 60114
[19/Jun/2025 10:09:54] "GET /countries/ HTTP/1.1" 200 60114
[19/Jun/2025 10:09:54] "GET /countries/ HTTP/1.1" 200 60114
[19/Jun/2025 10:10:06] "POST /track-view/ HTTP/1.1" 302 0
[19/Jun/2025 10:10:06] "POST /track-view/ HTTP/1.1" 302 0
[19/Jun/2025 10:10:06] "GET /countries/ HTTP/1.1" 200 60114
[19/Jun/2025 10:10:06] "GET /countries/ HTTP/1.1" 200 60114
[19/Jun/2025 10:10:07] "GET / HTTP/1.1" 200 11789
[19/Jun/2025 10:10:13] "POST /set-language/ HTTP/1.1" 200 39
[19/Jun/2025 10:10:14] "GET /countries/ HTTP/1.1" 200 60188
Not Found: /admin/entries/admin-check/
[19/Jun/2025 10:10:14] "GET /admin/entries/admin-check/ HTTP/1.1" 404 5392
[19/Jun/2025 10:10:38] "GET /germany/ HTTP/1.1" 200 112785
Not Found: /admin/entries/admin-check/
[19/Jun/2025 10:10:38] "GET /admin/entries/admin-check/ HTTP/1.1" 404 5392
[19/Jun/2025 10:10:39] "POST /track-view/ HTTP/1.1" 302 0
[19/Jun/2025 10:10:39] "POST /track-view/ HTTP/1.1" 302 0
[19/Jun/2025 10:10:39] "POST /track-view/ HTTP/1.1" 302 0
[19/Jun/2025 10:10:39] "POST /track-view/ HTTP/1.1" 302 0
[19/Jun/2025 10:10:39] "POST /track-view/ HTTP/1.1" 302 0
[19/Jun/2025 10:10:39] "POST /track-view/ HTTP/1.1" 302 0
[19/Jun/2025 10:10:39] "POST /track-view/ HTTP/1.1" 302 0
[19/Jun/2025 10:10:39] "POST /track-view/ HTTP/1.1" 302 0
[19/Jun/2025 10:10:39] "POST /track-view/ HTTP/1.1" 302 0
[19/Jun/2025 10:10:39] "GET /countries/ HTTP/1.1" 200 60188
[19/Jun/2025 10:10:39] "POST /track-view/ HTTP/1.1" 302 0
[19/Jun/2025 10:10:39] "POST /track-view/ HTTP/1.1" 302 0
[19/Jun/2025 10:10:39] "GET /countries/ HTTP/1.1" 200 60188
[19/Jun/2025 10:10:39] "POST /track-view/ HTTP/1.1" 302 0
[19/Jun/2025 10:10:39] "GET /countries/ HTTP/1.1" 200 60188
[19/Jun/2025 10:10:39] "GET /countries/ HTTP/1.1" 200 60188
[19/Jun/2025 10:10:39] "GET /countries/ HTTP/1.1" 200 60188
[19/Jun/2025 10:10:39] "GET /countries/ HTTP/1.1" 200 60188
[19/Jun/2025 10:10:39] "GET /countries/ HTTP/1.1" 200 60188
[19/Jun/2025 10:10:39] "GET /countries/ HTTP/1.1" 200 60188
[19/Jun/2025 10:10:39] "GET /countries/ HTTP/1.1" 200 60188
[19/Jun/2025 10:10:39] "GET /countries/ HTTP/1.1" 200 60188
[19/Jun/2025 10:10:39] "GET /countries/ HTTP/1.1" 200 60188
[19/Jun/2025 10:10:39] "GET /countries/ HTTP/1.1" 200 60188
[19/Jun/2025 10:13:14] "GET /germany/ HTTP/1.1" 200 112762
Not Found: /admin/entries/admin-check/
[19/Jun/2025 10:13:14] "GET /admin/entries/admin-check/ HTTP/1.1" 404 5392
[19/Jun/2025 10:13:14] "POST /track-view/ HTTP/1.1" 302 0
[19/Jun/2025 10:13:14] "POST /track-view/ HTTP/1.1" 302 0
[19/Jun/2025 10:13:14] "POST /track-view/ HTTP/1.1" 302 0
[19/Jun/2025 10:13:14] "POST /track-view/ HTTP/1.1" 302 0
[19/Jun/2025 10:13:14] "POST /track-view/ HTTP/1.1" 302 0
[19/Jun/2025 10:13:14] "POST /track-view/ HTTP/1.1" 302 0
[19/Jun/2025 10:13:14] "POST /track-view/ HTTP/1.1" 302 0
[19/Jun/2025 10:13:14] "POST /track-view/ HTTP/1.1" 302 0
[19/Jun/2025 10:13:14] "POST /track-view/ HTTP/1.1" 302 0
[19/Jun/2025 10:13:14] "POST /track-view/ HTTP/1.1" 302 0
[19/Jun/2025 10:13:14] "POST /track-view/ HTTP/1.1" 302 0
[19/Jun/2025 10:13:14] "POST /track-view/ HTTP/1.1" 302 0
[19/Jun/2025 10:13:14] "GET /countries/ HTTP/1.1" 200 60188
[19/Jun/2025 10:13:14] "GET /countries/ HTTP/1.1" 200 60188
[19/Jun/2025 10:13:14] "GET /countries/ HTTP/1.1" 200 60188
[19/Jun/2025 10:13:14] "GET /countries/ HTTP/1.1" 200 60188
[19/Jun/2025 10:13:14] "GET /countries/ HTTP/1.1" 200 60188
[19/Jun/2025 10:13:14] "GET /countries/ HTTP/1.1" 200 60188
[19/Jun/2025 10:13:14] "GET /countries/ HTTP/1.1" 200 60188
[19/Jun/2025 10:13:14] "GET /countries/ HTTP/1.1" 200 60188
[19/Jun/2025 10:13:14] "GET /countries/ HTTP/1.1" 200 60188
[19/Jun/2025 10:13:14] "GET /countries/ HTTP/1.1" 200 60188
[19/Jun/2025 10:13:14] "GET /countries/ HTTP/1.1" 200 60188
[19/Jun/2025 10:13:14] "GET /countries/ HTTP/1.1" 200 60188
[19/Jun/2025 10:13:19] "GET / HTTP/1.1" 200 11789
[19/Jun/2025 10:13:26] "POST /set-language/ HTTP/1.1" 200 39
[19/Jun/2025 10:13:27] "GET /countries/ HTTP/1.1" 200 60188
Not Found: /admin/entries/admin-check/
[19/Jun/2025 10:13:27] "GET /admin/entries/admin-check/ HTTP/1.1" 404 5392
[19/Jun/2025 10:13:30] "GET /argentina/ HTTP/1.1" 200 112869
Not Found: /admin/entries/admin-check/
[19/Jun/2025 10:13:30] "GET /admin/entries/admin-check/ HTTP/1.1" 404 5392
[19/Jun/2025 10:13:31] "POST /track-view/ HTTP/1.1" 302 0
[19/Jun/2025 10:13:31] "POST /track-view/ HTTP/1.1" 302 0
[19/Jun/2025 10:13:31] "POST /track-view/ HTTP/1.1" 302 0
[19/Jun/2025 10:13:31] "POST /track-view/ HTTP/1.1" 302 0
[19/Jun/2025 10:13:31] "POST /track-view/ HTTP/1.1" 302 0
[19/Jun/2025 10:13:31] "POST /track-view/ HTTP/1.1" 302 0
[19/Jun/2025 10:13:31] "GET /countries/ HTTP/1.1" 200 60192
[19/Jun/2025 10:13:31] "POST /track-view/ HTTP/1.1" 302 0
[19/Jun/2025 10:13:31] "POST /track-view/ HTTP/1.1" 302 0
[19/Jun/2025 10:13:31] "POST /track-view/ HTTP/1.1" 302 0
[19/Jun/2025 10:13:31] "POST /track-view/ HTTP/1.1" 302 0
[19/Jun/2025 10:13:31] "POST /track-view/ HTTP/1.1" 302 0
[19/Jun/2025 10:13:31] "POST /track-view/ HTTP/1.1" 302 0
[19/Jun/2025 10:13:31] "GET /countries/ HTTP/1.1" 200 60192
[19/Jun/2025 10:13:31] "GET /countries/ HTTP/1.1" 200 60192
[19/Jun/2025 10:13:31] "GET /countries/ HTTP/1.1" 200 60192
[19/Jun/2025 10:13:31] "GET /countries/ HTTP/1.1" 200 60192
[19/Jun/2025 10:13:31] "GET /countries/ HTTP/1.1" 200 60192
[19/Jun/2025 10:13:31] "GET /countries/ HTTP/1.1" 200 60192
[19/Jun/2025 10:13:31] "GET /countries/ HTTP/1.1" 200 60192
[19/Jun/2025 10:13:31] "GET /countries/ HTTP/1.1" 200 60192
[19/Jun/2025 10:13:31] "GET /countries/ HTTP/1.1" 200 60192
[19/Jun/2025 10:13:31] "GET /countries/ HTTP/1.1" 200 60192
[19/Jun/2025 10:13:31] "GET /countries/ HTTP/1.1" 200 60192
[19/Jun/2025 10:16:11] "GET /argentina/ HTTP/1.1" 200 112941
Not Found: /admin/entries/admin-check/
[19/Jun/2025 10:16:11] "GET /admin/entries/admin-check/ HTTP/1.1" 404 5392
[19/Jun/2025 10:16:11] "POST /track-view/ HTTP/1.1" 302 0
[19/Jun/2025 10:16:11] "POST /track-view/ HTTP/1.1" 302 0
[19/Jun/2025 10:16:11] "POST /track-view/ HTTP/1.1" 302 0
[19/Jun/2025 10:16:11] "GET /countries/ HTTP/1.1" 200 60192
[19/Jun/2025 10:16:11] "GET /countries/ HTTP/1.1" 200 60192
[19/Jun/2025 10:16:11] "GET /countries/ HTTP/1.1" 200 60192
[19/Jun/2025 10:16:11] "POST /track-view/ HTTP/1.1" 302 0
[19/Jun/2025 10:16:11] "POST /track-view/ HTTP/1.1" 302 0
[19/Jun/2025 10:16:11] "POST /track-view/ HTTP/1.1" 302 0
[19/Jun/2025 10:16:11] "GET /countries/ HTTP/1.1" 200 60192
[19/Jun/2025 10:16:11] "GET /countries/ HTTP/1.1" 200 60192
[19/Jun/2025 10:16:11] "GET /countries/ HTTP/1.1" 200 60192
[19/Jun/2025 10:16:11] "POST /track-view/ HTTP/1.1" 302 0
[19/Jun/2025 10:16:11] "POST /track-view/ HTTP/1.1" 302 0
[19/Jun/2025 10:16:11] "POST /track-view/ HTTP/1.1" 302 0
[19/Jun/2025 10:16:11] "POST /track-view/ HTTP/1.1" 302 0
[19/Jun/2025 10:16:11] "POST /track-view/ HTTP/1.1" 302 0
[19/Jun/2025 10:16:11] "POST /track-view/ HTTP/1.1" 302 0
[19/Jun/2025 10:16:11] "GET /countries/ HTTP/1.1" 200 60192
[19/Jun/2025 10:16:11] "GET /countries/ HTTP/1.1" 200 60192
[19/Jun/2025 10:16:11] "GET /countries/ HTTP/1.1" 200 60192
[19/Jun/2025 10:16:11] "GET /countries/ HTTP/1.1" 200 60192
[19/Jun/2025 10:16:11] "GET /countries/ HTTP/1.1" 200 60192
[19/Jun/2025 10:16:11] "GET /countries/ HTTP/1.1" 200 60192
[19/Jun/2025 10:16:22] "POST /track-view/ HTTP/1.1" 302 0
[19/Jun/2025 10:16:22] "POST /track-view/ HTTP/1.1" 302 0
[19/Jun/2025 10:16:22] "POST /track-view/ HTTP/1.1" 302 0
[19/Jun/2025 10:16:22] "POST /track-view/ HTTP/1.1" 302 0
[19/Jun/2025 10:16:22] "POST /track-view/ HTTP/1.1" 302 0
[19/Jun/2025 10:16:22] "POST /track-view/ HTTP/1.1" 302 0
[19/Jun/2025 10:16:22] "GET /countries/ HTTP/1.1" 200 60192
[19/Jun/2025 10:16:22] "POST /track-view/ HTTP/1.1" 302 0
[19/Jun/2025 10:16:22] "POST /track-view/ HTTP/1.1" 302 0
[19/Jun/2025 10:16:22] "GET /countries/ HTTP/1.1" 200 60192
[19/Jun/2025 10:16:22] "POST /track-view/ HTTP/1.1" 302 0
[19/Jun/2025 10:16:22] "POST /track-view/ HTTP/1.1" 302 0
[19/Jun/2025 10:16:22] "POST /track-view/ HTTP/1.1" 302 0
[19/Jun/2025 10:16:22] "POST /track-view/ HTTP/1.1" 302 0
[19/Jun/2025 10:16:22] "GET /countries/ HTTP/1.1" 200 60192
[19/Jun/2025 10:16:22] "GET /countries/ HTTP/1.1" 200 60192
[19/Jun/2025 10:16:22] "GET /countries/ HTTP/1.1" 200 60192
[19/Jun/2025 10:16:22] "GET /countries/ HTTP/1.1" 200 60192
[19/Jun/2025 10:16:22] "GET /countries/ HTTP/1.1" 200 60192
[19/Jun/2025 10:16:22] "GET /countries/ HTTP/1.1" 200 60192
[19/Jun/2025 10:16:22] "GET /countries/ HTTP/1.1" 200 60192
[19/Jun/2025 10:16:22] "GET /countries/ HTTP/1.1" 200 60192
[19/Jun/2025 10:16:22] "GET /countries/ HTTP/1.1" 200 60192
[19/Jun/2025 10:16:22] "GET /countries/ HTTP/1.1" 200 60192
[19/Jun/2025 10:16:24] "POST /track-view/ HTTP/1.1" 302 0
[19/Jun/2025 10:16:24] "POST /track-view/ HTTP/1.1" 302 0
[19/Jun/2025 10:16:24] "POST /track-view/ HTTP/1.1" 302 0
[19/Jun/2025 10:16:24] "GET /countries/ HTTP/1.1" 200 60192
[19/Jun/2025 10:16:24] "GET /countries/ HTTP/1.1" 200 60192
[19/Jun/2025 10:16:24] "GET /countries/ HTTP/1.1" 200 60192
[19/Jun/2025 10:16:24] "POST /track-view/ HTTP/1.1" 302 0
[19/Jun/2025 10:16:24] "POST /track-view/ HTTP/1.1" 302 0
[19/Jun/2025 10:16:24] "POST /track-view/ HTTP/1.1" 302 0
[19/Jun/2025 10:16:24] "GET /countries/ HTTP/1.1" 200 60192
[19/Jun/2025 10:16:24] "GET /countries/ HTTP/1.1" 200 60192
[19/Jun/2025 10:16:24] "POST /track-view/ HTTP/1.1" 302 0
[19/Jun/2025 10:16:24] "POST /track-view/ HTTP/1.1" 302 0
[19/Jun/2025 10:16:24] "POST /track-view/ HTTP/1.1" 302 0
[19/Jun/2025 10:16:24] "GET /countries/ HTTP/1.1" 200 60192
[19/Jun/2025 10:16:24] "GET /countries/ HTTP/1.1" 200 60192
[19/Jun/2025 10:16:24] "GET /countries/ HTTP/1.1" 200 60192
[19/Jun/2025 10:16:24] "GET /countries/ HTTP/1.1" 200 60192
[19/Jun/2025 10:16:24] "POST /track-view/ HTTP/1.1" 302 0
[19/Jun/2025 10:16:24] "POST /track-view/ HTTP/1.1" 302 0
[19/Jun/2025 10:16:24] "POST /track-view/ HTTP/1.1" 302 0
[19/Jun/2025 10:16:24] "GET /countries/ HTTP/1.1" 200 60192
[19/Jun/2025 10:16:24] "GET /countries/ HTTP/1.1" 200 60192
[19/Jun/2025 10:16:24] "GET /countries/ HTTP/1.1" 200 60192
/Users/tavinsky/lingo_project/entries/translations.py changed, reloading.
Performing system checks...

System check identified no issues (0 silenced).
June 18, 2025 - 20:31:15
Django version 4.2.23, using settings 'lingo_project.settings'
Starting development server at http://127.0.0.1:8000/
Quit the server with CONTROL-C.

Watching for file changes with StatReloader
[19/Jun/2025 10:16:30] "GET /argentina/ HTTP/1.1" 200 112943
Not Found: /admin/entries/admin-check/
[19/Jun/2025 10:16:30] "GET /admin/entries/admin-check/ HTTP/1.1" 404 5392
[19/Jun/2025 10:16:31] "POST /track-view/ HTTP/1.1" 302 0
[19/Jun/2025 10:16:31] "POST /track-view/ HTTP/1.1" 302 0
[19/Jun/2025 10:16:31] "POST /track-view/ HTTP/1.1" 302 0
[19/Jun/2025 10:16:31] "GET /countries/ HTTP/1.1" 200 60192
[19/Jun/2025 10:16:31] "GET /countries/ HTTP/1.1" 200 60192
[19/Jun/2025 10:16:31] "GET /countries/ HTTP/1.1" 200 60192
[19/Jun/2025 10:16:31] "POST /track-view/ HTTP/1.1" 302 0
[19/Jun/2025 10:16:31] "POST /track-view/ HTTP/1.1" 302 0
[19/Jun/2025 10:16:31] "POST /track-view/ HTTP/1.1" 302 0
[19/Jun/2025 10:16:31] "GET /countries/ HTTP/1.1" 200 60192
[19/Jun/2025 10:16:31] "GET /countries/ HTTP/1.1" 200 60192
[19/Jun/2025 10:16:31] "GET /countries/ HTTP/1.1" 200 60192
[19/Jun/2025 10:16:31] "POST /track-view/ HTTP/1.1" 302 0
[19/Jun/2025 10:16:31] "POST /track-view/ HTTP/1.1" 302 0
[19/Jun/2025 10:16:31] "POST /track-view/ HTTP/1.1" 302 0
[19/Jun/2025 10:16:31] "GET /countries/ HTTP/1.1" 200 60192
[19/Jun/2025 10:16:31] "GET /countries/ HTTP/1.1" 200 60192
[19/Jun/2025 10:16:31] "GET /countries/ HTTP/1.1" 200 60192
[19/Jun/2025 10:16:31] "POST /track-view/ HTTP/1.1" 302 0
[19/Jun/2025 10:16:31] "POST /track-view/ HTTP/1.1" 302 0
[19/Jun/2025 10:16:31] "POST /track-view/ HTTP/1.1" 302 0
[19/Jun/2025 10:16:31] "GET /countries/ HTTP/1.1" 200 60192
[19/Jun/2025 10:16:31] "GET /countries/ HTTP/1.1" 200 60192
[19/Jun/2025 10:16:31] "GET /countries/ HTTP/1.1" 200 60192
[19/Jun/2025 12:22:53] "GET /?id=99aea0f2-c75f-44ef-a234-2b8ca5498576&vscodeBrowserReqId=1750335773007 HTTP/1.1" 200 11593
[19/Jun/2025 12:25:19] "GET /argentina/?id=99aea0f2-c75f-44ef-a234-2b8ca5498576&vscodeBrowserReqId=1750335919203 HTTP/1.1" 200 114761
[19/Jun/2025 12:32:51] "GET /argentina/ HTTP/1.1" 200 125333
[19/Jun/2025 12:32:51] "GET /static/entries/js/admin-editing.js HTTP/1.1" 304 0
Not Found: /admin/entries/admin-check/
[19/Jun/2025 12:32:51] "GET /admin/entries/admin-check/ HTTP/1.1" 404 5392
[19/Jun/2025 12:32:51] "POST /track-view/ HTTP/1.1" 302 0
[19/Jun/2025 12:32:51] "POST /track-view/ HTTP/1.1" 302 0
[19/Jun/2025 12:32:51] "POST /track-view/ HTTP/1.1" 302 0
[19/Jun/2025 12:32:51] "GET /countries/ HTTP/1.1" 200 60192
[19/Jun/2025 12:32:51] "GET /countries/ HTTP/1.1" 200 60192
[19/Jun/2025 12:32:51] "GET /countries/ HTTP/1.1" 200 60192
[19/Jun/2025 12:32:51] "POST /track-view/ HTTP/1.1" 302 0
[19/Jun/2025 12:32:51] "POST /track-view/ HTTP/1.1" 302 0
[19/Jun/2025 12:32:51] "POST /track-view/ HTTP/1.1" 302 0
[19/Jun/2025 12:32:51] "GET /countries/ HTTP/1.1" 200 60192
[19/Jun/2025 12:32:51] "GET /countries/ HTTP/1.1" 200 60192
[19/Jun/2025 12:32:51] "POST /track-view/ HTTP/1.1" 302 0
[19/Jun/2025 12:32:51] "POST /track-view/ HTTP/1.1" 302 0
[19/Jun/2025 12:32:51] "POST /track-view/ HTTP/1.1" 302 0
[19/Jun/2025 12:32:51] "GET /countries/ HTTP/1.1" 200 60192
[19/Jun/2025 12:32:51] "GET /countries/ HTTP/1.1" 200 60192
[19/Jun/2025 12:32:51] "GET /countries/ HTTP/1.1" 200 60192
[19/Jun/2025 12:32:51] "POST /track-view/ HTTP/1.1" 302 0
[19/Jun/2025 12:32:51] "POST /track-view/ HTTP/1.1" 302 0
[19/Jun/2025 12:32:51] "GET /countries/ HTTP/1.1" 200 60192
[19/Jun/2025 12:32:51] "POST /track-view/ HTTP/1.1" 302 0
[19/Jun/2025 12:32:51] "GET /countries/ HTTP/1.1" 200 60192
[19/Jun/2025 12:32:51] "GET /countries/ HTTP/1.1" 200 60192
[19/Jun/2025 12:32:51] "GET /countries/ HTTP/1.1" 200 60192
[19/Jun/2025 12:32:54] "POST /track-view/ HTTP/1.1" 302 0
[19/Jun/2025 12:32:54] "POST /track-view/ HTTP/1.1" 302 0
[19/Jun/2025 12:32:54] "POST /track-view/ HTTP/1.1" 302 0
[19/Jun/2025 12:32:54] "POST /track-view/ HTTP/1.1" 302 0
[19/Jun/2025 12:32:54] "GET /countries/ HTTP/1.1" 200 60192
[19/Jun/2025 12:32:54] "POST /track-view/ HTTP/1.1" 302 0
[19/Jun/2025 12:32:54] "POST /track-view/ HTTP/1.1" 302 0
[19/Jun/2025 12:32:54] "GET /countries/ HTTP/1.1" 200 60192
[19/Jun/2025 12:32:54] "GET /countries/ HTTP/1.1" 200 60192
[19/Jun/2025 12:32:54] "GET /countries/ HTTP/1.1" 200 60192
[19/Jun/2025 12:32:54] "GET /countries/ HTTP/1.1" 200 60192
[19/Jun/2025 12:32:54] "GET /countries/ HTTP/1.1" 200 60192
[19/Jun/2025 12:32:54] "POST /track-view/ HTTP/1.1" 302 0
[19/Jun/2025 12:32:54] "POST /track-view/ HTTP/1.1" 302 0
[19/Jun/2025 12:32:54] "POST /track-view/ HTTP/1.1" 302 0
[19/Jun/2025 12:32:54] "POST /track-view/ HTTP/1.1" 302 0
[19/Jun/2025 12:32:54] "POST /track-view/ HTTP/1.1" 302 0
[19/Jun/2025 12:32:54] "POST /track-view/ HTTP/1.1" 302 0
[19/Jun/2025 12:32:54] "GET /countries/ HTTP/1.1" 200 60192
[19/Jun/2025 12:32:54] "GET /countries/ HTTP/1.1" 200 60192
[19/Jun/2025 12:32:54] "GET /countries/ HTTP/1.1" 200 60192
[19/Jun/2025 12:32:54] "GET /countries/ HTTP/1.1" 200 60192
[19/Jun/2025 12:32:54] "GET /countries/ HTTP/1.1" 200 60192
[19/Jun/2025 12:32:54] "GET /countries/ HTTP/1.1" 200 60192
[19/Jun/2025 12:32:55] "POST /track-view/ HTTP/1.1" 302 0
[19/Jun/2025 12:32:55] "POST /track-view/ HTTP/1.1" 302 0
[19/Jun/2025 12:32:55] "POST /track-view/ HTTP/1.1" 302 0
[19/Jun/2025 12:32:55] "GET /countries/ HTTP/1.1" 200 60192
[19/Jun/2025 12:32:55] "GET /countries/ HTTP/1.1" 200 60192
[19/Jun/2025 12:32:55] "POST /track-view/ HTTP/1.1" 302 0
[19/Jun/2025 12:32:55] "POST /track-view/ HTTP/1.1" 302 0
[19/Jun/2025 12:32:55] "POST /track-view/ HTTP/1.1" 302 0
[19/Jun/2025 12:32:55] "GET /countries/ HTTP/1.1" 200 60192
[19/Jun/2025 12:32:55] "GET /countries/ HTTP/1.1" 200 60192
[19/Jun/2025 12:32:55] "GET /countries/ HTTP/1.1" 200 60192
[19/Jun/2025 12:32:55] "POST /track-view/ HTTP/1.1" 302 0
[19/Jun/2025 12:32:55] "POST /track-view/ HTTP/1.1" 302 0
[19/Jun/2025 12:32:55] "POST /track-view/ HTTP/1.1" 302 0
[19/Jun/2025 12:32:55] "GET /countries/ HTTP/1.1" 200 60192
[19/Jun/2025 12:32:55] "GET /countries/ HTTP/1.1" 200 60192
[19/Jun/2025 12:32:55] "GET /countries/ HTTP/1.1" 200 60192
[19/Jun/2025 12:32:55] "GET /countries/ HTTP/1.1" 200 60192
[19/Jun/2025 12:32:55] "POST /track-view/ HTTP/1.1" 302 0
[19/Jun/2025 12:32:55] "POST /track-view/ HTTP/1.1" 302 0
[19/Jun/2025 12:32:55] "POST /track-view/ HTTP/1.1" 302 0
[19/Jun/2025 12:32:55] "GET /countries/ HTTP/1.1" 200 60192
[19/Jun/2025 12:32:55] "GET /countries/ HTTP/1.1" 200 60192
[19/Jun/2025 12:32:55] "GET /countries/ HTTP/1.1" 200 60192
[19/Jun/2025 12:39:19] "GET /argentina/ HTTP/1.1" 200 128014
[19/Jun/2025 12:39:19] "POST /track-view/ HTTP/1.1" 302 0
[19/Jun/2025 12:39:19] "POST /track-view/ HTTP/1.1" 302 0
[19/Jun/2025 12:39:19] "POST /track-view/ HTTP/1.1" 302 0
[19/Jun/2025 12:39:19] "POST /track-view/ HTTP/1.1" 302 0
[19/Jun/2025 12:39:19] "POST /track-view/ HTTP/1.1" 302 0
[19/Jun/2025 12:39:19] "POST /track-view/ HTTP/1.1" 302 0
[19/Jun/2025 12:39:19] "POST /track-view/ HTTP/1.1" 302 0
[19/Jun/2025 12:39:19] "POST /track-view/ HTTP/1.1" 302 0
[19/Jun/2025 12:39:19] "POST /track-view/ HTTP/1.1" 302 0
[19/Jun/2025 12:39:19] "POST /track-view/ HTTP/1.1" 302 0
[19/Jun/2025 12:39:19] "POST /track-view/ HTTP/1.1" 302 0
[19/Jun/2025 12:39:19] "POST /track-view/ HTTP/1.1" 302 0
Not Found: /admin/entries/admin-check/
[19/Jun/2025 12:39:19] "GET /admin/entries/admin-check/ HTTP/1.1" 404 5392
[19/Jun/2025 12:39:19] "GET /countries/ HTTP/1.1" 200 60192
[19/Jun/2025 12:39:19] "GET /countries/ HTTP/1.1" 200 60192
[19/Jun/2025 12:39:19] "GET /countries/ HTTP/1.1" 200 60192
[19/Jun/2025 12:39:19] "GET /countries/ HTTP/1.1" 200 60192
[19/Jun/2025 12:39:19] "GET /countries/ HTTP/1.1" 200 60192
[19/Jun/2025 12:39:19] "GET /countries/ HTTP/1.1" 200 60192
[19/Jun/2025 12:39:19] "GET /countries/ HTTP/1.1" 200 60192
[19/Jun/2025 12:39:19] "GET /countries/ HTTP/1.1" 200 60192
[19/Jun/2025 12:39:19] "GET /countries/ HTTP/1.1" 200 60192
[19/Jun/2025 12:39:19] "GET /countries/ HTTP/1.1" 200 60192
[19/Jun/2025 12:39:19] "GET /countries/ HTTP/1.1" 200 60192
[19/Jun/2025 12:39:19] "GET /countries/ HTTP/1.1" 200 60192
[19/Jun/2025 12:41:45] "GET /argentina/ HTTP/1.1" 200 131772
Not Found: /admin/entries/admin-check/
[19/Jun/2025 12:41:45] "GET /admin/entries/admin-check/ HTTP/1.1" 404 5392
[19/Jun/2025 12:41:45] "POST /track-view/ HTTP/1.1" 302 0
[19/Jun/2025 12:41:45] "POST /track-view/ HTTP/1.1" 302 0
[19/Jun/2025 12:41:45] "POST /track-view/ HTTP/1.1" 302 0
[19/Jun/2025 12:41:45] "POST /track-view/ HTTP/1.1" 302 0
[19/Jun/2025 12:41:45] "POST /track-view/ HTTP/1.1" 302 0
[19/Jun/2025 12:41:45] "POST /track-view/ HTTP/1.1" 302 0
[19/Jun/2025 12:41:45] "POST /track-view/ HTTP/1.1" 302 0
[19/Jun/2025 12:41:45] "POST /track-view/ HTTP/1.1" 302 0
[19/Jun/2025 12:41:45] "POST /track-view/ HTTP/1.1" 302 0
[19/Jun/2025 12:41:45] "POST /track-view/ HTTP/1.1" 302 0
[19/Jun/2025 12:41:45] "POST /track-view/ HTTP/1.1" 302 0
[19/Jun/2025 12:41:45] "POST /track-view/ HTTP/1.1" 302 0
[19/Jun/2025 12:41:45] "GET /countries/ HTTP/1.1" 200 60192
[19/Jun/2025 12:41:45] "GET /countries/ HTTP/1.1" 200 60192
[19/Jun/2025 12:41:45] "GET /countries/ HTTP/1.1" 200 60192
[19/Jun/2025 12:41:45] "GET /countries/ HTTP/1.1" 200 60192
[19/Jun/2025 12:41:45] "GET /countries/ HTTP/1.1" 200 60192
[19/Jun/2025 12:41:45] "GET /countries/ HTTP/1.1" 200 60192
[19/Jun/2025 12:41:45] "GET /countries/ HTTP/1.1" 200 60192
[19/Jun/2025 12:41:45] "GET /countries/ HTTP/1.1" 200 60192
[19/Jun/2025 12:41:45] "GET /countries/ HTTP/1.1" 200 60192
[19/Jun/2025 12:41:45] "GET /countries/ HTTP/1.1" 200 60192
[19/Jun/2025 12:41:45] "GET /countries/ HTTP/1.1" 200 60192
[19/Jun/2025 12:41:45] "GET /countries/ HTTP/1.1" 200 60192
[19/Jun/2025 12:41:51] "GET /argentina/ HTTP/1.1" 200 131602
Not Found: /admin/entries/admin-check/
[19/Jun/2025 12:41:51] "GET /admin/entries/admin-check/ HTTP/1.1" 404 5392
[19/Jun/2025 12:41:51] "POST /track-view/ HTTP/1.1" 302 0
[19/Jun/2025 12:41:51] "POST /track-view/ HTTP/1.1" 302 0
[19/Jun/2025 12:41:51] "POST /track-view/ HTTP/1.1" 302 0
[19/Jun/2025 12:41:51] "POST /track-view/ HTTP/1.1" 302 0
[19/Jun/2025 12:41:51] "POST /track-view/ HTTP/1.1" 302 0
[19/Jun/2025 12:41:51] "POST /track-view/ HTTP/1.1" 302 0
[19/Jun/2025 12:41:51] "POST /track-view/ HTTP/1.1" 302 0
[19/Jun/2025 12:41:51] "POST /track-view/ HTTP/1.1" 302 0
[19/Jun/2025 12:41:51] "POST /track-view/ HTTP/1.1" 302 0
[19/Jun/2025 12:41:51] "POST /track-view/ HTTP/1.1" 302 0
[19/Jun/2025 12:41:51] "POST /track-view/ HTTP/1.1" 302 0
[19/Jun/2025 12:41:51] "POST /track-view/ HTTP/1.1" 302 0
[19/Jun/2025 12:41:51] "GET /countries/ HTTP/1.1" 200 60192
[19/Jun/2025 12:41:51] "GET /countries/ HTTP/1.1" 200 60192
[19/Jun/2025 12:41:51] "GET /countries/ HTTP/1.1" 200 60192
[19/Jun/2025 12:41:51] "GET /countries/ HTTP/1.1" 200 60192
[19/Jun/2025 12:41:51] "GET /countries/ HTTP/1.1" 200 60192
[19/Jun/2025 12:41:51] "GET /countries/ HTTP/1.1" 200 60192
[19/Jun/2025 12:41:51] "GET /countries/ HTTP/1.1" 200 60192
[19/Jun/2025 12:41:51] "GET /countries/ HTTP/1.1" 200 60192
[19/Jun/2025 12:41:51] "GET /countries/ HTTP/1.1" 200 60192
[19/Jun/2025 12:41:51] "GET /countries/ HTTP/1.1" 200 60192
[19/Jun/2025 12:41:51] "GET /countries/ HTTP/1.1" 200 60192
[19/Jun/2025 12:41:51] "GET /countries/ HTTP/1.1" 200 60192
[19/Jun/2025 12:42:02] "POST /track-view/ HTTP/1.1" 302 0
[19/Jun/2025 12:42:02] "POST /track-view/ HTTP/1.1" 302 0
[19/Jun/2025 12:42:02] "POST /track-view/ HTTP/1.1" 302 0
[19/Jun/2025 12:42:02] "GET /countries/ HTTP/1.1" 200 60192
[19/Jun/2025 12:42:02] "GET /countries/ HTTP/1.1" 200 60192
[19/Jun/2025 12:42:02] "POST /track-view/ HTTP/1.1" 302 0
[19/Jun/2025 12:42:02] "GET /countries/ HTTP/1.1" 200 60192
[19/Jun/2025 12:42:02] "POST /track-view/ HTTP/1.1" 302 0
[19/Jun/2025 12:42:02] "GET /countries/ HTTP/1.1" 200 60192
[19/Jun/2025 12:42:02] "GET /countries/ HTTP/1.1" 200 60192
[19/Jun/2025 12:42:02] "POST /track-view/ HTTP/1.1" 302 0
[19/Jun/2025 12:42:02] "GET /countries/ HTTP/1.1" 200 60192
[19/Jun/2025 12:42:02] "POST /track-view/ HTTP/1.1" 302 0
[19/Jun/2025 12:42:02] "POST /track-view/ HTTP/1.1" 302 0
[19/Jun/2025 12:42:02] "POST /track-view/ HTTP/1.1" 302 0
[19/Jun/2025 12:42:02] "GET /countries/ HTTP/1.1" 200 60192
[19/Jun/2025 12:42:02] "GET /countries/ HTTP/1.1" 200 60192
[19/Jun/2025 12:42:02] "GET /countries/ HTTP/1.1" 200 60192
[19/Jun/2025 12:42:02] "POST /track-view/ HTTP/1.1" 302 0
[19/Jun/2025 12:42:02] "GET /countries/ HTTP/1.1" 200 60192
[19/Jun/2025 12:42:02] "POST /track-view/ HTTP/1.1" 302 0
[19/Jun/2025 12:42:02] "GET /countries/ HTTP/1.1" 200 60192
[19/Jun/2025 12:42:02] "POST /track-view/ HTTP/1.1" 302 0
[19/Jun/2025 12:42:02] "GET /countries/ HTTP/1.1" 200 60192
[19/Jun/2025 12:42:39] "POST /track-view/ HTTP/1.1" 302 0
[19/Jun/2025 12:42:39] "POST /track-view/ HTTP/1.1" 302 0
[19/Jun/2025 12:42:39] "POST /track-view/ HTTP/1.1" 302 0
[19/Jun/2025 12:42:39] "POST /track-view/ HTTP/1.1" 302 0
[19/Jun/2025 12:42:39] "POST /track-view/ HTTP/1.1" 302 0
[19/Jun/2025 12:42:39] "POST /track-view/ HTTP/1.1" 302 0
[19/Jun/2025 12:42:39] "GET /countries/ HTTP/1.1" 200 60192
[19/Jun/2025 12:42:39] "POST /track-view/ HTTP/1.1" 302 0
[19/Jun/2025 12:42:39] "POST /track-view/ HTTP/1.1" 302 0
[19/Jun/2025 12:42:39] "POST /track-view/ HTTP/1.1" 302 0
[19/Jun/2025 12:42:39] "POST /track-view/ HTTP/1.1" 302 0
[19/Jun/2025 12:42:39] "GET /countries/ HTTP/1.1" 200 60192
[19/Jun/2025 12:42:39] "POST /track-view/ HTTP/1.1" 302 0
[19/Jun/2025 12:42:39] "POST /track-view/ HTTP/1.1" 302 0
[19/Jun/2025 12:42:39] "GET /countries/ HTTP/1.1" 200 60192
[19/Jun/2025 12:42:39] "GET /countries/ HTTP/1.1" 200 60192
[19/Jun/2025 12:42:39] "GET /countries/ HTTP/1.1" 200 60192
[19/Jun/2025 12:42:39] "GET /countries/ HTTP/1.1" 200 60192
[19/Jun/2025 12:42:39] "GET /countries/ HTTP/1.1" 200 60192
[19/Jun/2025 12:42:39] "GET /countries/ HTTP/1.1" 200 60192
[19/Jun/2025 12:42:39] "GET /countries/ HTTP/1.1" 200 60192
[19/Jun/2025 12:42:39] "GET /countries/ HTTP/1.1" 200 60192
[19/Jun/2025 12:42:39] "GET /countries/ HTTP/1.1" 200 60192
[19/Jun/2025 12:42:39] "GET /countries/ HTTP/1.1" 200 60192
[19/Jun/2025 12:42:40] "POST /track-view/ HTTP/1.1" 302 0
[19/Jun/2025 12:42:40] "POST /track-view/ HTTP/1.1" 302 0
[19/Jun/2025 12:42:40] "POST /track-view/ HTTP/1.1" 302 0
[19/Jun/2025 12:42:40] "GET /countries/ HTTP/1.1" 200 60192
[19/Jun/2025 12:42:40] "GET /countries/ HTTP/1.1" 200 60192
[19/Jun/2025 12:42:40] "GET /countries/ HTTP/1.1" 200 60192
[19/Jun/2025 12:42:40] "POST /track-view/ HTTP/1.1" 302 0
[19/Jun/2025 12:42:40] "GET /countries/ HTTP/1.1" 200 60192
[19/Jun/2025 12:42:40] "POST /track-view/ HTTP/1.1" 302 0
[19/Jun/2025 12:42:40] "GET /countries/ HTTP/1.1" 200 60192
[19/Jun/2025 12:42:40] "POST /track-view/ HTTP/1.1" 302 0
[19/Jun/2025 12:42:40] "GET /countries/ HTTP/1.1" 200 60192
[19/Jun/2025 12:42:41] "POST /track-view/ HTTP/1.1" 302 0
[19/Jun/2025 12:42:41] "POST /track-view/ HTTP/1.1" 302 0
[19/Jun/2025 12:42:41] "POST /track-view/ HTTP/1.1" 302 0
[19/Jun/2025 12:42:41] "GET /countries/ HTTP/1.1" 200 60192
[19/Jun/2025 12:42:41] "GET /countries/ HTTP/1.1" 200 60192
[19/Jun/2025 12:42:41] "GET /countries/ HTTP/1.1" 200 60192
[19/Jun/2025 12:42:41] "POST /track-view/ HTTP/1.1" 302 0
[19/Jun/2025 12:42:41] "POST /track-view/ HTTP/1.1" 302 0
[19/Jun/2025 12:42:41] "POST /track-view/ HTTP/1.1" 302 0
[19/Jun/2025 12:42:41] "GET /countries/ HTTP/1.1" 200 60192
[19/Jun/2025 12:42:41] "GET /countries/ HTTP/1.1" 200 60192
[19/Jun/2025 12:42:41] "GET /countries/ HTTP/1.1" 200 60192
[19/Jun/2025 12:42:41] "POST /track-view/ HTTP/1.1" 302 0
[19/Jun/2025 12:42:41] "GET /countries/ HTTP/1.1" 200 60192
[19/Jun/2025 12:42:41] "POST /track-view/ HTTP/1.1" 302 0
[19/Jun/2025 12:42:41] "GET /countries/ HTTP/1.1" 200 60192
[19/Jun/2025 12:42:41] "POST /track-view/ HTTP/1.1" 302 0
[19/Jun/2025 12:42:41] "GET /countries/ HTTP/1.1" 200 60192
[19/Jun/2025 13:52:19] "GET /argentina/ HTTP/1.1" 200 130187
[19/Jun/2025 13:52:19] "GET /static/entries/css/enhanced.css HTTP/1.1" 304 0
[19/Jun/2025 13:52:19] "POST /track-view/ HTTP/1.1" 302 0
[19/Jun/2025 13:52:19] "POST /track-view/ HTTP/1.1" 302 0
[19/Jun/2025 13:52:19] "POST /track-view/ HTTP/1.1" 302 0
[19/Jun/2025 13:52:19] "POST /track-view/ HTTP/1.1" 302 0
[19/Jun/2025 13:52:19] "POST /track-view/ HTTP/1.1" 302 0
[19/Jun/2025 13:52:19] "POST /track-view/ HTTP/1.1" 302 0
[19/Jun/2025 13:52:19] "POST /track-view/ HTTP/1.1" 302 0
[19/Jun/2025 13:52:19] "POST /track-view/ HTTP/1.1" 302 0
[19/Jun/2025 13:52:19] "POST /track-view/ HTTP/1.1" 302 0
[19/Jun/2025 13:52:19] "POST /track-view/ HTTP/1.1" 302 0
[19/Jun/2025 13:52:19] "POST /track-view/ HTTP/1.1" 302 0
[19/Jun/2025 13:52:19] "POST /track-view/ HTTP/1.1" 302 0
Not Found: /admin/entries/admin-check/
[19/Jun/2025 13:52:19] "GET /admin/entries/admin-check/ HTTP/1.1" 404 5392
[19/Jun/2025 13:52:19] "GET /countries/ HTTP/1.1" 200 60192
[19/Jun/2025 13:52:19] "GET /countries/ HTTP/1.1" 200 60192
[19/Jun/2025 13:52:19] "GET /countries/ HTTP/1.1" 200 60192
[19/Jun/2025 13:52:19] "GET /countries/ HTTP/1.1" 200 60192
[19/Jun/2025 13:52:19] "GET /countries/ HTTP/1.1" 200 60192
[19/Jun/2025 13:52:19] "GET /countries/ HTTP/1.1" 200 60192
[19/Jun/2025 13:52:19] "GET /countries/ HTTP/1.1" 200 60192
[19/Jun/2025 13:52:19] "GET /countries/ HTTP/1.1" 200 60192
[19/Jun/2025 13:52:19] "GET /countries/ HTTP/1.1" 200 60192
[19/Jun/2025 13:52:19] "GET /countries/ HTTP/1.1" 200 60192
[19/Jun/2025 13:52:19] "GET /countries/ HTTP/1.1" 200 60192
[19/Jun/2025 13:52:19] "GET /countries/ HTTP/1.1" 200 60192
[19/Jun/2025 13:52:26] "GET /argentina/ HTTP/1.1" 200 130218
Not Found: /admin/entries/admin-check/
[19/Jun/2025 13:52:26] "GET /admin/entries/admin-check/ HTTP/1.1" 404 5392
[19/Jun/2025 13:52:26] "POST /track-view/ HTTP/1.1" 302 0
[19/Jun/2025 13:52:26] "POST /track-view/ HTTP/1.1" 302 0
[19/Jun/2025 13:52:26] "POST /track-view/ HTTP/1.1" 302 0
[19/Jun/2025 13:52:26] "POST /track-view/ HTTP/1.1" 302 0
[19/Jun/2025 13:52:26] "POST /track-view/ HTTP/1.1" 302 0
[19/Jun/2025 13:52:26] "POST /track-view/ HTTP/1.1" 302 0
[19/Jun/2025 13:52:26] "POST /track-view/ HTTP/1.1" 302 0
[19/Jun/2025 13:52:26] "POST /track-view/ HTTP/1.1" 302 0
[19/Jun/2025 13:52:26] "POST /track-view/ HTTP/1.1" 302 0
[19/Jun/2025 13:52:26] "POST /track-view/ HTTP/1.1" 302 0
[19/Jun/2025 13:52:26] "POST /track-view/ HTTP/1.1" 302 0
[19/Jun/2025 13:52:26] "POST /track-view/ HTTP/1.1" 302 0
[19/Jun/2025 13:52:26] "GET /countries/ HTTP/1.1" 200 60192
[19/Jun/2025 13:52:26] "GET /countries/ HTTP/1.1" 200 60192
[19/Jun/2025 13:52:26] "GET /countries/ HTTP/1.1" 200 60192
[19/Jun/2025 13:52:26] "GET /countries/ HTTP/1.1" 200 60192
[19/Jun/2025 13:52:26] "GET /countries/ HTTP/1.1" 200 60192
[19/Jun/2025 13:52:27] "GET /countries/ HTTP/1.1" 200 60192
[19/Jun/2025 13:52:27] "GET /countries/ HTTP/1.1" 200 60192
[19/Jun/2025 13:52:27] "GET /countries/ HTTP/1.1" 200 60192
[19/Jun/2025 13:52:27] "GET /countries/ HTTP/1.1" 200 60192
[19/Jun/2025 13:52:27] "GET /countries/ HTTP/1.1" 200 60192
[19/Jun/2025 13:52:27] "GET /countries/ HTTP/1.1" 200 60192
[19/Jun/2025 13:52:27] "GET /countries/ HTTP/1.1" 200 60192
[19/Jun/2025 13:52:28] "GET /argentina/ HTTP/1.1" 200 129923
Not Found: /admin/entries/admin-check/
[19/Jun/2025 13:52:28] "GET /admin/entries/admin-check/ HTTP/1.1" 404 5392
[19/Jun/2025 13:52:28] "POST /track-view/ HTTP/1.1" 302 0
[19/Jun/2025 13:52:28] "POST /track-view/ HTTP/1.1" 302 0
[19/Jun/2025 13:52:28] "POST /track-view/ HTTP/1.1" 302 0
[19/Jun/2025 13:52:28] "POST /track-view/ HTTP/1.1" 302 0
[19/Jun/2025 13:52:28] "POST /track-view/ HTTP/1.1" 302 0
[19/Jun/2025 13:52:28] "POST /track-view/ HTTP/1.1" 302 0
[19/Jun/2025 13:52:28] "POST /track-view/ HTTP/1.1" 302 0
[19/Jun/2025 13:52:28] "POST /track-view/ HTTP/1.1" 302 0
[19/Jun/2025 13:52:28] "POST /track-view/ HTTP/1.1" 302 0
[19/Jun/2025 13:52:28] "POST /track-view/ HTTP/1.1" 302 0
[19/Jun/2025 13:52:28] "POST /track-view/ HTTP/1.1" 302 0
[19/Jun/2025 13:52:28] "POST /track-view/ HTTP/1.1" 302 0
[19/Jun/2025 13:52:28] "GET /countries/ HTTP/1.1" 200 60192
[19/Jun/2025 13:52:28] "GET /countries/ HTTP/1.1" 200 60192
[19/Jun/2025 13:52:28] "GET /countries/ HTTP/1.1" 200 60192
[19/Jun/2025 13:52:28] "GET /countries/ HTTP/1.1" 200 60192
[19/Jun/2025 13:52:28] "GET /countries/ HTTP/1.1" 200 60192
[19/Jun/2025 13:52:28] "GET /countries/ HTTP/1.1" 200 60192
[19/Jun/2025 13:52:28] "GET /countries/ HTTP/1.1" 200 60192
[19/Jun/2025 13:52:28] "GET /countries/ HTTP/1.1" 200 60192
[19/Jun/2025 13:52:28] "GET /countries/ HTTP/1.1" 200 60192
[19/Jun/2025 13:52:28] "GET /countries/ HTTP/1.1" 200 60192
[19/Jun/2025 13:52:28] "GET /countries/ HTTP/1.1" 200 60192
[19/Jun/2025 13:52:28] "GET /countries/ HTTP/1.1" 200 60192
[19/Jun/2025 13:59:08] "GET /argentina/ HTTP/1.1" 200 87312
Not Found: /admin/entries/admin-check/
[19/Jun/2025 13:59:08] "GET /admin/entries/admin-check/ HTTP/1.1" 404 5392
[19/Jun/2025 13:59:08] "POST /track-view/ HTTP/1.1" 302 0
[19/Jun/2025 13:59:08] "POST /track-view/ HTTP/1.1" 302 0
[19/Jun/2025 13:59:08] "POST /track-view/ HTTP/1.1" 302 0
[19/Jun/2025 13:59:08] "POST /track-view/ HTTP/1.1" 302 0
[19/Jun/2025 13:59:08] "POST /track-view/ HTTP/1.1" 302 0
[19/Jun/2025 13:59:08] "POST /track-view/ HTTP/1.1" 302 0
[19/Jun/2025 13:59:08] "POST /track-view/ HTTP/1.1" 302 0
[19/Jun/2025 13:59:08] "POST /track-view/ HTTP/1.1" 302 0
[19/Jun/2025 13:59:08] "POST /track-view/ HTTP/1.1" 302 0
[19/Jun/2025 13:59:08] "POST /track-view/ HTTP/1.1" 302 0
[19/Jun/2025 13:59:08] "POST /track-view/ HTTP/1.1" 302 0
[19/Jun/2025 13:59:08] "POST /track-view/ HTTP/1.1" 302 0
[19/Jun/2025 13:59:08] "GET /countries/ HTTP/1.1" 200 60192
[19/Jun/2025 13:59:08] "GET /countries/ HTTP/1.1" 200 60192
[19/Jun/2025 13:59:08] "GET /countries/ HTTP/1.1" 200 60192
[19/Jun/2025 13:59:08] "GET /countries/ HTTP/1.1" 200 60192
[19/Jun/2025 13:59:08] "GET /countries/ HTTP/1.1" 200 60192
[19/Jun/2025 13:59:08] "GET /countries/ HTTP/1.1" 200 60192
[19/Jun/2025 13:59:08] "GET /countries/ HTTP/1.1" 200 60192
[19/Jun/2025 13:59:08] "GET /countries/ HTTP/1.1" 200 60192
[19/Jun/2025 13:59:08] "GET /countries/ HTTP/1.1" 200 60192
[19/Jun/2025 13:59:08] "GET /countries/ HTTP/1.1" 200 60192
[19/Jun/2025 13:59:08] "GET /countries/ HTTP/1.1" 200 60192
[19/Jun/2025 13:59:08] "GET /countries/ HTTP/1.1" 200 60192
[19/Jun/2025 13:59:14] "POST /track-view/ HTTP/1.1" 302 0
[19/Jun/2025 13:59:14] "POST /track-view/ HTTP/1.1" 302 0
[19/Jun/2025 13:59:14] "POST /track-view/ HTTP/1.1" 302 0
[19/Jun/2025 13:59:14] "POST /track-view/ HTTP/1.1" 302 0
[19/Jun/2025 13:59:14] "GET /countries/ HTTP/1.1" 200 60192
[19/Jun/2025 13:59:14] "GET /countries/ HTTP/1.1" 200 60192
[19/Jun/2025 13:59:14] "POST /track-view/ HTTP/1.1" 302 0
[19/Jun/2025 13:59:14] "POST /track-view/ HTTP/1.1" 302 0
[19/Jun/2025 13:59:14] "GET /countries/ HTTP/1.1" 200 60192
[19/Jun/2025 13:59:14] "GET /countries/ HTTP/1.1" 200 60192
[19/Jun/2025 13:59:14] "POST /track-view/ HTTP/1.1" 302 0
[19/Jun/2025 13:59:14] "POST /track-view/ HTTP/1.1" 302 0
[19/Jun/2025 13:59:14] "POST /track-view/ HTTP/1.1" 302 0
[19/Jun/2025 13:59:14] "GET /countries/ HTTP/1.1" 200 60192
[19/Jun/2025 13:59:14] "GET /countries/ HTTP/1.1" 200 60192
[19/Jun/2025 13:59:14] "GET /countries/ HTTP/1.1" 200 60192
[19/Jun/2025 13:59:14] "GET /countries/ HTTP/1.1" 200 60192
[19/Jun/2025 13:59:14] "GET /countries/ HTTP/1.1" 200 60192
[19/Jun/2025 13:59:14] "POST /track-view/ HTTP/1.1" 302 0
[19/Jun/2025 13:59:14] "POST /track-view/ HTTP/1.1" 302 0
[19/Jun/2025 13:59:14] "POST /track-view/ HTTP/1.1" 302 0
[19/Jun/2025 13:59:14] "GET /countries/ HTTP/1.1" 200 60192
[19/Jun/2025 13:59:14] "GET /countries/ HTTP/1.1" 200 60192
[19/Jun/2025 13:59:14] "GET /countries/ HTTP/1.1" 200 60192
[19/Jun/2025 13:59:15] "POST /track-view/ HTTP/1.1" 302 0
[19/Jun/2025 13:59:15] "POST /track-view/ HTTP/1.1" 302 0
[19/Jun/2025 13:59:15] "POST /track-view/ HTTP/1.1" 302 0
[19/Jun/2025 13:59:15] "POST /track-view/ HTTP/1.1" 302 0
[19/Jun/2025 13:59:15] "POST /track-view/ HTTP/1.1" 302 0
[19/Jun/2025 13:59:15] "POST /track-view/ HTTP/1.1" 302 0
[19/Jun/2025 13:59:15] "GET /countries/ HTTP/1.1" 200 60192
[19/Jun/2025 13:59:15] "GET /countries/ HTTP/1.1" 200 60192
[19/Jun/2025 13:59:15] "POST /track-view/ HTTP/1.1" 302 0
[19/Jun/2025 13:59:15] "POST /track-view/ HTTP/1.1" 302 0
[19/Jun/2025 13:59:15] "POST /track-view/ HTTP/1.1" 302 0
[19/Jun/2025 13:59:15] "POST /track-view/ HTTP/1.1" 302 0
[19/Jun/2025 13:59:15] "POST /track-view/ HTTP/1.1" 302 0
[19/Jun/2025 13:59:15] "GET /countries/ HTTP/1.1" 200 60192
[19/Jun/2025 13:59:15] "POST /track-view/ HTTP/1.1" 302 0
[19/Jun/2025 13:59:15] "GET /countries/ HTTP/1.1" 200 60192
[19/Jun/2025 13:59:15] "GET /countries/ HTTP/1.1" 200 60192
[19/Jun/2025 13:59:15] "GET /countries/ HTTP/1.1" 200 60192
[19/Jun/2025 13:59:15] "GET /countries/ HTTP/1.1" 200 60192
[19/Jun/2025 13:59:15] "GET /countries/ HTTP/1.1" 200 60192
[19/Jun/2025 13:59:15] "GET /countries/ HTTP/1.1" 200 60192
[19/Jun/2025 13:59:15] "GET /countries/ HTTP/1.1" 200 60192
[19/Jun/2025 13:59:15] "GET /countries/ HTTP/1.1" 200 60192
[19/Jun/2025 13:59:15] "GET /countries/ HTTP/1.1" 200 60192
[19/Jun/2025 13:59:16] "POST /track-view/ HTTP/1.1" 302 0
[19/Jun/2025 13:59:16] "POST /track-view/ HTTP/1.1" 302 0
[19/Jun/2025 13:59:16] "POST /track-view/ HTTP/1.1" 302 0
[19/Jun/2025 13:59:16] "GET /countries/ HTTP/1.1" 200 60192
[19/Jun/2025 13:59:16] "GET /countries/ HTTP/1.1" 200 60192
[19/Jun/2025 13:59:16] "GET /countries/ HTTP/1.1" 200 60192
[19/Jun/2025 13:59:16] "POST /track-view/ HTTP/1.1" 302 0
[19/Jun/2025 13:59:16] "GET /countries/ HTTP/1.1" 200 60192
[19/Jun/2025 13:59:16] "POST /track-view/ HTTP/1.1" 302 0
[19/Jun/2025 13:59:16] "POST /track-view/ HTTP/1.1" 302 0
[19/Jun/2025 13:59:16] "GET /countries/ HTTP/1.1" 200 60192
[19/Jun/2025 13:59:16] "GET /countries/ HTTP/1.1" 200 60192
[19/Jun/2025 13:59:16] "POST /track-view/ HTTP/1.1" 302 0
[19/Jun/2025 13:59:16] "POST /track-view/ HTTP/1.1" 302 0
[19/Jun/2025 13:59:16] "POST /track-view/ HTTP/1.1" 302 0
[19/Jun/2025 13:59:16] "GET /countries/ HTTP/1.1" 200 60192
[19/Jun/2025 13:59:16] "GET /countries/ HTTP/1.1" 200 60192
[19/Jun/2025 13:59:16] "GET /countries/ HTTP/1.1" 200 60192
[19/Jun/2025 13:59:18] "GET /argentina/ HTTP/1.1" 200 87200
Not Found: /admin/entries/admin-check/
[19/Jun/2025 13:59:18] "GET /admin/entries/admin-check/ HTTP/1.1" 404 5392
[19/Jun/2025 13:59:19] "POST /track-view/ HTTP/1.1" 302 0
[19/Jun/2025 13:59:19] "POST /track-view/ HTTP/1.1" 302 0
[19/Jun/2025 13:59:19] "POST /track-view/ HTTP/1.1" 302 0
[19/Jun/2025 13:59:19] "GET /countries/ HTTP/1.1" 200 60192
[19/Jun/2025 13:59:19] "GET /countries/ HTTP/1.1" 200 60192
[19/Jun/2025 13:59:19] "GET /countries/ HTTP/1.1" 200 60192
[19/Jun/2025 13:59:19] "POST /track-view/ HTTP/1.1" 302 0
[19/Jun/2025 13:59:19] "POST /track-view/ HTTP/1.1" 302 0
[19/Jun/2025 13:59:19] "POST /track-view/ HTTP/1.1" 302 0
[19/Jun/2025 13:59:19] "GET /countries/ HTTP/1.1" 200 60192
[19/Jun/2025 13:59:19] "GET /countries/ HTTP/1.1" 200 60192
[19/Jun/2025 13:59:19] "GET /countries/ HTTP/1.1" 200 60192
[19/Jun/2025 13:59:19] "POST /track-view/ HTTP/1.1" 302 0
[19/Jun/2025 13:59:19] "POST /track-view/ HTTP/1.1" 302 0
[19/Jun/2025 13:59:19] "POST /track-view/ HTTP/1.1" 302 0
[19/Jun/2025 13:59:19] "GET /countries/ HTTP/1.1" 200 60192
[19/Jun/2025 13:59:19] "GET /countries/ HTTP/1.1" 200 60192
[19/Jun/2025 13:59:19] "GET /countries/ HTTP/1.1" 200 60192
[19/Jun/2025 13:59:20] "POST /track-view/ HTTP/1.1" 302 0
[19/Jun/2025 13:59:20] "POST /track-view/ HTTP/1.1" 302 0
[19/Jun/2025 13:59:20] "GET /countries/ HTTP/1.1" 200 60192
[19/Jun/2025 13:59:20] "POST /track-view/ HTTP/1.1" 302 0
[19/Jun/2025 13:59:20] "GET /countries/ HTTP/1.1" 200 60192
[19/Jun/2025 13:59:20] "GET /countries/ HTTP/1.1" 200 60192
[19/Jun/2025 14:00:11] "GET /argentina/ HTTP/1.1" 200 87435
Not Found: /admin/entries/admin-check/
[19/Jun/2025 14:00:11] "GET /admin/entries/admin-check/ HTTP/1.1" 404 5392
[19/Jun/2025 14:00:11] "POST /track-view/ HTTP/1.1" 302 0
[19/Jun/2025 14:00:11] "POST /track-view/ HTTP/1.1" 302 0
[19/Jun/2025 14:00:11] "POST /track-view/ HTTP/1.1" 302 0
[19/Jun/2025 14:00:11] "GET /countries/ HTTP/1.1" 200 60192
[19/Jun/2025 14:00:11] "GET /countries/ HTTP/1.1" 200 60192
[19/Jun/2025 14:00:11] "POST /track-view/ HTTP/1.1" 302 0
[19/Jun/2025 14:00:11] "POST /track-view/ HTTP/1.1" 302 0
[19/Jun/2025 14:00:11] "GET /countries/ HTTP/1.1" 200 60192
[19/Jun/2025 14:00:11] "POST /track-view/ HTTP/1.1" 302 0
[19/Jun/2025 14:00:11] "GET /countries/ HTTP/1.1" 200 60192
[19/Jun/2025 14:00:11] "POST /track-view/ HTTP/1.1" 302 0
[19/Jun/2025 14:00:11] "POST /track-view/ HTTP/1.1" 302 0
[19/Jun/2025 14:00:11] "POST /track-view/ HTTP/1.1" 302 0
[19/Jun/2025 14:00:11] "GET /countries/ HTTP/1.1" 200 60192
[19/Jun/2025 14:00:11] "GET /countries/ HTTP/1.1" 200 60192
[19/Jun/2025 14:00:11] "GET /countries/ HTTP/1.1" 200 60192
[19/Jun/2025 14:00:11] "GET /countries/ HTTP/1.1" 200 60192
[19/Jun/2025 14:00:11] "POST /track-view/ HTTP/1.1" 302 0
[19/Jun/2025 14:00:11] "POST /track-view/ HTTP/1.1" 302 0
[19/Jun/2025 14:00:11] "POST /track-view/ HTTP/1.1" 302 0
[19/Jun/2025 14:00:11] "GET /countries/ HTTP/1.1" 200 60192
[19/Jun/2025 14:00:11] "GET /countries/ HTTP/1.1" 200 60192
[19/Jun/2025 14:00:11] "GET /countries/ HTTP/1.1" 200 60192
[19/Jun/2025 14:00:11] "GET /countries/ HTTP/1.1" 200 60192
[19/Jun/2025 14:00:14] "POST /track-view/ HTTP/1.1" 302 0
[19/Jun/2025 14:00:14] "POST /track-view/ HTTP/1.1" 302 0
[19/Jun/2025 14:00:14] "POST /track-view/ HTTP/1.1" 302 0
[19/Jun/2025 14:00:14] "POST /track-view/ HTTP/1.1" 302 0
[19/Jun/2025 14:00:14] "POST /track-view/ HTTP/1.1" 302 0
[19/Jun/2025 14:00:14] "POST /track-view/ HTTP/1.1" 302 0
[19/Jun/2025 14:00:14] "GET /countries/ HTTP/1.1" 200 60192
[19/Jun/2025 14:00:14] "GET /countries/ HTTP/1.1" 200 60192
[19/Jun/2025 14:00:14] "GET /countries/ HTTP/1.1" 200 60192
[19/Jun/2025 14:00:14] "GET /countries/ HTTP/1.1" 200 60192
[19/Jun/2025 14:00:14] "POST /track-view/ HTTP/1.1" 302 0
[19/Jun/2025 14:00:14] "POST /track-view/ HTTP/1.1" 302 0
[19/Jun/2025 14:00:14] "POST /track-view/ HTTP/1.1" 302 0
[19/Jun/2025 14:00:14] "POST /track-view/ HTTP/1.1" 302 0
[19/Jun/2025 14:00:14] "GET /countries/ HTTP/1.1" 200 60192
[19/Jun/2025 14:00:14] "POST /track-view/ HTTP/1.1" 302 0
[19/Jun/2025 14:00:14] "POST /track-view/ HTTP/1.1" 302 0
[19/Jun/2025 14:00:14] "GET /countries/ HTTP/1.1" 200 60192
[19/Jun/2025 14:00:14] "GET /countries/ HTTP/1.1" 200 60192
[19/Jun/2025 14:00:14] "GET /countries/ HTTP/1.1" 200 60192
[19/Jun/2025 14:00:14] "GET /countries/ HTTP/1.1" 200 60192
[19/Jun/2025 14:00:14] "GET /countries/ HTTP/1.1" 200 60192
[19/Jun/2025 14:00:14] "GET /countries/ HTTP/1.1" 200 60192
[19/Jun/2025 14:00:14] "GET /countries/ HTTP/1.1" 200 60192
Not Found: /.well-known/appspecific/com.chrome.devtools.json
[19/Jun/2025 14:00:28] "GET /.well-known/appspecific/com.chrome.devtools.json HTTP/1.1" 404 5328
[19/Jun/2025 14:01:40] "GET /argentina/ HTTP/1.1" 200 89605
Not Found: /admin/entries/admin-check/
[19/Jun/2025 14:01:40] "GET /admin/entries/admin-check/ HTTP/1.1" 404 5392
[19/Jun/2025 14:01:41] "POST /track-view/ HTTP/1.1" 302 0
[19/Jun/2025 14:01:41] "POST /track-view/ HTTP/1.1" 302 0
[19/Jun/2025 14:01:41] "POST /track-view/ HTTP/1.1" 302 0
[19/Jun/2025 14:01:41] "GET /countries/ HTTP/1.1" 200 60192
[19/Jun/2025 14:01:41] "GET /countries/ HTTP/1.1" 200 60192
[19/Jun/2025 14:01:41] "POST /track-view/ HTTP/1.1" 302 0
[19/Jun/2025 14:01:41] "GET /countries/ HTTP/1.1" 200 60192
[19/Jun/2025 14:01:41] "POST /track-view/ HTTP/1.1" 302 0
[19/Jun/2025 14:01:41] "GET /countries/ HTTP/1.1" 200 60192
[19/Jun/2025 14:01:41] "POST /track-view/ HTTP/1.1" 302 0
[19/Jun/2025 14:01:41] "GET /countries/ HTTP/1.1" 200 60192
[19/Jun/2025 14:01:41] "POST /track-view/ HTTP/1.1" 302 0
[19/Jun/2025 14:01:41] "POST /track-view/ HTTP/1.1" 302 0
[19/Jun/2025 14:01:41] "GET /countries/ HTTP/1.1" 200 60192
[19/Jun/2025 14:01:41] "GET /countries/ HTTP/1.1" 200 60192
[19/Jun/2025 14:01:41] "GET /countries/ HTTP/1.1" 200 60192
[19/Jun/2025 14:01:41] "POST /track-view/ HTTP/1.1" 302 0
[19/Jun/2025 14:01:41] "POST /track-view/ HTTP/1.1" 302 0
[19/Jun/2025 14:01:41] "POST /track-view/ HTTP/1.1" 302 0
[19/Jun/2025 14:01:41] "POST /track-view/ HTTP/1.1" 302 0
[19/Jun/2025 14:01:41] "GET /countries/ HTTP/1.1" 200 60192
[19/Jun/2025 14:01:41] "GET /countries/ HTTP/1.1" 200 60192
[19/Jun/2025 14:01:41] "GET /countries/ HTTP/1.1" 200 60192
[19/Jun/2025 14:01:41] "GET /countries/ HTTP/1.1" 200 60192
[19/Jun/2025 14:01:42] "POST /track-view/ HTTP/1.1" 302 0
[19/Jun/2025 14:01:42] "POST /track-view/ HTTP/1.1" 302 0
[19/Jun/2025 14:01:42] "POST /track-view/ HTTP/1.1" 302 0
[19/Jun/2025 14:01:42] "POST /track-view/ HTTP/1.1" 302 0
[19/Jun/2025 14:01:42] "GET /countries/ HTTP/1.1" 200 60192
[19/Jun/2025 14:01:42] "POST /track-view/ HTTP/1.1" 302 0
[19/Jun/2025 14:01:42] "POST /track-view/ HTTP/1.1" 302 0
[19/Jun/2025 14:01:42] "GET /countries/ HTTP/1.1" 200 60192
[19/Jun/2025 14:01:43] "GET /countries/ HTTP/1.1" 200 60192
[19/Jun/2025 14:01:43] "GET /countries/ HTTP/1.1" 200 60192
[19/Jun/2025 14:01:43] "POST /track-view/ HTTP/1.1" 302 0
[19/Jun/2025 14:01:43] "POST /track-view/ HTTP/1.1" 302 0
[19/Jun/2025 14:01:43] "POST /track-view/ HTTP/1.1" 302 0
[19/Jun/2025 14:01:43] "POST /track-view/ HTTP/1.1" 302 0
[19/Jun/2025 14:01:43] "POST /track-view/ HTTP/1.1" 302 0
[19/Jun/2025 14:01:43] "POST /track-view/ HTTP/1.1" 302 0
[19/Jun/2025 14:01:43] "GET /countries/ HTTP/1.1" 200 60192
[19/Jun/2025 14:01:43] "GET /countries/ HTTP/1.1" 200 60192
[19/Jun/2025 14:01:43] "GET /countries/ HTTP/1.1" 200 60192
[19/Jun/2025 14:01:43] "GET /countries/ HTTP/1.1" 200 60192
[19/Jun/2025 14:01:43] "GET /countries/ HTTP/1.1" 200 60192
[19/Jun/2025 14:01:43] "GET /countries/ HTTP/1.1" 200 60192
[19/Jun/2025 14:01:43] "GET /countries/ HTTP/1.1" 200 60192
[19/Jun/2025 14:01:43] "GET /countries/ HTTP/1.1" 200 60192
[19/Jun/2025 14:07:00] "GET /argentina/ HTTP/1.1" 200 89447
Not Found: /admin/entries/admin-check/
[19/Jun/2025 14:07:00] "GET /admin/entries/admin-check/ HTTP/1.1" 404 5392
[19/Jun/2025 14:07:01] "POST /track-view/ HTTP/1.1" 302 0
[19/Jun/2025 14:07:01] "POST /track-view/ HTTP/1.1" 302 0
[19/Jun/2025 14:07:01] "POST /track-view/ HTTP/1.1" 302 0
[19/Jun/2025 14:07:01] "GET /countries/ HTTP/1.1" 200 60192
[19/Jun/2025 14:07:01] "GET /countries/ HTTP/1.1" 200 60192
[19/Jun/2025 14:07:01] "GET /countries/ HTTP/1.1" 200 60192
[19/Jun/2025 14:07:10] "GET /australia/ HTTP/1.1" 200 89744
Not Found: /admin/entries/admin-check/
[19/Jun/2025 14:07:10] "GET /admin/entries/admin-check/ HTTP/1.1" 404 5392
[19/Jun/2025 14:07:11] "POST /track-view/ HTTP/1.1" 302 0
[19/Jun/2025 14:07:11] "POST /track-view/ HTTP/1.1" 302 0
[19/Jun/2025 14:07:11] "POST /track-view/ HTTP/1.1" 302 0
[19/Jun/2025 14:07:11] "GET /countries/ HTTP/1.1" 200 60192
[19/Jun/2025 14:07:11] "GET /countries/ HTTP/1.1" 200 60192
[19/Jun/2025 14:07:11] "GET /countries/ HTTP/1.1" 200 60192
Not Found: /.well-known/appspecific/com.chrome.devtools.json
[19/Jun/2025 14:07:20] "GET /.well-known/appspecific/com.chrome.devtools.json HTTP/1.1" 404 5328
[19/Jun/2025 14:09:36] "GET /australia/ HTTP/1.1" 200 90140
Not Found: /admin/entries/admin-check/
[19/Jun/2025 14:09:36] "GET /admin/entries/admin-check/ HTTP/1.1" 404 5392
[19/Jun/2025 14:09:37] "POST /track-view/ HTTP/1.1" 302 0
[19/Jun/2025 14:09:37] "POST /track-view/ HTTP/1.1" 302 0
[19/Jun/2025 14:09:37] "POST /track-view/ HTTP/1.1" 302 0
[19/Jun/2025 14:09:37] "GET /countries/ HTTP/1.1" 200 60192
[19/Jun/2025 14:09:37] "GET /countries/ HTTP/1.1" 200 60192
[19/Jun/2025 14:09:37] "GET /countries/ HTTP/1.1" 200 60192
[19/Jun/2025 14:09:37] "POST /track-view/ HTTP/1.1" 302 0
[19/Jun/2025 14:09:37] "GET /countries/ HTTP/1.1" 200 60192
[19/Jun/2025 14:09:37] "POST /track-view/ HTTP/1.1" 302 0
[19/Jun/2025 14:09:37] "POST /track-view/ HTTP/1.1" 302 0
[19/Jun/2025 14:09:37] "GET /countries/ HTTP/1.1" 200 60192
[19/Jun/2025 14:09:37] "GET /countries/ HTTP/1.1" 200 60192
[19/Jun/2025 14:09:38] "POST /track-view/ HTTP/1.1" 302 0
[19/Jun/2025 14:09:38] "POST /track-view/ HTTP/1.1" 302 0
[19/Jun/2025 14:09:38] "POST /track-view/ HTTP/1.1" 302 0
[19/Jun/2025 14:09:38] "GET /countries/ HTTP/1.1" 200 60192
[19/Jun/2025 14:09:38] "GET /countries/ HTTP/1.1" 200 60192
[19/Jun/2025 14:09:38] "GET /countries/ HTTP/1.1" 200 60192
[19/Jun/2025 14:09:41] "GET /australia/ HTTP/1.1" 200 90131
Not Found: /admin/entries/admin-check/
[19/Jun/2025 14:09:41] "GET /admin/entries/admin-check/ HTTP/1.1" 404 5392
[19/Jun/2025 14:09:42] "POST /track-view/ HTTP/1.1" 302 0
[19/Jun/2025 14:09:42] "POST /track-view/ HTTP/1.1" 302 0
[19/Jun/2025 14:09:42] "POST /track-view/ HTTP/1.1" 302 0
[19/Jun/2025 14:09:42] "GET /countries/ HTTP/1.1" 200 60192
[19/Jun/2025 14:09:42] "GET /countries/ HTTP/1.1" 200 60192
[19/Jun/2025 14:09:42] "GET /countries/ HTTP/1.1" 200 60192
[19/Jun/2025 14:09:42] "POST /track-view/ HTTP/1.1" 302 0
[19/Jun/2025 14:09:42] "GET /countries/ HTTP/1.1" 200 60192
[19/Jun/2025 14:09:42] "POST /track-view/ HTTP/1.1" 302 0
[19/Jun/2025 14:09:42] "GET /countries/ HTTP/1.1" 200 60192
[19/Jun/2025 14:09:42] "POST /track-view/ HTTP/1.1" 302 0
[19/Jun/2025 14:09:42] "GET /countries/ HTTP/1.1" 200 60192
[19/Jun/2025 14:09:42] "POST /track-view/ HTTP/1.1" 302 0
[19/Jun/2025 14:09:42] "POST /track-view/ HTTP/1.1" 302 0
[19/Jun/2025 14:09:42] "GET /countries/ HTTP/1.1" 200 60192
[19/Jun/2025 14:09:42] "POST /track-view/ HTTP/1.1" 302 0
[19/Jun/2025 14:09:42] "GET /countries/ HTTP/1.1" 200 60192
[19/Jun/2025 14:09:42] "GET /countries/ HTTP/1.1" 200 60192
[19/Jun/2025 14:09:43] "POST /track-view/ HTTP/1.1" 302 0
[19/Jun/2025 14:09:43] "POST /track-view/ HTTP/1.1" 302 0
[19/Jun/2025 14:09:43] "POST /track-view/ HTTP/1.1" 302 0
[19/Jun/2025 14:09:43] "GET /countries/ HTTP/1.1" 200 60192
[19/Jun/2025 14:09:43] "GET /countries/ HTTP/1.1" 200 60192
[19/Jun/2025 14:09:43] "GET /countries/ HTTP/1.1" 200 60192
[19/Jun/2025 14:10:02] "GET /australia/ HTTP/1.1" 200 90199
Not Found: /admin/entries/admin-check/
[19/Jun/2025 14:10:02] "GET /admin/entries/admin-check/ HTTP/1.1" 404 5392
[19/Jun/2025 14:10:04] "POST /track-view/ HTTP/1.1" 302 0
[19/Jun/2025 14:10:04] "POST /track-view/ HTTP/1.1" 302 0
[19/Jun/2025 14:10:04] "POST /track-view/ HTTP/1.1" 302 0
[19/Jun/2025 14:10:04] "GET /countries/ HTTP/1.1" 200 60192
[19/Jun/2025 14:10:04] "GET /countries/ HTTP/1.1" 200 60192
[19/Jun/2025 14:10:04] "GET /countries/ HTTP/1.1" 200 60192
[19/Jun/2025 14:10:04] "POST /track-view/ HTTP/1.1" 302 0
[19/Jun/2025 14:10:04] "POST /track-view/ HTTP/1.1" 302 0
[19/Jun/2025 14:10:04] "POST /track-view/ HTTP/1.1" 302 0
[19/Jun/2025 14:10:04] "GET /countries/ HTTP/1.1" 200 60192
[19/Jun/2025 14:10:04] "GET /countries/ HTTP/1.1" 200 60192
[19/Jun/2025 14:10:04] "GET /countries/ HTTP/1.1" 200 60192
[19/Jun/2025 14:10:04] "POST /track-view/ HTTP/1.1" 302 0
[19/Jun/2025 14:10:04] "POST /track-view/ HTTP/1.1" 302 0
[19/Jun/2025 14:10:04] "POST /track-view/ HTTP/1.1" 302 0
[19/Jun/2025 14:10:04] "GET /countries/ HTTP/1.1" 200 60192
[19/Jun/2025 14:10:04] "GET /countries/ HTTP/1.1" 200 60192
[19/Jun/2025 14:10:04] "GET /countries/ HTTP/1.1" 200 60192
[19/Jun/2025 14:10:04] "POST /track-view/ HTTP/1.1" 302 0
[19/Jun/2025 14:10:04] "GET /countries/ HTTP/1.1" 200 60192
[19/Jun/2025 14:10:04] "POST /track-view/ HTTP/1.1" 302 0
[19/Jun/2025 14:10:04] "GET /countries/ HTTP/1.1" 200 60192
[19/Jun/2025 14:10:04] "POST /track-view/ HTTP/1.1" 302 0
[19/Jun/2025 14:10:04] "GET /countries/ HTTP/1.1" 200 60192
[19/Jun/2025 14:10:07] "POST /track-view/ HTTP/1.1" 302 0
[19/Jun/2025 14:10:07] "POST /track-view/ HTTP/1.1" 302 0
[19/Jun/2025 14:10:07] "POST /track-view/ HTTP/1.1" 302 0
[19/Jun/2025 14:10:07] "POST /track-view/ HTTP/1.1" 302 0
[19/Jun/2025 14:10:07] "GET /countries/ HTTP/1.1" 200 60192
[19/Jun/2025 14:10:07] "GET /countries/ HTTP/1.1" 200 60192
[19/Jun/2025 14:10:07] "GET /countries/ HTTP/1.1" 200 60192
[19/Jun/2025 14:10:07] "GET /countries/ HTTP/1.1" 200 60192
[19/Jun/2025 14:10:07] "POST /track-view/ HTTP/1.1" 302 0
[19/Jun/2025 14:10:07] "GET /countries/ HTTP/1.1" 200 60192
[19/Jun/2025 14:10:07] "POST /track-view/ HTTP/1.1" 302 0
[19/Jun/2025 14:10:07] "GET /countries/ HTTP/1.1" 200 60192
[19/Jun/2025 14:10:09] "POST /track-view/ HTTP/1.1" 302 0
[19/Jun/2025 14:10:09] "POST /track-view/ HTTP/1.1" 302 0
[19/Jun/2025 14:10:09] "POST /track-view/ HTTP/1.1" 302 0
[19/Jun/2025 14:10:09] "GET /countries/ HTTP/1.1" 200 60192
[19/Jun/2025 14:10:09] "POST /track-view/ HTTP/1.1" 302 0
[19/Jun/2025 14:10:09] "POST /track-view/ HTTP/1.1" 302 0
[19/Jun/2025 14:10:09] "POST /track-view/ HTTP/1.1" 302 0
[19/Jun/2025 14:10:09] "GET /countries/ HTTP/1.1" 200 60192
[19/Jun/2025 14:10:09] "GET /countries/ HTTP/1.1" 200 60192
[19/Jun/2025 14:10:09] "GET /countries/ HTTP/1.1" 200 60192
[19/Jun/2025 14:10:09] "GET /countries/ HTTP/1.1" 200 60192
[19/Jun/2025 14:10:09] "GET /countries/ HTTP/1.1" 200 60192
[19/Jun/2025 14:11:14] "GET /australia/ HTTP/1.1" 200 90143
Not Found: /admin/entries/admin-check/
[19/Jun/2025 14:11:14] "GET /admin/entries/admin-check/ HTTP/1.1" 404 5392
[19/Jun/2025 14:11:14] "POST /track-view/ HTTP/1.1" 302 0
[19/Jun/2025 14:11:14] "POST /track-view/ HTTP/1.1" 302 0
[19/Jun/2025 14:11:14] "POST /track-view/ HTTP/1.1" 302 0
[19/Jun/2025 14:11:14] "GET /countries/ HTTP/1.1" 200 60192
[19/Jun/2025 14:11:14] "GET /countries/ HTTP/1.1" 200 60192
[19/Jun/2025 14:11:14] "GET /countries/ HTTP/1.1" 200 60192
[19/Jun/2025 14:11:15] "POST /track-view/ HTTP/1.1" 302 0
[19/Jun/2025 14:11:15] "POST /track-view/ HTTP/1.1" 302 0
[19/Jun/2025 14:11:15] "POST /track-view/ HTTP/1.1" 302 0
[19/Jun/2025 14:11:15] "GET /countries/ HTTP/1.1" 200 60192
[19/Jun/2025 14:11:15] "GET /countries/ HTTP/1.1" 200 60192
[19/Jun/2025 14:11:15] "GET /countries/ HTTP/1.1" 200 60192
[19/Jun/2025 14:11:15] "POST /track-view/ HTTP/1.1" 302 0
[19/Jun/2025 14:11:15] "POST /track-view/ HTTP/1.1" 302 0
[19/Jun/2025 14:11:15] "POST /track-view/ HTTP/1.1" 302 0
[19/Jun/2025 14:11:15] "GET /countries/ HTTP/1.1" 200 60192
[19/Jun/2025 14:11:15] "GET /countries/ HTTP/1.1" 200 60192
[19/Jun/2025 14:11:15] "GET /countries/ HTTP/1.1" 200 60192
[19/Jun/2025 14:11:15] "POST /track-view/ HTTP/1.1" 302 0
[19/Jun/2025 14:11:15] "POST /track-view/ HTTP/1.1" 302 0
[19/Jun/2025 14:11:15] "POST /track-view/ HTTP/1.1" 302 0
[19/Jun/2025 14:11:15] "GET /countries/ HTTP/1.1" 200 60192
[19/Jun/2025 14:11:15] "GET /countries/ HTTP/1.1" 200 60192
[19/Jun/2025 14:11:15] "GET /countries/ HTTP/1.1" 200 60192
[19/Jun/2025 14:13:29] "GET /australia/ HTTP/1.1" 200 90411
Not Found: /admin/entries/admin-check/
[19/Jun/2025 14:13:29] "GET /admin/entries/admin-check/ HTTP/1.1" 404 5392
[19/Jun/2025 14:13:40] "GET /australia/ HTTP/1.1" 200 90314
Not Found: /admin/entries/admin-check/
[19/Jun/2025 14:13:40] "GET /admin/entries/admin-check/ HTTP/1.1" 404 5392
[19/Jun/2025 14:13:43] "GET /australia/ HTTP/1.1" 200 90350
Not Found: /admin/entries/admin-check/
[19/Jun/2025 14:13:43] "GET /admin/entries/admin-check/ HTTP/1.1" 404 5392
[19/Jun/2025 14:13:44] "GET /entries/ HTTP/1.1" 302 0
[19/Jun/2025 14:13:44] "GET /countries/ HTTP/1.1" 200 60192
Not Found: /admin/entries/admin-check/
[19/Jun/2025 14:13:44] "GET /admin/entries/admin-check/ HTTP/1.1" 404 5392
[19/Jun/2025 14:13:46] "GET /australia/ HTTP/1.1" 200 90441
Not Found: /admin/entries/admin-check/
[19/Jun/2025 14:13:46] "GET /admin/entries/admin-check/ HTTP/1.1" 404 5392
[19/Jun/2025 14:40:46] "GET /australia/ HTTP/1.1" 200 89850
Not Found: /admin/entries/admin-check/
[19/Jun/2025 14:40:46] "GET /admin/entries/admin-check/ HTTP/1.1" 404 5392
[19/Jun/2025 14:41:30] "POST /track-view/ HTTP/1.1" 302 0
[19/Jun/2025 14:41:30] "POST /track-view/ HTTP/1.1" 302 0
[19/Jun/2025 14:41:30] "POST /track-view/ HTTP/1.1" 302 0
[19/Jun/2025 14:41:30] "GET /countries/ HTTP/1.1" 200 60192
[19/Jun/2025 14:41:30] "GET /countries/ HTTP/1.1" 200 60192
[19/Jun/2025 14:41:30] "GET /countries/ HTTP/1.1" 200 60192
[19/Jun/2025 14:41:30] "POST /track-view/ HTTP/1.1" 302 0
[19/Jun/2025 14:41:30] "POST /track-view/ HTTP/1.1" 302 0
[19/Jun/2025 14:41:30] "GET /countries/ HTTP/1.1" 200 60192
[19/Jun/2025 14:41:30] "GET /countries/ HTTP/1.1" 200 60192
[19/Jun/2025 14:41:30] "POST /track-view/ HTTP/1.1" 302 0
[19/Jun/2025 14:41:30] "GET /countries/ HTTP/1.1" 200 60192
[19/Jun/2025 14:41:30] "POST /track-view/ HTTP/1.1" 302 0
[19/Jun/2025 14:41:30] "POST /track-view/ HTTP/1.1" 302 0
[19/Jun/2025 14:41:30] "POST /track-view/ HTTP/1.1" 302 0
[19/Jun/2025 14:41:30] "GET /countries/ HTTP/1.1" 200 60192
[19/Jun/2025 14:41:30] "GET /countries/ HTTP/1.1" 200 60192
[19/Jun/2025 14:41:31] "GET /countries/ HTTP/1.1" 200 60192
[19/Jun/2025 14:41:31] "POST /track-view/ HTTP/1.1" 302 0
[19/Jun/2025 14:41:31] "POST /track-view/ HTTP/1.1" 302 0
[19/Jun/2025 14:41:31] "POST /track-view/ HTTP/1.1" 302 0
[19/Jun/2025 14:41:31] "GET /countries/ HTTP/1.1" 200 60192
[19/Jun/2025 14:41:31] "GET /countries/ HTTP/1.1" 200 60192
[19/Jun/2025 14:41:31] "GET /countries/ HTTP/1.1" 200 60192
[19/Jun/2025 14:41:33] "POST /track-view/ HTTP/1.1" 302 0
[19/Jun/2025 14:41:33] "POST /track-view/ HTTP/1.1" 302 0
[19/Jun/2025 14:41:33] "POST /track-view/ HTTP/1.1" 302 0
[19/Jun/2025 14:41:33] "POST /track-view/ HTTP/1.1" 302 0
[19/Jun/2025 14:41:33] "POST /track-view/ HTTP/1.1" 302 0
[19/Jun/2025 14:41:33] "POST /track-view/ HTTP/1.1" 302 0
[19/Jun/2025 14:41:33] "GET /countries/ HTTP/1.1" 200 60192
[19/Jun/2025 14:41:33] "GET /countries/ HTTP/1.1" 200 60192
[19/Jun/2025 14:41:33] "GET /countries/ HTTP/1.1" 200 60192
[19/Jun/2025 14:41:33] "POST /track-view/ HTTP/1.1" 302 0
[19/Jun/2025 14:41:33] "POST /track-view/ HTTP/1.1" 302 0
[19/Jun/2025 14:41:33] "POST /track-view/ HTTP/1.1" 302 0
[19/Jun/2025 14:41:33] "GET /countries/ HTTP/1.1" 200 60192
[19/Jun/2025 14:41:33] "POST /track-view/ HTTP/1.1" 302 0
[19/Jun/2025 14:41:33] "POST /track-view/ HTTP/1.1" 302 0
[19/Jun/2025 14:41:33] "POST /track-view/ HTTP/1.1" 302 0
[19/Jun/2025 14:41:33] "GET /countries/ HTTP/1.1" 200 60192
[19/Jun/2025 14:41:33] "GET /countries/ HTTP/1.1" 200 60192
[19/Jun/2025 14:41:33] "GET /countries/ HTTP/1.1" 200 60192
[19/Jun/2025 14:41:33] "GET /countries/ HTTP/1.1" 200 60192
[19/Jun/2025 14:41:33] "GET /countries/ HTTP/1.1" 200 60192
[19/Jun/2025 14:41:33] "GET /countries/ HTTP/1.1" 200 60192
[19/Jun/2025 14:41:33] "GET /countries/ HTTP/1.1" 200 60192
[19/Jun/2025 14:41:33] "GET /countries/ HTTP/1.1" 200 60192
[19/Jun/2025 14:41:36] "GET / HTTP/1.1" 200 11789
[19/Jun/2025 14:41:41] "POST /set-language/ HTTP/1.1" 200 39
[19/Jun/2025 14:41:42] "GET /countries/ HTTP/1.1" 200 60118
Not Found: /admin/entries/admin-check/
[19/Jun/2025 14:41:42] "GET /admin/entries/admin-check/ HTTP/1.1" 404 5392
[19/Jun/2025 14:41:47] "GET /germany/ HTTP/1.1" 200 89556
Not Found: /admin/entries/admin-check/
[19/Jun/2025 14:41:47] "GET /admin/entries/admin-check/ HTTP/1.1" 404 5392
[19/Jun/2025 14:41:48] "POST /track-view/ HTTP/1.1" 302 0
[19/Jun/2025 14:41:48] "POST /track-view/ HTTP/1.1" 302 0
[19/Jun/2025 14:41:48] "POST /track-view/ HTTP/1.1" 302 0
[19/Jun/2025 14:41:48] "GET /countries/ HTTP/1.1" 200 60114
[19/Jun/2025 14:41:48] "GET /countries/ HTTP/1.1" 200 60114
[19/Jun/2025 14:41:48] "GET /countries/ HTTP/1.1" 200 60114
[19/Jun/2025 14:47:44] "GET /germany/ HTTP/1.1" 200 89904
Not Found: /admin/entries/admin-check/
[19/Jun/2025 14:47:44] "GET /admin/entries/admin-check/ HTTP/1.1" 404 5392
[19/Jun/2025 14:47:45] "POST /track-view/ HTTP/1.1" 302 0
[19/Jun/2025 14:47:45] "POST /track-view/ HTTP/1.1" 302 0
[19/Jun/2025 14:47:45] "POST /track-view/ HTTP/1.1" 302 0
[19/Jun/2025 14:47:45] "GET /countries/ HTTP/1.1" 200 60114
[19/Jun/2025 14:47:45] "GET /countries/ HTTP/1.1" 200 60114
[19/Jun/2025 14:47:45] "GET /countries/ HTTP/1.1" 200 60114
[19/Jun/2025 14:47:45] "POST /track-view/ HTTP/1.1" 302 0
[19/Jun/2025 14:47:45] "GET /countries/ HTTP/1.1" 200 60114
[19/Jun/2025 14:47:50] "GET /germany/ HTTP/1.1" 200 89958
Not Found: /admin/entries/admin-check/
[19/Jun/2025 14:47:50] "GET /admin/entries/admin-check/ HTTP/1.1" 404 5392
[19/Jun/2025 14:47:50] "POST /track-view/ HTTP/1.1" 302 0
[19/Jun/2025 14:47:50] "POST /track-view/ HTTP/1.1" 302 0
[19/Jun/2025 14:47:50] "POST /track-view/ HTTP/1.1" 302 0
[19/Jun/2025 14:47:50] "GET /countries/ HTTP/1.1" 200 60114
[19/Jun/2025 14:47:50] "GET /countries/ HTTP/1.1" 200 60114
[19/Jun/2025 14:47:50] "GET /countries/ HTTP/1.1" 200 60114
[19/Jun/2025 14:47:51] "POST /track-view/ HTTP/1.1" 302 0
[19/Jun/2025 14:47:51] "POST /track-view/ HTTP/1.1" 302 0
[19/Jun/2025 14:47:51] "GET /countries/ HTTP/1.1" 200 60114
[19/Jun/2025 14:47:51] "POST /track-view/ HTTP/1.1" 302 0
[19/Jun/2025 14:47:51] "GET /countries/ HTTP/1.1" 200 60114
[19/Jun/2025 14:47:51] "GET /countries/ HTTP/1.1" 200 60114
[19/Jun/2025 14:47:51] "POST /track-view/ HTTP/1.1" 302 0
[19/Jun/2025 14:47:51] "POST /track-view/ HTTP/1.1" 302 0
[19/Jun/2025 14:47:51] "POST /track-view/ HTTP/1.1" 302 0
[19/Jun/2025 14:47:51] "GET /countries/ HTTP/1.1" 200 60114
[19/Jun/2025 14:47:51] "GET /countries/ HTTP/1.1" 200 60114
[19/Jun/2025 14:47:51] "GET /countries/ HTTP/1.1" 200 60114
[19/Jun/2025 14:47:51] "POST /track-view/ HTTP/1.1" 302 0
[19/Jun/2025 14:47:51] "POST /track-view/ HTTP/1.1" 302 0
[19/Jun/2025 14:47:51] "GET /countries/ HTTP/1.1" 200 60114
[19/Jun/2025 14:47:51] "POST /track-view/ HTTP/1.1" 302 0
[19/Jun/2025 14:47:51] "GET /countries/ HTTP/1.1" 200 60114
[19/Jun/2025 14:47:51] "GET /countries/ HTTP/1.1" 200 60114
[19/Jun/2025 14:52:37] "GET /germany/ HTTP/1.1" 200 90025
Not Found: /admin/entries/admin-check/
[19/Jun/2025 14:52:37] "GET /admin/entries/admin-check/ HTTP/1.1" 404 5392
[19/Jun/2025 14:52:37] "POST /track-view/ HTTP/1.1" 302 0
[19/Jun/2025 14:52:37] "POST /track-view/ HTTP/1.1" 302 0
[19/Jun/2025 14:52:37] "POST /track-view/ HTTP/1.1" 302 0
[19/Jun/2025 14:52:37] "GET /countries/ HTTP/1.1" 200 60114
[19/Jun/2025 14:52:37] "GET /countries/ HTTP/1.1" 200 60114
[19/Jun/2025 14:52:37] "GET /countries/ HTTP/1.1" 200 60114
[19/Jun/2025 14:52:37] "POST /track-view/ HTTP/1.1" 302 0
[19/Jun/2025 14:52:37] "POST /track-view/ HTTP/1.1" 302 0
[19/Jun/2025 14:52:37] "POST /track-view/ HTTP/1.1" 302 0
[19/Jun/2025 14:52:37] "GET /countries/ HTTP/1.1" 200 60114
[19/Jun/2025 14:52:37] "GET /countries/ HTTP/1.1" 200 60114
[19/Jun/2025 14:52:37] "GET /countries/ HTTP/1.1" 200 60114
[19/Jun/2025 14:52:37] "POST /track-view/ HTTP/1.1" 302 0
[19/Jun/2025 14:52:37] "POST /track-view/ HTTP/1.1" 302 0
[19/Jun/2025 14:52:37] "POST /track-view/ HTTP/1.1" 302 0
[19/Jun/2025 14:52:37] "GET /countries/ HTTP/1.1" 200 60114
[19/Jun/2025 14:52:37] "GET /countries/ HTTP/1.1" 200 60114
[19/Jun/2025 14:52:37] "GET /countries/ HTTP/1.1" 200 60114
[19/Jun/2025 14:52:37] "POST /track-view/ HTTP/1.1" 302 0
[19/Jun/2025 14:52:37] "GET /countries/ HTTP/1.1" 200 60114
[19/Jun/2025 14:52:37] "POST /track-view/ HTTP/1.1" 302 0
[19/Jun/2025 14:52:37] "POST /track-view/ HTTP/1.1" 302 0
[19/Jun/2025 14:52:37] "GET /countries/ HTTP/1.1" 200 60114
[19/Jun/2025 14:52:37] "GET /countries/ HTTP/1.1" 200 60114
Not Found: /.well-known/appspecific/com.chrome.devtools.json
[19/Jun/2025 14:52:45] "GET /.well-known/appspecific/com.chrome.devtools.json HTTP/1.1" 404 5328
[19/Jun/2025 14:52:55] "POST /track-view/ HTTP/1.1" 302 0
[19/Jun/2025 14:52:55] "POST /track-view/ HTTP/1.1" 302 0
[19/Jun/2025 14:52:55] "POST /track-view/ HTTP/1.1" 302 0
[19/Jun/2025 14:52:55] "POST /track-view/ HTTP/1.1" 302 0
[19/Jun/2025 14:52:55] "POST /track-view/ HTTP/1.1" 302 0
[19/Jun/2025 14:52:55] "POST /track-view/ HTTP/1.1" 302 0
[19/Jun/2025 14:52:55] "POST /track-view/ HTTP/1.1" 302 0
[19/Jun/2025 14:52:55] "POST /track-view/ HTTP/1.1" 302 0
[19/Jun/2025 14:52:55] "POST /track-view/ HTTP/1.1" 302 0
[19/Jun/2025 14:52:55] "POST /track-view/ HTTP/1.1" 302 0
[19/Jun/2025 14:52:55] "POST /track-view/ HTTP/1.1" 302 0
[19/Jun/2025 14:52:55] "POST /track-view/ HTTP/1.1" 302 0
[19/Jun/2025 14:52:55] "GET /countries/ HTTP/1.1" 200 60114
[19/Jun/2025 14:52:55] "GET /countries/ HTTP/1.1" 200 60114
[19/Jun/2025 14:52:55] "GET /countries/ HTTP/1.1" 200 60114
[19/Jun/2025 14:52:55] "GET /countries/ HTTP/1.1" 200 60114
[19/Jun/2025 14:52:55] "GET /countries/ HTTP/1.1" 200 60114
[19/Jun/2025 14:52:55] "GET /countries/ HTTP/1.1" 200 60114
[19/Jun/2025 14:52:55] "GET /countries/ HTTP/1.1" 200 60114
[19/Jun/2025 14:52:55] "GET /countries/ HTTP/1.1" 200 60114
[19/Jun/2025 14:52:55] "GET /countries/ HTTP/1.1" 200 60114
[19/Jun/2025 14:52:55] "GET /countries/ HTTP/1.1" 200 60114
[19/Jun/2025 14:52:55] "GET /countries/ HTTP/1.1" 200 60114
[19/Jun/2025 14:52:55] "GET /countries/ HTTP/1.1" 200 60114
[19/Jun/2025 14:52:59] "GET /argentina/ HTTP/1.1" 200 90336
Not Found: /admin/entries/admin-check/
[19/Jun/2025 14:52:59] "GET /admin/entries/admin-check/ HTTP/1.1" 404 5392
[19/Jun/2025 14:53:01] "POST /track-view/ HTTP/1.1" 302 0
[19/Jun/2025 14:53:01] "POST /track-view/ HTTP/1.1" 302 0
[19/Jun/2025 14:53:01] "POST /track-view/ HTTP/1.1" 302 0
[19/Jun/2025 14:53:01] "GET /countries/ HTTP/1.1" 200 60118
[19/Jun/2025 14:53:01] "GET /countries/ HTTP/1.1" 200 60118
[19/Jun/2025 14:53:01] "GET /countries/ HTTP/1.1" 200 60118
[19/Jun/2025 14:53:01] "POST /track-view/ HTTP/1.1" 302 0
[19/Jun/2025 14:53:01] "POST /track-view/ HTTP/1.1" 302 0
[19/Jun/2025 14:53:01] "POST /track-view/ HTTP/1.1" 302 0
[19/Jun/2025 14:53:01] "GET /countries/ HTTP/1.1" 200 60118
[19/Jun/2025 14:53:01] "GET /countries/ HTTP/1.1" 200 60118
[19/Jun/2025 14:53:01] "GET /countries/ HTTP/1.1" 200 60118
[19/Jun/2025 14:53:06] "GET /australia/ HTTP/1.1" 200 90348
Not Found: /admin/entries/admin-check/
[19/Jun/2025 14:53:06] "GET /admin/entries/admin-check/ HTTP/1.1" 404 5392
Watching for file changes with StatReloader
Error: That port is already in use.
[19/Jun/2025 17:27:06] "GET /germany/?id=99aea0f2-c75f-44ef-a234-2b8ca5498576&vscodeBrowserReqId=1750354026214 HTTP/1.1" 200 84237
[19/Jun/2025 17:27:09] "GET /argentina/?id=99aea0f2-c75f-44ef-a234-2b8ca5498576&vscodeBrowserReqId=1750354029208 HTTP/1.1" 200 84525
[19/Jun/2025 17:27:43] "GET /countries/ HTTP/1.1" 200 60118
[19/Jun/2025 17:27:43] "GET /static/entries/js/admin-editing.js HTTP/1.1" 304 0
Not Found: /admin/entries/admin-check/
[19/Jun/2025 17:27:43] "GET /admin/entries/admin-check/ HTTP/1.1" 404 5392
[19/Jun/2025 17:27:46] "GET /germany/ HTTP/1.1" 200 90184
Not Found: /admin/entries/admin-check/
[19/Jun/2025 17:27:46] "GET /admin/entries/admin-check/ HTTP/1.1" 404 5392
[19/Jun/2025 17:27:47] "POST /track-view/ HTTP/1.1" 302 0
[19/Jun/2025 17:27:47] "POST /track-view/ HTTP/1.1" 302 0
[19/Jun/2025 17:27:47] "POST /track-view/ HTTP/1.1" 302 0
[19/Jun/2025 17:27:47] "GET /countries/ HTTP/1.1" 200 60114
[19/Jun/2025 17:27:47] "GET /countries/ HTTP/1.1" 200 60114
[19/Jun/2025 17:27:47] "GET /countries/ HTTP/1.1" 200 60114
[19/Jun/2025 17:27:59] "GET /germany/ HTTP/1.1" 200 90339
Not Found: /admin/entries/admin-check/
[19/Jun/2025 17:27:59] "GET /admin/entries/admin-check/ HTTP/1.1" 404 5392
[19/Jun/2025 17:27:59] "POST /track-view/ HTTP/1.1" 302 0
[19/Jun/2025 17:27:59] "POST /track-view/ HTTP/1.1" 302 0
[19/Jun/2025 17:27:59] "POST /track-view/ HTTP/1.1" 302 0
[19/Jun/2025 17:27:59] "GET /countries/ HTTP/1.1" 200 60114
[19/Jun/2025 17:27:59] "GET /countries/ HTTP/1.1" 200 60114
[19/Jun/2025 17:27:59] "GET /countries/ HTTP/1.1" 200 60114
[19/Jun/2025 17:27:59] "POST /track-view/ HTTP/1.1" 302 0
[19/Jun/2025 17:27:59] "GET /countries/ HTTP/1.1" 200 60114
[19/Jun/2025 17:27:59] "POST /track-view/ HTTP/1.1" 302 0
[19/Jun/2025 17:27:59] "GET /countries/ HTTP/1.1" 200 60114
[19/Jun/2025 17:27:59] "POST /track-view/ HTTP/1.1" 302 0
[19/Jun/2025 17:27:59] "GET /countries/ HTTP/1.1" 200 60114
[19/Jun/2025 17:28:01] "GET /germany/ HTTP/1.1" 200 89992
Not Found: /admin/entries/admin-check/
[19/Jun/2025 17:28:01] "GET /admin/entries/admin-check/ HTTP/1.1" 404 5392
[19/Jun/2025 17:28:01] "POST /track-view/ HTTP/1.1" 302 0
[19/Jun/2025 17:28:01] "POST /track-view/ HTTP/1.1" 302 0
[19/Jun/2025 17:28:01] "POST /track-view/ HTTP/1.1" 302 0
[19/Jun/2025 17:28:01] "GET /countries/ HTTP/1.1" 200 60114
[19/Jun/2025 17:28:01] "GET /countries/ HTTP/1.1" 200 60114
[19/Jun/2025 17:28:01] "GET /countries/ HTTP/1.1" 200 60114
[19/Jun/2025 17:28:01] "POST /track-view/ HTTP/1.1" 302 0
[19/Jun/2025 17:28:01] "GET /countries/ HTTP/1.1" 200 60114
[19/Jun/2025 17:28:01] "POST /track-view/ HTTP/1.1" 302 0
[19/Jun/2025 17:28:01] "GET /countries/ HTTP/1.1" 200 60114
[19/Jun/2025 17:28:01] "POST /track-view/ HTTP/1.1" 302 0
[19/Jun/2025 17:28:01] "GET /countries/ HTTP/1.1" 200 60114
[19/Jun/2025 17:28:05] "GET /germany/ HTTP/1.1" 200 90147
Not Found: /admin/entries/admin-check/
[19/Jun/2025 17:28:05] "GET /admin/entries/admin-check/ HTTP/1.1" 404 5392
[19/Jun/2025 17:28:05] "POST /track-view/ HTTP/1.1" 302 0
[19/Jun/2025 17:28:05] "POST /track-view/ HTTP/1.1" 302 0
[19/Jun/2025 17:28:05] "POST /track-view/ HTTP/1.1" 302 0
[19/Jun/2025 17:28:05] "GET /countries/ HTTP/1.1" 200 60114
[19/Jun/2025 17:28:05] "GET /countries/ HTTP/1.1" 200 60114
[19/Jun/2025 17:28:05] "GET /countries/ HTTP/1.1" 200 60114
[19/Jun/2025 17:28:05] "POST /track-view/ HTTP/1.1" 302 0
[19/Jun/2025 17:28:05] "GET /countries/ HTTP/1.1" 200 60114
[19/Jun/2025 17:28:05] "POST /track-view/ HTTP/1.1" 302 0
[19/Jun/2025 17:28:06] "GET /countries/ HTTP/1.1" 200 60114
[19/Jun/2025 17:28:06] "POST /track-view/ HTTP/1.1" 302 0
[19/Jun/2025 17:28:06] "GET /countries/ HTTP/1.1" 200 60114
[19/Jun/2025 17:28:13] "GET /germany/ HTTP/1.1" 200 90116
Not Found: /admin/entries/admin-check/
[19/Jun/2025 17:28:13] "GET /admin/entries/admin-check/ HTTP/1.1" 404 5392
